#
# There is insufficient memory for the Java Runtime Environment to continue.
# Native memory allocation (malloc) failed to allocate 32744 bytes for ChunkPool::allocate
# Possible reasons:
#   The system is out of physical RAM or swap space
#   The process is running with CompressedOops enabled, and the Java Heap may be blocking the growth of the native heap
# Possible solutions:
#   Reduce memory load on the system
#   Increase physical memory or swap space
#   Check if swap backing store is full
#   Decrease Java heap size (-Xmx/-Xms)
#   Decrease number of Java threads
#   Decrease Java thread stack sizes (-Xss)
#   Set larger code cache with -XX:ReservedCodeCacheSize=
#   JVM is running with Unscaled Compressed Oops mode in which the Java heap is
#     placed in the first 4GB address space. The Java Heap base address is the
#     maximum limit for the native heap growth. Please use -XX:HeapBaseMinAddress
#     to set the Java Heap base and to place the Java Heap above 4GB virtual address.
# This output file may be truncated or incomplete.
#
#  Out of Memory Error (arena.cpp:79), pid=8680, tid=7972
#
# JRE version: OpenJDK Runtime Environment Temurin-17.0.9+9 (17.0.9+9) (build 17.0.9+9)
# Java VM: OpenJDK 64-Bit Server VM Temurin-17.0.9+9 (17.0.9+9, mixed mode, emulated-client, tiered, compressed oops, compressed class ptrs, g1 gc, windows-amd64)
# No core dump will be written. Minidumps are not enabled by default on client versions of Windows
#

---------------  S U M M A R Y ------------

Command Line: -Dcom.sun.management.jmxremote -Dcom.sun.management.jmxremote.port=49312 -Dcom.sun.management.jmxremote.authenticate=false -Dcom.sun.management.jmxremote.ssl=false -Djava.rmi.server.hostname=localhost -Dspring.jmx.enabled=true -Dmanagement.endpoints.jmx.exposure.include=* -Dspring.application.admin.enabled=true -XX:TieredStopAtLevel=1 -Dspring.boot.project.name=blog-application-apis -Dfile.encoding=UTF-8 -Dstdout.encoding=UTF-8 -Dstderr.encoding=UTF-8 -XX:+ShowCodeDetailsInExceptionMessages com.Ayush.blog.BlogApplicationApisApplication --spring.output.ansi.enabled=always

Host: Intel(R) Core(TM) i5-8250U CPU @ 1.60GHz, 8 cores, 3G,  Windows 11 , 64 bit Build 22621 (10.0.22621.2506)
Time: Mon Feb 12 14:29:07 2024 India Standard Time elapsed time: 787.735911 seconds (0d 0h 13m 7s)

---------------  T H R E A D  ---------------

Current thread (0x000002b3af000170):  JavaThread "C1 CompilerThread0" daemon [_thread_in_native, id=7972, stack(0x000000f617400000,0x000000f617500000)]


Current CompileTask:
C1: 787736 3813       1       org.springframework.beans.factory.support.AbstractBeanDefinition::<init> (461 bytes)

Stack: [0x000000f617400000,0x000000f617500000]
Native frames: (J=compiled Java code, j=interpreted, Vv=VM code, C=native code)
V  [jvm.dll+0x67cf49]
V  [jvm.dll+0x83478a]
V  [jvm.dll+0x83624e]
V  [jvm.dll+0x8368b3]
V  [jvm.dll+0x247f1f]
V  [jvm.dll+0xac65c]
V  [jvm.dll+0xaca8c]
V  [jvm.dll+0xb808d]
V  [jvm.dll+0x17882b]
V  [jvm.dll+0x18013f]
V  [jvm.dll+0x178060]
V  [jvm.dll+0x177477]
V  [jvm.dll+0x180beb]
V  [jvm.dll+0x178688]
V  [jvm.dll+0x17bdaf]
V  [jvm.dll+0x136313]
V  [jvm.dll+0x135c1f]
V  [jvm.dll+0x135e56]
V  [jvm.dll+0x1352ea]
V  [jvm.dll+0x136fa1]
V  [jvm.dll+0x2297ae]
V  [jvm.dll+0x22797c]
V  [jvm.dll+0x7e9877]
V  [jvm.dll+0x7e3c3a]
V  [jvm.dll+0x67be35]
C  [ucrtbase.dll+0x29363]
C  [KERNEL32.DLL+0x1257d]
C  [ntdll.dll+0x5aa58]


---------------  P R O C E S S  ---------------

Threads class SMR info:
_java_thread_list=0x000002b3b00d1de0, length=19, elements={
0x000002b39f5d63b0, 0x000002b3aad626f0, 0x000002b3aad63f90, 0x000002b3aadbe010,
0x000002b3aadbee90, 0x000002b3aad85e60, 0x000002b3aadc0ac0, 0x000002b3af000170,
0x000002b3af0322f0, 0x000002b3af1364e0, 0x000002b3af1a6250, 0x000002b3af6e6c90,
0x000002b3af6e4c80, 0x000002b3af6f5430, 0x000002b3af6fa3b0, 0x000002b3af785580,
0x000002b3af786ed0, 0x000002b3af785a90, 0x000002b3af7864b0
}

Java Threads: ( => current thread )
  0x000002b39f5d63b0 JavaThread "main" [_thread_blocked, id=8992, stack(0x000000f616700000,0x000000f616800000)]
  0x000002b3aad626f0 JavaThread "Reference Handler" daemon [_thread_blocked, id=10904, stack(0x000000f616e00000,0x000000f616f00000)]
  0x000002b3aad63f90 JavaThread "Finalizer" daemon [_thread_blocked, id=12716, stack(0x000000f616f00000,0x000000f617000000)]
  0x000002b3aadbe010 JavaThread "Signal Dispatcher" daemon [_thread_blocked, id=21824, stack(0x000000f617000000,0x000000f617100000)]
  0x000002b3aadbee90 JavaThread "Attach Listener" daemon [_thread_blocked, id=23960, stack(0x000000f617100000,0x000000f617200000)]
  0x000002b3aad85e60 JavaThread "Service Thread" daemon [_thread_blocked, id=19560, stack(0x000000f617200000,0x000000f617300000)]
  0x000002b3aadc0ac0 JavaThread "Monitor Deflation Thread" daemon [_thread_blocked, id=15072, stack(0x000000f617300000,0x000000f617400000)]
=>0x000002b3af000170 JavaThread "C1 CompilerThread0" daemon [_thread_in_native, id=7972, stack(0x000000f617400000,0x000000f617500000)]
  0x000002b3af0322f0 JavaThread "Sweeper thread" daemon [_thread_blocked, id=2744, stack(0x000000f617500000,0x000000f617600000)]
  0x000002b3af1364e0 JavaThread "Common-Cleaner" daemon [_thread_blocked, id=17680, stack(0x000000f617600000,0x000000f617700000)]
  0x000002b3af1a6250 JavaThread "Notification Thread" daemon [_thread_blocked, id=12556, stack(0x000000f617700000,0x000000f617800000)]
  0x000002b3af6e6c90 JavaThread "RMI TCP Accept-0" daemon [_thread_in_native, id=22216, stack(0x000000f617800000,0x000000f617900000)]
  0x000002b3af6e4c80 JavaThread "RMI TCP Accept-49312" daemon [_thread_in_native, id=17584, stack(0x000000f617900000,0x000000f617a00000)]
  0x000002b3af6f5430 JavaThread "RMI TCP Accept-0" daemon [_thread_in_native, id=11564, stack(0x000000f617b00000,0x000000f617c00000)]
  0x000002b3af6fa3b0 JavaThread "RMI Scheduler(0)" daemon [_thread_blocked, id=16892, stack(0x000000f617d00000,0x000000f617e00000)]
  0x000002b3af785580 JavaThread "JMX server connection timeout 22" daemon [_thread_blocked, id=22948, stack(0x000000f617f00000,0x000000f618000000)]
  0x000002b3af786ed0 JavaThread "Thread-0" [_thread_blocked, id=23424, stack(0x000000f618000000,0x000000f618100000)]
  0x000002b3af785a90 JavaThread "restartedMain" [_thread_in_Java, id=4840, stack(0x000000f618800000,0x000000f618900000)]
  0x000002b3af7864b0 JavaThread "RMI TCP Connection(11)-127.0.0.1" daemon [_thread_in_native, id=2480, stack(0x000000f617a00000,0x000000f617b00000)]

Other Threads:
  0x000002b3aad5d6a0 VMThread "VM Thread" [stack: 0x000000f616d00000,0x000000f616e00000] [id=6320]
  0x000002b39f5d7230 WatcherThread [stack: 0x000000f617c00000,0x000000f617d00000] [id=3584]
  0x000002b39f613110 GCTaskThread "GC Thread#0" [stack: 0x000000f616800000,0x000000f616900000] [id=18344]
  0x000002b3af0c61f0 GCTaskThread "GC Thread#1" [stack: 0x000000f616500000,0x000000f616600000] [id=15604]
  0x000002b3af8eab00 GCTaskThread "GC Thread#2" [stack: 0x000000f616600000,0x000000f616700000] [id=22760]
  0x000002b3af653030 GCTaskThread "GC Thread#3" [stack: 0x000000f618300000,0x000000f618400000] [id=5592]
  0x000002b3af6f48d0 GCTaskThread "GC Thread#4" [stack: 0x000000f618400000,0x000000f618500000] [id=2920]
  0x000002b3af6f4b90 GCTaskThread "GC Thread#5" [stack: 0x000000f618500000,0x000000f618600000] [id=22444]
  0x000002b3afa59d40 GCTaskThread "GC Thread#6" [stack: 0x000000f618600000,0x000000f618700000] [id=18668]
  0x000002b3af6e4850 GCTaskThread "GC Thread#7" [stack: 0x000000f618100000,0x000000f618200000] [id=4436]
  0x000002b39f61bda0 ConcurrentGCThread "G1 Main Marker" [stack: 0x000000f616900000,0x000000f616a00000] [id=15044]
  0x000002b39f61d7d0 ConcurrentGCThread "G1 Conc#0" [stack: 0x000000f616a00000,0x000000f616b00000] [id=12324]
  0x000002b3afa837d0 ConcurrentGCThread "G1 Conc#1" [stack: 0x000000f618a00000,0x000000f618b00000] [id=1384]
  0x000002b39f67a4d0 ConcurrentGCThread "G1 Refine#0" [stack: 0x000000f616b00000,0x000000f616c00000] [id=19212]
  0x000002b3af675ef0 ConcurrentGCThread "G1 Refine#1" [stack: 0x000000f618700000,0x000000f618800000] [id=20812]
  0x000002b39f67af00 ConcurrentGCThread "G1 Service" [stack: 0x000000f616c00000,0x000000f616d00000] [id=18268]

Threads with active compile tasks:
C1 CompilerThread0   787827 3813       1       org.springframework.beans.factory.support.AbstractBeanDefinition::<init> (461 bytes)

VM state: not at safepoint (normal execution)

VM Mutex/Monitor currently owned by a thread: None

Heap address: 0x00000000c1600000, size: 1002 MB, Compressed Oops mode: 32-bit

CDS archive(s) not mapped
Compressed class space mapped at: 0x0000000100000000-0x0000000140000000, reserved size: 1073741824
Narrow klass base: 0x0000000000000000, Narrow klass shift: 3, Narrow klass range: 0x140000000

GC Precious Log:
 CPUs: 8 total, 8 available
 Memory: 4007M
 Large Page Support: Disabled
 NUMA Support: Disabled
 Compressed Oops: Enabled (32-bit)
 Heap Region Size: 1M
 Heap Min Capacity: 8M
 Heap Initial Capacity: 64M
 Heap Max Capacity: 1002M
 Pre-touch: Disabled
 Parallel Workers: 8
 Concurrent Workers: 2
 Concurrent Refinement Workers: 8
 Periodic GC: Disabled

Heap:
 garbage-first heap   total 61440K, used 19086K [0x00000000c1600000, 0x0000000100000000)
  region size 1024K, 6 young (6144K), 1 survivors (1024K)
 Metaspace       used 31568K, committed 31872K, reserved 1114112K
  class space    used 3898K, committed 4032K, reserved 1048576K

Heap Regions: E=young(eden), S=young(survivor), O=old, HS=humongous(starts), HC=humongous(continues), CS=collection set, F=free, OA=open archive, CA=closed archive, TAMS=top-at-mark-start (previous, next)
|   0|0x00000000c1600000, 0x00000000c1700000, 0x00000000c1700000|100%|HS|  |TAMS 0x00000000c1700000, 0x00000000c1600000| Complete 
|   1|0x00000000c1700000, 0x00000000c1800000, 0x00000000c1800000|100%| O|  |TAMS 0x00000000c1800000, 0x00000000c1700000| Untracked 
|   2|0x00000000c1800000, 0x00000000c1900000, 0x00000000c1900000|100%| O|  |TAMS 0x00000000c1900000, 0x00000000c1800000| Untracked 
|   3|0x00000000c1900000, 0x00000000c1a00000, 0x00000000c1a00000|100%| O|  |TAMS 0x00000000c1a00000, 0x00000000c1900000| Untracked 
|   4|0x00000000c1a00000, 0x00000000c1b00000, 0x00000000c1b00000|100%| O|  |TAMS 0x00000000c1b00000, 0x00000000c1a00000| Untracked 
|   5|0x00000000c1b00000, 0x00000000c1c00000, 0x00000000c1c00000|100%| O|  |TAMS 0x00000000c1c00000, 0x00000000c1b00000| Untracked 
|   6|0x00000000c1c00000, 0x00000000c1d00000, 0x00000000c1d00000|100%| O|  |TAMS 0x00000000c1d00000, 0x00000000c1c00000| Untracked 
|   7|0x00000000c1d00000, 0x00000000c1e00000, 0x00000000c1e00000|100%| O|  |TAMS 0x00000000c1e00000, 0x00000000c1d00000| Untracked 
|   8|0x00000000c1e00000, 0x00000000c1e28e00, 0x00000000c1f00000| 15%| O|  |TAMS 0x00000000c1e28e00, 0x00000000c1e00000| Untracked 
|   9|0x00000000c1f00000, 0x00000000c1f79c00, 0x00000000c2000000| 47%| O|  |TAMS 0x00000000c1f00000, 0x00000000c1f00000| Untracked 
|  10|0x00000000c2000000, 0x00000000c2100000, 0x00000000c2100000|100%| O|  |TAMS 0x00000000c2000000, 0x00000000c2000000| Untracked 
|  11|0x00000000c2100000, 0x00000000c2200000, 0x00000000c2200000|100%| O|  |TAMS 0x00000000c2100000, 0x00000000c2100000| Untracked 
|  12|0x00000000c2200000, 0x00000000c2300000, 0x00000000c2300000|100%| O|  |TAMS 0x00000000c2200000, 0x00000000c2200000| Untracked 
|  13|0x00000000c2300000, 0x00000000c2400000, 0x00000000c2400000|100%| O|  |TAMS 0x00000000c2300000, 0x00000000c2300000| Untracked 
|  14|0x00000000c2400000, 0x00000000c2500000, 0x00000000c2500000|100%| O|  |TAMS 0x00000000c2400000, 0x00000000c2400000| Untracked 
|  15|0x00000000c2500000, 0x00000000c259c600, 0x00000000c2600000| 61%| O|  |TAMS 0x00000000c2500000, 0x00000000c2500000| Untracked 
|  16|0x00000000c2600000, 0x00000000c2600000, 0x00000000c2700000|  0%| F|  |TAMS 0x00000000c2600000, 0x00000000c2600000| Untracked 
|  17|0x00000000c2700000, 0x00000000c2700000, 0x00000000c2800000|  0%| F|  |TAMS 0x00000000c2700000, 0x00000000c2700000| Untracked 
|  18|0x00000000c2800000, 0x00000000c2800000, 0x00000000c2900000|  0%| F|  |TAMS 0x00000000c2800000, 0x00000000c2800000| Untracked 
|  19|0x00000000c2900000, 0x00000000c2900000, 0x00000000c2a00000|  0%| F|  |TAMS 0x00000000c2900000, 0x00000000c2900000| Untracked 
|  20|0x00000000c2a00000, 0x00000000c2a00000, 0x00000000c2b00000|  0%| F|  |TAMS 0x00000000c2a00000, 0x00000000c2a00000| Untracked 
|  21|0x00000000c2b00000, 0x00000000c2b00000, 0x00000000c2c00000|  0%| F|  |TAMS 0x00000000c2b00000, 0x00000000c2b00000| Untracked 
|  22|0x00000000c2c00000, 0x00000000c2c00000, 0x00000000c2d00000|  0%| F|  |TAMS 0x00000000c2c00000, 0x00000000c2c00000| Untracked 
|  23|0x00000000c2d00000, 0x00000000c2d00000, 0x00000000c2e00000|  0%| F|  |TAMS 0x00000000c2d00000, 0x00000000c2d00000| Untracked 
|  24|0x00000000c2e00000, 0x00000000c2e00000, 0x00000000c2f00000|  0%| F|  |TAMS 0x00000000c2e00000, 0x00000000c2e00000| Untracked 
|  25|0x00000000c2f00000, 0x00000000c2f00000, 0x00000000c3000000|  0%| F|  |TAMS 0x00000000c2f00000, 0x00000000c2f00000| Untracked 
|  26|0x00000000c3000000, 0x00000000c3000000, 0x00000000c3100000|  0%| F|  |TAMS 0x00000000c3000000, 0x00000000c3000000| Untracked 
|  27|0x00000000c3100000, 0x00000000c3100000, 0x00000000c3200000|  0%| F|  |TAMS 0x00000000c3100000, 0x00000000c3100000| Untracked 
|  28|0x00000000c3200000, 0x00000000c3200000, 0x00000000c3300000|  0%| F|  |TAMS 0x00000000c3200000, 0x00000000c3200000| Untracked 
|  29|0x00000000c3300000, 0x00000000c3300000, 0x00000000c3400000|  0%| F|  |TAMS 0x00000000c3300000, 0x00000000c3300000| Untracked 
|  30|0x00000000c3400000, 0x00000000c3400000, 0x00000000c3500000|  0%| F|  |TAMS 0x00000000c3400000, 0x00000000c3400000| Untracked 
|  31|0x00000000c3500000, 0x00000000c3500000, 0x00000000c3600000|  0%| F|  |TAMS 0x00000000c3500000, 0x00000000c3500000| Untracked 
|  32|0x00000000c3600000, 0x00000000c3600000, 0x00000000c3700000|  0%| F|  |TAMS 0x00000000c3600000, 0x00000000c3600000| Untracked 
|  33|0x00000000c3700000, 0x00000000c3700000, 0x00000000c3800000|  0%| F|  |TAMS 0x00000000c3700000, 0x00000000c3700000| Untracked 
|  34|0x00000000c3800000, 0x00000000c3800000, 0x00000000c3900000|  0%| F|  |TAMS 0x00000000c3800000, 0x00000000c3800000| Untracked 
|  35|0x00000000c3900000, 0x00000000c3900000, 0x00000000c3a00000|  0%| F|  |TAMS 0x00000000c3900000, 0x00000000c3900000| Untracked 
|  36|0x00000000c3a00000, 0x00000000c3a00000, 0x00000000c3b00000|  0%| F|  |TAMS 0x00000000c3a00000, 0x00000000c3a00000| Untracked 
|  37|0x00000000c3b00000, 0x00000000c3b00000, 0x00000000c3c00000|  0%| F|  |TAMS 0x00000000c3b00000, 0x00000000c3b00000| Untracked 
|  38|0x00000000c3c00000, 0x00000000c3c00000, 0x00000000c3d00000|  0%| F|  |TAMS 0x00000000c3c00000, 0x00000000c3c00000| Untracked 
|  39|0x00000000c3d00000, 0x00000000c3d00000, 0x00000000c3e00000|  0%| F|  |TAMS 0x00000000c3d00000, 0x00000000c3d00000| Untracked 
|  40|0x00000000c3e00000, 0x00000000c3e00000, 0x00000000c3f00000|  0%| F|  |TAMS 0x00000000c3e00000, 0x00000000c3e00000| Untracked 
|  41|0x00000000c3f00000, 0x00000000c3f00000, 0x00000000c4000000|  0%| F|  |TAMS 0x00000000c3f00000, 0x00000000c3f00000| Untracked 
|  42|0x00000000c4000000, 0x00000000c4000000, 0x00000000c4100000|  0%| F|  |TAMS 0x00000000c4000000, 0x00000000c4000000| Untracked 
|  43|0x00000000c4100000, 0x00000000c4100000, 0x00000000c4200000|  0%| F|  |TAMS 0x00000000c4100000, 0x00000000c4100000| Untracked 
|  44|0x00000000c4200000, 0x00000000c4200000, 0x00000000c4300000|  0%| F|  |TAMS 0x00000000c4200000, 0x00000000c4200000| Untracked 
|  45|0x00000000c4300000, 0x00000000c4300000, 0x00000000c4400000|  0%| F|  |TAMS 0x00000000c4300000, 0x00000000c4300000| Untracked 
|  46|0x00000000c4400000, 0x00000000c4400000, 0x00000000c4500000|  0%| F|  |TAMS 0x00000000c4400000, 0x00000000c4400000| Untracked 
|  47|0x00000000c4500000, 0x00000000c4500000, 0x00000000c4600000|  0%| F|  |TAMS 0x00000000c4500000, 0x00000000c4500000| Untracked 
|  48|0x00000000c4600000, 0x00000000c4600000, 0x00000000c4700000|  0%| F|  |TAMS 0x00000000c4600000, 0x00000000c4600000| Untracked 
|  49|0x00000000c4700000, 0x00000000c4700000, 0x00000000c4800000|  0%| F|  |TAMS 0x00000000c4700000, 0x00000000c4700000| Untracked 
|  50|0x00000000c4800000, 0x00000000c4800000, 0x00000000c4900000|  0%| F|  |TAMS 0x00000000c4800000, 0x00000000c4800000| Untracked 
|  51|0x00000000c4900000, 0x00000000c4900000, 0x00000000c4a00000|  0%| F|  |TAMS 0x00000000c4900000, 0x00000000c4900000| Untracked 
|  52|0x00000000c4a00000, 0x00000000c4a00000, 0x00000000c4b00000|  0%| F|  |TAMS 0x00000000c4a00000, 0x00000000c4a00000| Untracked 
|  53|0x00000000c4b00000, 0x00000000c4b00000, 0x00000000c4c00000|  0%| F|  |TAMS 0x00000000c4b00000, 0x00000000c4b00000| Untracked 
|  54|0x00000000c4c00000, 0x00000000c4c64b00, 0x00000000c4d00000| 39%| S|CS|TAMS 0x00000000c4c00000, 0x00000000c4c00000| Complete 
|  55|0x00000000c4d00000, 0x00000000c4d1f228, 0x00000000c4e00000| 12%| E|  |TAMS 0x00000000c4d00000, 0x00000000c4d00000| Complete 
|  56|0x00000000c4e00000, 0x00000000c4f00000, 0x00000000c4f00000|100%| E|CS|TAMS 0x00000000c4e00000, 0x00000000c4e00000| Complete 
|  59|0x00000000c5100000, 0x00000000c5200000, 0x00000000c5200000|100%| E|CS|TAMS 0x00000000c5100000, 0x00000000c5100000| Complete 
|  62|0x00000000c5400000, 0x00000000c5500000, 0x00000000c5500000|100%| E|CS|TAMS 0x00000000c5400000, 0x00000000c5400000| Complete 
|  63|0x00000000c5500000, 0x00000000c5600000, 0x00000000c5600000|100%| E|CS|TAMS 0x00000000c5500000, 0x00000000c5500000| Complete 

Card table byte_map: [0x000002b3a5fa0000,0x000002b3a61a0000] _byte_map_base: 0x000002b3a5995000

Marking Bits (Prev, Next): (CMBitMap*) 0x000002b39f613730, (CMBitMap*) 0x000002b39f613770
 Prev Bits: [0x000002b3a63a0000, 0x000002b3a7348000)
 Next Bits: [0x000002b3a7350000, 0x000002b3a82f8000)

Polling page: 0x000002b39ed80000

Metaspace:

Usage:
  Non-class:     27.02 MB used.
      Class:      3.81 MB used.
       Both:     30.83 MB used.

Virtual space:
  Non-class space:       64.00 MB reserved,      27.19 MB ( 42%) committed,  1 nodes.
      Class space:        1.00 GB reserved,       3.94 MB ( <1%) committed,  1 nodes.
             Both:        1.06 GB reserved,      31.12 MB (  3%) committed. 

Chunk freelists:
   Non-Class:  3.91 MB
       Class:  11.91 MB
        Both:  15.81 MB

MaxMetaspaceSize: unlimited
CompressedClassSpaceSize: 1.00 GB
Initial GC threshold: 21.00 MB
Current GC threshold: 37.62 MB
CDS: off
MetaspaceReclaimPolicy: balanced
 - commit_granule_bytes: 65536.
 - commit_granule_words: 8192.
 - virtual_space_node_default_size: 8388608.
 - enlarge_chunks_in_place: 1.
 - new_chunks_are_fully_committed: 0.
 - uncommit_free_chunks: 1.
 - use_allocation_guard: 0.
 - handle_deallocations: 1.


Internal statistics:

num_allocs_failed_limit: 8.
num_arena_births: 392.
num_arena_deaths: 118.
num_vsnodes_births: 2.
num_vsnodes_deaths: 0.
num_space_committed: 498.
num_space_uncommitted: 0.
num_chunks_returned_to_freelist: 157.
num_chunks_taken_from_freelist: 1268.
num_chunk_merges: 60.
num_chunk_splits: 781.
num_chunks_enlarged: 539.
num_inconsistent_stats: 0.

CodeCache: size=49152Kb used=6865Kb max_used=6865Kb free=42286Kb
 bounds [0x000002b3a2c90000, 0x000002b3a3350000, 0x000002b3a5c90000]
 total_blobs=4107 nmethods=3602 adapters=432
 compilation: enabled
              stopped_count=0, restarted_count=0
 full_count=0

Compilation events (20 events):
Event: 784.571 Thread 0x000002b3af000170 nmethod 3803 0x000002b3a333ff90 code [0x000002b3a3340120, 0x000002b3a3340238]
Event: 784.571 Thread 0x000002b3af000170 3804       1       org.springframework.beans.factory.support.DefaultListableBeanFactory$$Lambda$308/0x000000010028c318::test (12 bytes)
Event: 784.572 Thread 0x000002b3af000170 nmethod 3804 0x000002b3a3340290 code [0x000002b3a3340420, 0x000002b3a3340568]
Event: 784.572 Thread 0x000002b3af000170 3805       1       org.springframework.beans.factory.support.DefaultListableBeanFactory::lambda$removeManualSingletonName$8 (8 bytes)
Event: 784.572 Thread 0x000002b3af000170 nmethod 3805 0x000002b3a3340610 code [0x000002b3a33407a0, 0x000002b3a3340868]
Event: 785.603 Thread 0x000002b3af000170 3806       1       java.lang.reflect.AccessibleObject::getAnnotations (5 bytes)
Event: 785.604 Thread 0x000002b3af000170 nmethod 3806 0x000002b3a3340910 code [0x000002b3a3340aa0, 0x000002b3a3340b88]
Event: 785.982 Thread 0x000002b3af000170 3807       1       org.springframework.core.annotation.AnnotationsScanner::processClass (93 bytes)
Event: 786.022 Thread 0x000002b3af000170 nmethod 3807 0x000002b3a3340c10 code [0x000002b3a3340e00, 0x000002b3a3341208]
Event: 787.280 Thread 0x000002b3af000170 3808       1       org.springframework.core.type.StandardClassMetadata::getIntrospectedClass (5 bytes)
Event: 787.281 Thread 0x000002b3af000170 nmethod 3808 0x000002b3a3341410 code [0x000002b3a33415a0, 0x000002b3a3341678]
Event: 787.574 Thread 0x000002b3af000170 3809   !   1       jdk.proxy2.$Proxy34::annotationType (29 bytes)
Event: 787.574 Thread 0x000002b3af000170 nmethod 3809 0x000002b3a3341710 code [0x000002b3a33418c0, 0x000002b3a3341ad8]
Event: 787.581 Thread 0x000002b3af000170 3811   !   1       org.springframework.context.annotation.ConfigurationClassUtils::checkConfigurationClassCandidate (315 bytes)
Event: 787.625 Thread 0x000002b3af000170 nmethod 3811 0x000002b3a3341c10 code [0x000002b3a3342000, 0x000002b3a33432c8]
Event: 787.626 Thread 0x000002b3af000170 3810       1       java.lang.Boolean::equals (29 bytes)
Event: 787.626 Thread 0x000002b3af000170 nmethod 3810 0x000002b3a3343d90 code [0x000002b3a3343f20, 0x000002b3a33440b8]
Event: 787.626 Thread 0x000002b3af000170 3812       1       sun.reflect.generics.reflectiveObjects.TypeVariableImpl::hashCode (16 bytes)
Event: 787.626 Thread 0x000002b3af000170 nmethod 3812 0x000002b3a3344190 code [0x000002b3a3344340, 0x000002b3a3344478]
Event: 787.626 Thread 0x000002b3af000170 3813       1       org.springframework.beans.factory.support.AbstractBeanDefinition::<init> (461 bytes)

GC Heap History (20 events):
Event: 517.178 GC heap before
{Heap before GC invocations=17 (full 0):
 garbage-first heap   total 61440K, used 11341K [0x00000000c1600000, 0x0000000100000000)
  region size 1024K, 3 young (3072K), 1 survivors (1024K)
 Metaspace       used 25395K, committed 25600K, reserved 1114112K
  class space    used 2988K, committed 3072K, reserved 1048576K
}
Event: 517.184 GC heap after
{Heap after GC invocations=18 (full 0):
 garbage-first heap   total 61440K, used 10402K [0x00000000c1600000, 0x0000000100000000)
  region size 1024K, 1 young (1024K), 1 survivors (1024K)
 Metaspace       used 25395K, committed 25600K, reserved 1114112K
  class space    used 2988K, committed 3072K, reserved 1048576K
}
Event: 530.929 GC heap before
{Heap before GC invocations=18 (full 0):
 garbage-first heap   total 61440K, used 13474K [0x00000000c1600000, 0x0000000100000000)
  region size 1024K, 4 young (4096K), 1 survivors (1024K)
 Metaspace       used 26069K, committed 26304K, reserved 1114112K
  class space    used 3075K, committed 3200K, reserved 1048576K
}
Event: 531.424 GC heap after
{Heap after GC invocations=19 (full 0):
 garbage-first heap   total 61440K, used 10810K [0x00000000c1600000, 0x0000000100000000)
  region size 1024K, 1 young (1024K), 1 survivors (1024K)
 Metaspace       used 26069K, committed 26304K, reserved 1114112K
  class space    used 3075K, committed 3200K, reserved 1048576K
}
Event: 533.826 GC heap before
{Heap before GC invocations=19 (full 0):
 garbage-first heap   total 61440K, used 12858K [0x00000000c1600000, 0x0000000100000000)
  region size 1024K, 4 young (4096K), 1 survivors (1024K)
 Metaspace       used 26729K, committed 27008K, reserved 1114112K
  class space    used 3167K, committed 3328K, reserved 1048576K
}
Event: 533.831 GC heap after
{Heap after GC invocations=20 (full 0):
 garbage-first heap   total 61440K, used 11178K [0x00000000c1600000, 0x0000000100000000)
  region size 1024K, 1 young (1024K), 1 survivors (1024K)
 Metaspace       used 26729K, committed 27008K, reserved 1114112K
  class space    used 3167K, committed 3328K, reserved 1048576K
}
Event: 553.108 GC heap before
{Heap before GC invocations=20 (full 0):
 garbage-first heap   total 61440K, used 16298K [0x00000000c1600000, 0x0000000100000000)
  region size 1024K, 6 young (6144K), 1 survivors (1024K)
 Metaspace       used 27301K, committed 27584K, reserved 1114112K
  class space    used 3253K, committed 3392K, reserved 1048576K
}
Event: 553.144 GC heap after
{Heap after GC invocations=21 (full 0):
 garbage-first heap   total 61440K, used 11898K [0x00000000c1600000, 0x0000000100000000)
  region size 1024K, 1 young (1024K), 1 survivors (1024K)
 Metaspace       used 27301K, committed 27584K, reserved 1114112K
  class space    used 3253K, committed 3392K, reserved 1048576K
}
Event: 571.831 GC heap before
{Heap before GC invocations=21 (full 0):
 garbage-first heap   total 61440K, used 19066K [0x00000000c1600000, 0x0000000100000000)
  region size 1024K, 8 young (8192K), 1 survivors (1024K)
 Metaspace       used 28113K, committed 28352K, reserved 1114112K
  class space    used 3348K, committed 3456K, reserved 1048576K
}
Event: 571.893 GC heap after
{Heap after GC invocations=22 (full 0):
 garbage-first heap   total 61440K, used 12919K [0x00000000c1600000, 0x0000000100000000)
  region size 1024K, 1 young (1024K), 1 survivors (1024K)
 Metaspace       used 28113K, committed 28352K, reserved 1114112K
  class space    used 3348K, committed 3456K, reserved 1048576K
}
Event: 597.069 GC heap before
{Heap before GC invocations=22 (full 0):
 garbage-first heap   total 61440K, used 21111K [0x00000000c1600000, 0x0000000100000000)
  region size 1024K, 9 young (9216K), 1 survivors (1024K)
 Metaspace       used 28582K, committed 28864K, reserved 1114112K
  class space    used 3421K, committed 3584K, reserved 1048576K
}
Event: 597.095 GC heap after
{Heap after GC invocations=23 (full 0):
 garbage-first heap   total 61440K, used 13435K [0x00000000c1600000, 0x0000000100000000)
  region size 1024K, 2 young (2048K), 2 survivors (2048K)
 Metaspace       used 28582K, committed 28864K, reserved 1114112K
  class space    used 3421K, committed 3584K, reserved 1048576K
}
Event: 668.208 GC heap before
{Heap before GC invocations=23 (full 0):
 garbage-first heap   total 61440K, used 23675K [0x00000000c1600000, 0x0000000100000000)
  region size 1024K, 12 young (12288K), 2 survivors (2048K)
 Metaspace       used 28915K, committed 29120K, reserved 1114112K
  class space    used 3481K, committed 3584K, reserved 1048576K
}
Event: 668.293 GC heap after
{Heap after GC invocations=24 (full 0):
 garbage-first heap   total 61440K, used 14028K [0x00000000c1600000, 0x0000000100000000)
  region size 1024K, 2 young (2048K), 2 survivors (2048K)
 Metaspace       used 28915K, committed 29120K, reserved 1114112K
  class space    used 3481K, committed 3584K, reserved 1048576K
}
Event: 743.878 GC heap before
{Heap before GC invocations=24 (full 0):
 garbage-first heap   total 61440K, used 27340K [0x00000000c1600000, 0x0000000100000000)
  region size 1024K, 16 young (16384K), 2 survivors (2048K)
 Metaspace       used 30678K, committed 30976K, reserved 1114112K
  class space    used 3734K, committed 3840K, reserved 1048576K
}
Event: 744.444 GC heap after
{Heap after GC invocations=25 (full 0):
 garbage-first heap   total 61440K, used 14613K [0x00000000c1600000, 0x0000000100000000)
  region size 1024K, 2 young (2048K), 2 survivors (2048K)
 Metaspace       used 30678K, committed 30976K, reserved 1114112K
  class space    used 3734K, committed 3840K, reserved 1048576K
}
Event: 751.536 GC heap before
{Heap before GC invocations=25 (full 0):
 garbage-first heap   total 61440K, used 15637K [0x00000000c1600000, 0x0000000100000000)
  region size 1024K, 3 young (3072K), 2 survivors (2048K)
 Metaspace       used 30826K, committed 31168K, reserved 1114112K
  class space    used 3754K, committed 3904K, reserved 1048576K
}
Event: 751.579 GC heap after
{Heap after GC invocations=26 (full 0):
 garbage-first heap   total 61440K, used 14827K [0x00000000c1600000, 0x0000000100000000)
  region size 1024K, 1 young (1024K), 1 survivors (1024K)
 Metaspace       used 30826K, committed 31168K, reserved 1114112K
  class space    used 3754K, committed 3904K, reserved 1048576K
}
Event: 776.371 GC heap before
{Heap before GC invocations=26 (full 0):
 garbage-first heap   total 61440K, used 18923K [0x00000000c1600000, 0x0000000100000000)
  region size 1024K, 5 young (5120K), 1 survivors (1024K)
 Metaspace       used 31215K, committed 31552K, reserved 1114112K
  class space    used 3833K, committed 3968K, reserved 1048576K
}
Event: 776.471 GC heap after
{Heap after GC invocations=27 (full 0):
 garbage-first heap   total 61440K, used 14990K [0x00000000c1600000, 0x0000000100000000)
  region size 1024K, 1 young (1024K), 1 survivors (1024K)
 Metaspace       used 31215K, committed 31552K, reserved 1114112K
  class space    used 3833K, committed 3968K, reserved 1048576K
}

Dll operation events (8 events):
Event: 0.025 Loaded shared library C:\Users\HP\Downloads\sts-4.21.0.RELEASE\plugins\org.eclipse.justj.openjdk.hotspot.jre.full.win32.x86_64_17.0.9.v20231028-0858\jre\bin\java.dll
Event: 3.436 Loaded shared library C:\Users\HP\Downloads\sts-4.21.0.RELEASE\plugins\org.eclipse.justj.openjdk.hotspot.jre.full.win32.x86_64_17.0.9.v20231028-0858\jre\bin\jimage.dll
Event: 4.120 Loaded shared library C:\Users\HP\Downloads\sts-4.21.0.RELEASE\plugins\org.eclipse.justj.openjdk.hotspot.jre.full.win32.x86_64_17.0.9.v20231028-0858\jre\bin\net.dll
Event: 4.124 Loaded shared library C:\Users\HP\Downloads\sts-4.21.0.RELEASE\plugins\org.eclipse.justj.openjdk.hotspot.jre.full.win32.x86_64_17.0.9.v20231028-0858\jre\bin\nio.dll
Event: 4.138 Loaded shared library C:\Users\HP\Downloads\sts-4.21.0.RELEASE\plugins\org.eclipse.justj.openjdk.hotspot.jre.full.win32.x86_64_17.0.9.v20231028-0858\jre\bin\zip.dll
Event: 7.212 Loaded shared library C:\Users\HP\Downloads\sts-4.21.0.RELEASE\plugins\org.eclipse.justj.openjdk.hotspot.jre.full.win32.x86_64_17.0.9.v20231028-0858\jre\bin\management.dll
Event: 8.936 Loaded shared library C:\Users\HP\Downloads\sts-4.21.0.RELEASE\plugins\org.eclipse.justj.openjdk.hotspot.jre.full.win32.x86_64_17.0.9.v20231028-0858\jre\bin\management_ext.dll
Event: 534.286 Loaded shared library C:\Users\HP\Downloads\sts-4.21.0.RELEASE\plugins\org.eclipse.justj.openjdk.hotspot.jre.full.win32.x86_64_17.0.9.v20231028-0858\jre\bin\sunmscapi.dll

Deoptimization events (4 events):
Event: 461.093 Thread 0x000002b3af785a90 DEOPT PACKING pc=0x000002b3a3149299 sp=0x000000f6188fca10
Event: 461.094 Thread 0x000002b3af785a90 DEOPT UNPACKING pc=0x000002b3a2ce7143 sp=0x000000f6188fbef0 mode 3
Event: 534.708 Thread 0x000002b3af785a90 DEOPT PACKING pc=0x000002b3a3193955 sp=0x000000f6188fd020
Event: 534.716 Thread 0x000002b3af785a90 DEOPT UNPACKING pc=0x000002b3a2ce7143 sp=0x000000f6188fc4c8 mode 3

Classes unloaded (20 events):
Event: 472.182 Thread 0x000002b3aad5d6a0 Unloading class 0x0000000100231800 'java/lang/invoke/LambdaForm$MH+0x0000000100231800'
Event: 472.182 Thread 0x000002b3aad5d6a0 Unloading class 0x0000000100231400 'java/lang/invoke/LambdaForm$MH+0x0000000100231400'
Event: 472.182 Thread 0x000002b3aad5d6a0 Unloading class 0x0000000100231000 'java/lang/invoke/LambdaForm$MH+0x0000000100231000'
Event: 472.182 Thread 0x000002b3aad5d6a0 Unloading class 0x0000000100230c00 'java/lang/invoke/LambdaForm$MH+0x0000000100230c00'
Event: 472.182 Thread 0x000002b3aad5d6a0 Unloading class 0x0000000100230800 'java/lang/invoke/LambdaForm$MH+0x0000000100230800'
Event: 472.182 Thread 0x000002b3aad5d6a0 Unloading class 0x0000000100230400 'java/lang/invoke/LambdaForm$MH+0x0000000100230400'
Event: 472.182 Thread 0x000002b3aad5d6a0 Unloading class 0x0000000100188400 'jdk/internal/reflect/GeneratedMethodAccessor3'
Event: 472.182 Thread 0x000002b3aad5d6a0 Unloading class 0x000000010015ec00 'jdk/internal/reflect/GeneratedMethodAccessor1'
Event: 472.182 Thread 0x000002b3aad5d6a0 Unloading class 0x0000000100150400 'jdk/internal/reflect/GeneratedSerializationConstructorAccessor17'
Event: 472.183 Thread 0x000002b3aad5d6a0 Unloading class 0x0000000100150000 'jdk/internal/reflect/GeneratedSerializationConstructorAccessor16'
Event: 472.183 Thread 0x000002b3aad5d6a0 Unloading class 0x000000010014dc00 'jdk/internal/reflect/GeneratedSerializationConstructorAccessor15'
Event: 472.183 Thread 0x000002b3aad5d6a0 Unloading class 0x000000010014d800 'jdk/internal/reflect/GeneratedSerializationConstructorAccessor14'
Event: 472.183 Thread 0x000002b3aad5d6a0 Unloading class 0x000000010014d400 'jdk/internal/reflect/GeneratedSerializationConstructorAccessor13'
Event: 472.183 Thread 0x000002b3aad5d6a0 Unloading class 0x000000010014d000 'jdk/internal/reflect/GeneratedSerializationConstructorAccessor12'
Event: 472.183 Thread 0x000002b3aad5d6a0 Unloading class 0x000000010014cc00 'jdk/internal/reflect/GeneratedSerializationConstructorAccessor11'
Event: 472.183 Thread 0x000002b3aad5d6a0 Unloading class 0x000000010014c800 'jdk/internal/reflect/GeneratedSerializationConstructorAccessor10'
Event: 472.183 Thread 0x000002b3aad5d6a0 Unloading class 0x000000010014c400 'jdk/internal/reflect/GeneratedSerializationConstructorAccessor9'
Event: 472.183 Thread 0x000002b3aad5d6a0 Unloading class 0x00000001000c2400 'java/lang/invoke/LambdaForm$MH+0x00000001000c2400'
Event: 472.183 Thread 0x000002b3aad5d6a0 Unloading class 0x00000001000c1c00 'java/lang/invoke/LambdaForm$MH+0x00000001000c1c00'
Event: 472.183 Thread 0x000002b3aad5d6a0 Unloading class 0x00000001000c1400 'java/lang/invoke/LambdaForm$MH+0x00000001000c1400'

Classes redefined (0 events):
No events

Internal exceptions (20 events):
Event: 323.294 Thread 0x000002b3af785a90 Exception <a 'java/lang/NoSuchMethodError'{0x00000000c54beb60}: 'void java.lang.invoke.DirectMethodHandle$Holder.invokeSpecial(java.lang.Object, java.lang.Object, java.lang.Object, java.lang.Object, java.lang.Object)'> (0x00000000c54beb60) 
thrown [s\src\hotspot\share\interpreter\linkResolver.cpp, line 759]
Event: 323.303 Thread 0x000002b3af785a90 Exception <a 'java/lang/NoSuchMethodError'{0x00000000c54c7188}: 'void java.lang.invoke.DirectMethodHandle$Holder.invokeVirtual(java.lang.Object, java.lang.Object, java.lang.Object, java.lang.Object)'> (0x00000000c54c7188) 
thrown [s\src\hotspot\share\interpreter\linkResolver.cpp, line 759]
Event: 337.646 Thread 0x000002b3af785a90 Exception <a 'java/lang/NoSuchMethodError'{0x00000000c546ce58}: 'void java.lang.invoke.DirectMethodHandle$Holder.invokeSpecial(java.lang.Object, java.lang.Object, java.lang.Object)'> (0x00000000c546ce58) 
thrown [s\src\hotspot\share\interpreter\linkResolver.cpp, line 759]
Event: 341.836 Thread 0x000002b3af7878f0 Exception <a 'java/lang/NoClassDefFoundError'{0x00000000c54ea6f0}: jakarta/validation/Validation> (0x00000000c54ea6f0) 
thrown [s\src\hotspot\share\classfile\systemDictionary.cpp, line 245]
Event: 342.342 Thread 0x000002b3af785a90 Exception <a 'java/lang/IncompatibleClassChangeError'{0x00000000c54f6e70}: Found class java.lang.Object, but interface was expected> (0x00000000c54f6e70) 
thrown [s\src\hotspot\share\interpreter\linkResolver.cpp, line 826]
Event: 497.482 Thread 0x000002b3af7864b0 Exception <a 'java/lang/NoSuchMethodError'{0x00000000c540d070}: static [Ljava/lang/StackTraceElement;.<clinit>()V> (0x00000000c540d070) 
thrown [s\src\hotspot\share\prims\jni.cpp, line 1107]
Event: 518.000 Thread 0x000002b3af7878f0 Exception <a 'java/lang/NoSuchMethodError'{0x00000000c55ad5c0}: 'long java.lang.invoke.DirectMethodHandle$Holder.invokeSpecial(java.lang.Object, java.lang.Object)'> (0x00000000c55ad5c0) 
thrown [s\src\hotspot\share\interpreter\linkResolver.cpp, line 759]
Event: 518.010 Thread 0x000002b3af7878f0 Exception <a 'java/lang/NoSuchMethodError'{0x00000000c55b8800}: 'long java.lang.invoke.DirectMethodHandle$Holder.invokeStatic(java.lang.Object, java.lang.Object)'> (0x00000000c55b8800) 
thrown [s\src\hotspot\share\interpreter\linkResolver.cpp, line 759]
Event: 518.011 Thread 0x000002b3af7878f0 Exception <a 'java/lang/NoSuchMethodError'{0x00000000c55bbe00}: 'long java.lang.invoke.DirectMethodHandle$Holder.invokeStaticInit(java.lang.Object, java.lang.Object)'> (0x00000000c55bbe00) 
thrown [s\src\hotspot\share\interpreter\linkResolver.cpp, line 759]
Event: 518.037 Thread 0x000002b3af7878f0 Exception <a 'java/lang/NoSuchMethodError'{0x00000000c55c99d8}: 'long java.lang.invoke.DirectMethodHandle$Holder.invokeInterface(java.lang.Object, java.lang.Object)'> (0x00000000c55c99d8) 
thrown [s\src\hotspot\share\interpreter\linkResolver.cpp, line 759]
Event: 518.053 Thread 0x000002b3af7878f0 Exception <a 'java/lang/IncompatibleClassChangeError'{0x00000000c55ccf68}: Found class java.lang.Object, but interface was expected> (0x00000000c55ccf68) 
thrown [s\src\hotspot\share\interpreter\linkResolver.cpp, line 826]
Event: 519.386 Thread 0x000002b3af7878f0 Exception <a 'java/lang/NoSuchMethodError'{0x00000000c547ce08}: 'java.lang.Object java.lang.invoke.DirectMethodHandle$Holder.invokeVirtual(java.lang.Object, java.lang.Object, java.lang.Object, java.lang.Object)'> (0x00000000c547ce08) 
thrown [s\src\hotspot\share\interpreter\linkResolver.cpp, line 759]
Event: 533.423 Thread 0x000002b3af785a90 Exception <a 'sun/nio/fs/WindowsException'{0x00000000c54b7100}> (0x00000000c54b7100) 
thrown [s\src\hotspot\share\prims\jni.cpp, line 516]
Event: 533.451 Thread 0x000002b3af785a90 Exception <a 'java/lang/NoSuchMethodError'{0x00000000c54b8d60}: 'int java.lang.invoke.DirectMethodHandle$Holder.invokeSpecial(java.lang.Object, java.lang.Object, java.lang.Object, java.lang.Object, java.lang.Object)'> (0x00000000c54b8d60) 
thrown [s\src\hotspot\share\interpreter\linkResolver.cpp, line 759]
Event: 533.468 Thread 0x000002b3af785a90 Exception <a 'java/lang/NoSuchMethodError'{0x00000000c5111f48}: 'void java.lang.invoke.DirectMethodHandle$Holder.invokeVirtual(java.lang.Object, java.lang.Object)'> (0x00000000c5111f48) 
thrown [s\src\hotspot\share\interpreter\linkResolver.cpp, line 759]
Event: 564.719 Thread 0x000002b3af785a90 Exception <a 'java/lang/IncompatibleClassChangeError'{0x00000000c4c9e2c8}: Found class java.lang.Object, but interface was expected> (0x00000000c4c9e2c8) 
thrown [s\src\hotspot\share\interpreter\linkResolver.cpp, line 826]
Event: 627.351 Thread 0x000002b3af7864b0 Exception <a 'java/lang/NoSuchMethodError'{0x00000000c4ef7748}: static [B.<clinit>()V> (0x00000000c4ef7748) 
thrown [s\src\hotspot\share\prims\jni.cpp, line 1107]
Event: 743.444 Thread 0x000002b3af785a90 Exception <a 'sun/nio/fs/WindowsException'{0x00000000c42e7d38}> (0x00000000c42e7d38) 
thrown [s\src\hotspot\share\prims\jni.cpp, line 516]
Event: 758.718 Thread 0x000002b3af785a90 Exception <a 'sun/nio/fs/WindowsException'{0x00000000c55c6378}> (0x00000000c55c6378) 
thrown [s\src\hotspot\share\prims\jni.cpp, line 516]
Event: 760.674 Thread 0x000002b3af785a90 Exception <a 'java/lang/NoSuchMethodError'{0x00000000c5100548}: 'java.lang.Object java.lang.invoke.DirectMethodHandle$Holder.invokeSpecialIFC(java.lang.Object, java.lang.Object, java.lang.Object)'> (0x00000000c5100548) 
thrown [s\src\hotspot\share\interpreter\linkResolver.cpp, line 759]

VM Operations (20 events):
Event: 771.433 Executing VM operation: Cleanup
Event: 771.442 Executing VM operation: Cleanup done
Event: 772.442 Executing VM operation: Cleanup
Event: 772.535 Executing VM operation: Cleanup done
Event: 773.546 Executing VM operation: Cleanup
Event: 773.707 Executing VM operation: Cleanup done
Event: 776.367 Executing VM operation: G1CollectForAllocation
Event: 776.472 Executing VM operation: G1CollectForAllocation done
Event: 777.488 Executing VM operation: Cleanup
Event: 777.597 Executing VM operation: Cleanup done
Event: 780.610 Executing VM operation: Cleanup
Event: 780.652 Executing VM operation: Cleanup done
Event: 782.662 Executing VM operation: Cleanup
Event: 782.850 Executing VM operation: Cleanup done
Event: 783.850 Executing VM operation: Cleanup
Event: 783.850 Executing VM operation: Cleanup done
Event: 784.852 Executing VM operation: Cleanup
Event: 784.857 Executing VM operation: Cleanup done
Event: 785.858 Executing VM operation: Cleanup
Event: 785.871 Executing VM operation: Cleanup done

Events (20 events):
Event: 740.567 loading class java/util/Collections$UnmodifiableMap$UnmodifiableEntrySet$1
Event: 740.753 loading class java/util/Collections$UnmodifiableMap$UnmodifiableEntrySet$1 done
Event: 740.753 loading class java/util/Collections$UnmodifiableMap$UnmodifiableEntrySet$UnmodifiableEntry
Event: 741.362 loading class java/util/Collections$UnmodifiableMap$UnmodifiableEntrySet$UnmodifiableEntry done
Event: 757.463 loading class java/util/stream/Streams$ConcatSpliterator$OfRef
Event: 757.474 loading class java/util/stream/Streams$ConcatSpliterator
Event: 757.491 loading class java/util/stream/Streams$ConcatSpliterator done
Event: 757.491 loading class java/util/stream/Streams$ConcatSpliterator$OfRef done
Event: 757.492 loading class java/util/stream/Streams$2
Event: 757.495 loading class java/util/stream/Streams$2 done
Event: 762.531 loading class java/util/stream/ReferencePipeline$15
Event: 762.556 loading class java/util/stream/ReferencePipeline$15 done
Event: 762.571 loading class java/util/stream/ReferencePipeline$15$1
Event: 762.580 loading class java/util/stream/ReferencePipeline$15$1 done
Event: 765.958 loading class sun/reflect/generics/tree/BooleanSignature
Event: 766.598 loading class sun/reflect/generics/tree/BooleanSignature done
Event: 784.078 loading class java/io/FileFilter
Event: 784.088 loading class java/io/FileFilter done
Event: 787.290 loading class java/net/SocketException
Event: 787.300 loading class java/net/SocketException done


Dynamic libraries:
0x00007ff7f9af0000 - 0x00007ff7f9afe000 	C:\Users\HP\Downloads\sts-4.21.0.RELEASE\plugins\org.eclipse.justj.openjdk.hotspot.jre.full.win32.x86_64_17.0.9.v20231028-0858\jre\bin\javaw.exe
0x00007ff9b7a90000 - 0x00007ff9b7ca7000 	C:\WINDOWS\SYSTEM32\ntdll.dll
0x00007ff9b69c0000 - 0x00007ff9b6a84000 	C:\WINDOWS\System32\KERNEL32.DLL
0x00007ff9b50e0000 - 0x00007ff9b5486000 	C:\WINDOWS\System32\KERNELBASE.dll
0x00007ff9b5690000 - 0x00007ff9b57a1000 	C:\WINDOWS\System32\ucrtbase.dll
0x00007ff988b90000 - 0x00007ff988ba7000 	C:\Users\HP\Downloads\sts-4.21.0.RELEASE\plugins\org.eclipse.justj.openjdk.hotspot.jre.full.win32.x86_64_17.0.9.v20231028-0858\jre\bin\jli.dll
0x00007ff9b6530000 - 0x00007ff9b66de000 	C:\WINDOWS\System32\USER32.dll
0x00007ff9b5500000 - 0x00007ff9b5526000 	C:\WINDOWS\System32\win32u.dll
0x00007ff9b6170000 - 0x00007ff9b6199000 	C:\WINDOWS\System32\GDI32.dll
0x00007ff9b4dd0000 - 0x00007ff9b4ee8000 	C:\WINDOWS\System32\gdi32full.dll
0x00007ff9b55f0000 - 0x00007ff9b568a000 	C:\WINDOWS\System32\msvcp_win.dll
0x00007ff969450000 - 0x00007ff96946b000 	C:\Users\HP\Downloads\sts-4.21.0.RELEASE\plugins\org.eclipse.justj.openjdk.hotspot.jre.full.win32.x86_64_17.0.9.v20231028-0858\jre\bin\VCRUNTIME140.dll
0x00007ff9a1e70000 - 0x00007ff9a2103000 	C:\WINDOWS\WinSxS\amd64_microsoft.windows.common-controls_6595b64144ccf1df_6.0.22621.2506_none_270c5ae97388e100\COMCTL32.dll
0x00007ff9b5820000 - 0x00007ff9b58c7000 	C:\WINDOWS\System32\msvcrt.dll
0x00007ff9b57e0000 - 0x00007ff9b5811000 	C:\WINDOWS\System32\IMM32.DLL
0x00007ff9ad960000 - 0x00007ff9ad96c000 	C:\Users\HP\Downloads\sts-4.21.0.RELEASE\plugins\org.eclipse.justj.openjdk.hotspot.jre.full.win32.x86_64_17.0.9.v20231028-0858\jre\bin\vcruntime140_1.dll
0x00007ff968fe0000 - 0x00007ff96906d000 	C:\Users\HP\Downloads\sts-4.21.0.RELEASE\plugins\org.eclipse.justj.openjdk.hotspot.jre.full.win32.x86_64_17.0.9.v20231028-0858\jre\bin\msvcp140.dll
0x00007ff931da0000 - 0x00007ff932a01000 	C:\Users\HP\Downloads\sts-4.21.0.RELEASE\plugins\org.eclipse.justj.openjdk.hotspot.jre.full.win32.x86_64_17.0.9.v20231028-0858\jre\bin\server\jvm.dll
0x00007ff9b6700000 - 0x00007ff9b67b3000 	C:\WINDOWS\System32\ADVAPI32.dll
0x00007ff9b78a0000 - 0x00007ff9b7948000 	C:\WINDOWS\System32\sechost.dll
0x00007ff9b57b0000 - 0x00007ff9b57d8000 	C:\WINDOWS\System32\bcrypt.dll
0x00007ff9b6050000 - 0x00007ff9b6167000 	C:\WINDOWS\System32\RPCRT4.dll
0x00007ff9b4af0000 - 0x00007ff9b4b3d000 	C:\WINDOWS\SYSTEM32\POWRPROF.dll
0x00007ff9aff00000 - 0x00007ff9aff09000 	C:\WINDOWS\SYSTEM32\WSOCK32.dll
0x00007ff9b5df0000 - 0x00007ff9b5e61000 	C:\WINDOWS\System32\WS2_32.dll
0x00007ff9a2af0000 - 0x00007ff9a2afa000 	C:\WINDOWS\SYSTEM32\VERSION.dll
0x00007ff9ad370000 - 0x00007ff9ad3a4000 	C:\WINDOWS\SYSTEM32\WINMM.dll
0x00007ff9b4ad0000 - 0x00007ff9b4ae3000 	C:\WINDOWS\SYSTEM32\UMPDC.dll
0x00007ff9b3e00000 - 0x00007ff9b3e18000 	C:\WINDOWS\SYSTEM32\kernel.appcore.dll
0x00007ff9a4bc0000 - 0x00007ff9a4bca000 	C:\Users\HP\Downloads\sts-4.21.0.RELEASE\plugins\org.eclipse.justj.openjdk.hotspot.jre.full.win32.x86_64_17.0.9.v20231028-0858\jre\bin\jimage.dll
0x00007ff9b26a0000 - 0x00007ff9b28d3000 	C:\WINDOWS\SYSTEM32\DBGHELP.DLL
0x00007ff9b61a0000 - 0x00007ff9b6529000 	C:\WINDOWS\System32\combase.dll
0x00007ff9b5e70000 - 0x00007ff9b5f47000 	C:\WINDOWS\System32\OLEAUT32.dll
0x00007ff99b4e0000 - 0x00007ff99b512000 	C:\WINDOWS\SYSTEM32\dbgcore.DLL
0x00007ff9b5060000 - 0x00007ff9b50da000 	C:\WINDOWS\System32\bcryptPrimitives.dll
0x00007ff96ade0000 - 0x00007ff96ae05000 	C:\Users\HP\Downloads\sts-4.21.0.RELEASE\plugins\org.eclipse.justj.openjdk.hotspot.jre.full.win32.x86_64_17.0.9.v20231028-0858\jre\bin\java.dll
0x00007ff96afa0000 - 0x00007ff96afb8000 	C:\Users\HP\Downloads\sts-4.21.0.RELEASE\plugins\org.eclipse.justj.openjdk.hotspot.jre.full.win32.x86_64_17.0.9.v20231028-0858\jre\bin\zip.dll
0x00007ff9b7040000 - 0x00007ff9b789a000 	C:\WINDOWS\System32\SHELL32.dll
0x00007ff9b2d20000 - 0x00007ff9b3616000 	C:\WINDOWS\SYSTEM32\windows.storage.dll
0x00007ff9b2be0000 - 0x00007ff9b2d1e000 	C:\WINDOWS\SYSTEM32\wintypes.dll
0x00007ff9b7950000 - 0x00007ff9b7a43000 	C:\WINDOWS\System32\SHCORE.dll
0x00007ff9b6fe0000 - 0x00007ff9b703e000 	C:\WINDOWS\System32\shlwapi.dll
0x00007ff9b4d00000 - 0x00007ff9b4d26000 	C:\WINDOWS\SYSTEM32\profapi.dll
0x00007ff96a990000 - 0x00007ff96a9a9000 	C:\Users\HP\Downloads\sts-4.21.0.RELEASE\plugins\org.eclipse.justj.openjdk.hotspot.jre.full.win32.x86_64_17.0.9.v20231028-0858\jre\bin\net.dll
0x00007ff9adc20000 - 0x00007ff9add57000 	C:\WINDOWS\SYSTEM32\WINHTTP.dll
0x00007ff9b4280000 - 0x00007ff9b42e9000 	C:\WINDOWS\system32\mswsock.dll
0x00007ff96a970000 - 0x00007ff96a986000 	C:\Users\HP\Downloads\sts-4.21.0.RELEASE\plugins\org.eclipse.justj.openjdk.hotspot.jre.full.win32.x86_64_17.0.9.v20231028-0858\jre\bin\nio.dll
0x00007ff9a4db0000 - 0x00007ff9a4db9000 	C:\Users\HP\Downloads\sts-4.21.0.RELEASE\plugins\org.eclipse.justj.openjdk.hotspot.jre.full.win32.x86_64_17.0.9.v20231028-0858\jre\bin\management.dll
0x00007ff99d1c0000 - 0x00007ff99d1cb000 	C:\Users\HP\Downloads\sts-4.21.0.RELEASE\plugins\org.eclipse.justj.openjdk.hotspot.jre.full.win32.x86_64_17.0.9.v20231028-0858\jre\bin\management_ext.dll
0x00007ff9b6810000 - 0x00007ff9b6818000 	C:\WINDOWS\System32\PSAPI.DLL
0x00007ff990230000 - 0x00007ff990247000 	C:\WINDOWS\system32\napinsp.dll
0x00007ff990210000 - 0x00007ff99022b000 	C:\WINDOWS\system32\pnrpnsp.dll
0x00007ff9b38f0000 - 0x00007ff9b39e9000 	C:\WINDOWS\SYSTEM32\DNSAPI.dll
0x00007ff9b3880000 - 0x00007ff9b38ad000 	C:\WINDOWS\SYSTEM32\IPHLPAPI.DLL
0x00007ff9b66e0000 - 0x00007ff9b66e9000 	C:\WINDOWS\System32\NSI.dll
0x00007ff9901f0000 - 0x00007ff990201000 	C:\WINDOWS\System32\winrnr.dll
0x00007ff9ad350000 - 0x00007ff9ad365000 	C:\WINDOWS\system32\wshbth.dll
0x00007ff9901c0000 - 0x00007ff9901e1000 	C:\WINDOWS\system32\nlansp_c.dll
0x00007ff9a2370000 - 0x00007ff9a237a000 	C:\Windows\System32\rasadhlp.dll
0x00007ff9aaea0000 - 0x00007ff9aaf23000 	C:\WINDOWS\System32\fwpuclnt.dll
0x00007ff9b44d0000 - 0x00007ff9b44eb000 	C:\WINDOWS\SYSTEM32\CRYPTSP.dll
0x00007ff9b3d60000 - 0x00007ff9b3d95000 	C:\WINDOWS\system32\rsaenh.dll
0x00007ff9b4370000 - 0x00007ff9b439c000 	C:\WINDOWS\SYSTEM32\USERENV.dll
0x00007ff9b44f0000 - 0x00007ff9b44fc000 	C:\WINDOWS\SYSTEM32\CRYPTBASE.dll
0x00007ff9adfd0000 - 0x00007ff9adfe9000 	C:\WINDOWS\SYSTEM32\dhcpcsvc6.DLL
0x00007ff9ada40000 - 0x00007ff9ada5f000 	C:\WINDOWS\SYSTEM32\dhcpcsvc.DLL
0x00007ff99fee0000 - 0x00007ff99feee000 	C:\Users\HP\Downloads\sts-4.21.0.RELEASE\plugins\org.eclipse.justj.openjdk.hotspot.jre.full.win32.x86_64_17.0.9.v20231028-0858\jre\bin\sunmscapi.dll
0x00007ff9b4ef0000 - 0x00007ff9b5056000 	C:\WINDOWS\System32\CRYPT32.dll
0x00007ff9b4690000 - 0x00007ff9b46be000 	C:\WINDOWS\SYSTEM32\ncrypt.dll
0x00007ff9b4650000 - 0x00007ff9b4687000 	C:\WINDOWS\SYSTEM32\NTASN1.dll

dbghelp: loaded successfully - version: 4.0.5 - missing functions: none
symbol engine: initialized successfully - sym options: 0x614 - pdb path: .;C:\Users\HP\Downloads\sts-4.21.0.RELEASE\plugins\org.eclipse.justj.openjdk.hotspot.jre.full.win32.x86_64_17.0.9.v20231028-0858\jre\bin;C:\WINDOWS\SYSTEM32;C:\WINDOWS\WinSxS\amd64_microsoft.windows.common-controls_6595b64144ccf1df_6.0.22621.2506_none_270c5ae97388e100;C:\Users\HP\Downloads\sts-4.21.0.RELEASE\plugins\org.eclipse.justj.openjdk.hotspot.jre.full.win32.x86_64_17.0.9.v20231028-0858\jre\bin\server

VM Arguments:
jvm_args: -Dcom.sun.management.jmxremote -Dcom.sun.management.jmxremote.port=49312 -Dcom.sun.management.jmxremote.authenticate=false -Dcom.sun.management.jmxremote.ssl=false -Djava.rmi.server.hostname=localhost -Dspring.jmx.enabled=true -Dmanagement.endpoints.jmx.exposure.include=* -Dspring.application.admin.enabled=true -XX:TieredStopAtLevel=1 -Dspring.boot.project.name=blog-application-apis -Dfile.encoding=UTF-8 -Dstdout.encoding=UTF-8 -Dstderr.encoding=UTF-8 -XX:+ShowCodeDetailsInExceptionMessages 
java_command: com.Ayush.blog.BlogApplicationApisApplication --spring.output.ansi.enabled=always
java_class_path (initial): C:\Users\HP\Documents\workspace-spring-tool-suite-4-4.21.0.RELEASE\blog-application-apis\target\classes;C:\Users\HP\.m2\repository\org\springframework\boot\spring-boot-starter-data-jpa\3.2.2\spring-boot-starter-data-jpa-3.2.2.jar;C:\Users\HP\.m2\repository\org\springframework\boot\spring-boot-starter-aop\3.2.2\spring-boot-starter-aop-3.2.2.jar;C:\Users\HP\.m2\repository\org\springframework\spring-aop\6.1.3\spring-aop-6.1.3.jar;C:\Users\HP\.m2\repository\org\aspectj\aspectjweaver\1.9.21\aspectjweaver-1.9.21.jar;C:\Users\HP\.m2\repository\org\springframework\boot\spring-boot-starter-jdbc\3.2.2\spring-boot-starter-jdbc-3.2.2.jar;C:\Users\HP\.m2\repository\com\zaxxer\HikariCP\5.0.1\HikariCP-5.0.1.jar;C:\Users\HP\.m2\repository\org\springframework\spring-jdbc\6.1.3\spring-jdbc-6.1.3.jar;C:\Users\HP\.m2\repository\org\hibernate\orm\hibernate-core\6.4.1.Final\hibernate-core-6.4.1.Final.jar;C:\Users\HP\.m2\repository\jakarta\persistence\jakarta.persistence-api\3.1.0\jakarta.persistence-api-3.1.0.jar;C:\Users\HP\.m2\repository\jakarta\transaction\jakarta.transaction-api\2.0.1\jakarta.transaction-api-2.0.1.jar;C:\Users\HP\.m2\repository\org\jboss\logging\jboss-logging\3.5.3.Final\jboss-logging-3.5.3.Final.jar;C:\Users\HP\.m2\repository\org\hibernate\common\hibernate-commons-annotations\6.0.6.Final\hibernate-commons-annotations-6.0.6.Final.jar;C:\Users\HP\.m2\repository\io\smallrye\jandex\3.1.2\jandex-3.1.2.jar;C:\Users\HP\.m2\repository\com\fasterxml\classmate\1.6.0\classmate-1.6.0.jar;C:\Users\HP\.m2\repository\net\bytebuddy\byte-buddy\1.14.11\byte-buddy-1.14.11.jar;C:\Users\HP\.m2\repository\org\glassfish\jaxb\jaxb-runtime\4.0.4\jaxb-runtime-4.0.4.jar;C:\Users\HP\.m2\repository\org\glassfish\jaxb\jaxb-core\4.0.4\jaxb-core-4.0.4.jar;C:\Users\HP\.m2\repository\org\eclipse\angus\angus-activation\2.0.1\angus-activation-2.0.1.jar;C:\Users\HP\.m2\repository\org\glassfish\jaxb\txw2\4.0.4\txw2-4.0.4.jar;C:\Users\HP\.m2\repository\com\sun\istack\istack-c
Launcher Type: SUN_STANDARD

[Global flags]
     intx CICompilerCount                          = 4                                         {product} {ergonomic}
     uint ConcGCThreads                            = 2                                         {product} {ergonomic}
     uint G1ConcRefinementThreads                  = 8                                         {product} {ergonomic}
   size_t G1HeapRegionSize                         = 1048576                                   {product} {ergonomic}
    uintx GCDrainStackTargetSize                   = 64                                        {product} {ergonomic}
   size_t InitialHeapSize                          = 67108864                                  {product} {ergonomic}
     bool ManagementServer                         = true                                      {product} {command line}
   size_t MarkStackSize                            = 4194304                                   {product} {ergonomic}
   size_t MaxHeapSize                              = 1050673152                                {product} {ergonomic}
   size_t MaxNewSize                               = 630194176                                 {product} {ergonomic}
   size_t MinHeapDeltaBytes                        = 1048576                                   {product} {ergonomic}
   size_t MinHeapSize                              = 8388608                                   {product} {ergonomic}
    uintx NonProfiledCodeHeapSize                  = 0                                      {pd product} {ergonomic}
     bool ProfileInterpreter                       = false                                  {pd product} {command line}
    uintx ProfiledCodeHeapSize                     = 0                                      {pd product} {ergonomic}
     bool ShowCodeDetailsInExceptionMessages       = true                                   {manageable} {command line}
   size_t SoftMaxHeapSize                          = 1050673152                             {manageable} {ergonomic}
     intx TieredStopAtLevel                        = 1                                         {product} {command line}
     bool UseCompressedClassPointers               = true                           {product lp64_product} {ergonomic}
     bool UseCompressedOops                        = true                           {product lp64_product} {ergonomic}
     bool UseG1GC                                  = true                                      {product} {ergonomic}
     bool UseLargePagesIndividualAllocation        = false                                  {pd product} {ergonomic}

Logging:
Log output configuration:
 #0: stdout all=warning uptime,level,tags
 #1: stderr all=off uptime,level,tags

Environment Variables:
JAVA_HOME=C:\Program Files\Java\jdk-20
PATH=C:/Users/HP/Downloads/sts-4.21.0.RELEASE//plugins/org.eclipse.justj.openjdk.hotspot.jre.full.win32.x86_64_17.0.9.v20231028-0858/jre/bin/server;C:/Users/HP/Downloads/sts-4.21.0.RELEASE//plugins/org.eclipse.justj.openjdk.hotspot.jre.full.win32.x86_64_17.0.9.v20231028-0858/jre/bin;C:\Program Files\Common Files\Oracle\Java\javapath;C:\WINDOWS\system32;C:\WINDOWS;C:\WINDOWS\System32\Wbem;C:\WINDOWS\System32\WindowsPowerShell\v1.0\;C:\WINDOWS\System32\OpenSSH\;C:\Program Files\Microchip\xc8\v2.36\bin;C:\Program Files\Java\jdk-20\bin;C:\Program Files\Common Files\Oracle\Java\javapath;C:\Aldec\Active-HDL-Student-Edition\bin;C:\Program Files\MySQL\MySQL Server 8.0\bin;C:\Program Files\Java\jdk-21\bin;C:\Program Files\MySQL\MySQL Shell 8.0\bin\;C:\Users\HP\AppData\Local\Microsoft\WindowsApps;C:\Program Files\JetBrains\IntelliJ IDEA Community Edition 2023.3.2\bin;;C:\Users\HP\Downloads\sts-4.21.0.RELEASE;
USERNAME=HP
OS=Windows_NT
PROCESSOR_IDENTIFIER=Intel64 Family 6 Model 142 Stepping 10, GenuineIntel
TMP=C:\Users\HP\AppData\Local\Temp
TEMP=C:\Users\HP\AppData\Local\Temp



Periodic native trim disabled


---------------  S Y S T E M  ---------------

OS:
 Windows 11 , 64 bit Build 22621 (10.0.22621.2506)
OS uptime: 15 days 1:09 hours

CPU: total 8 (initial active 8) (4 cores per cpu, 2 threads per core) family 6 model 142 stepping 10 microcode 0xe0, cx8, cmov, fxsr, ht, mmx, 3dnowpref, sse, sse2, sse3, ssse3, sse4.1, sse4.2, popcnt, lzcnt, tsc, tscinvbit, avx, avx2, aes, erms, clmul, bmi1, bmi2, adx, fma, vzeroupper, clflush, clflushopt
Processor Information for all 8 processors :
  Max Mhz: 1801, Current Mhz: 1801, Mhz Limit: 1801

Memory: 4k page, system-wide physical 4007M (5M free)
TotalPageFile size 16295M (AvailPageFile size 0M)
current process WorkingSet (physical memory assigned to process): 34M, peak: 44M
current process commit charge ("private bytes"): 175M, peak: 175M

vm_info: OpenJDK 64-Bit Server VM (17.0.9+9) for windows-amd64 JRE (17.0.9+9), built on Oct 26 2023 14:01:42 by "admin" with MS VC++ 16.10 / 16.11 (VS2019)

END.
