#
# There is insufficient memory for the Java Runtime Environment to continue.
# Native memory allocation (mmap) failed to map 65536 bytes for Failed to commit metaspace.
# Possible reasons:
#   The system is out of physical RAM or swap space
#   The process is running with CompressedOops enabled, and the Java Heap may be blocking the growth of the native heap
# Possible solutions:
#   Reduce memory load on the system
#   Increase physical memory or swap space
#   Check if swap backing store is full
#   Decrease Java heap size (-Xmx/-Xms)
#   Decrease number of Java threads
#   Decrease Java thread stack sizes (-Xss)
#   Set larger code cache with -XX:ReservedCodeCacheSize=
#   JVM is running with Unscaled Compressed Oops mode in which the Java heap is
#     placed in the first 4GB address space. The Java Heap base address is the
#     maximum limit for the native heap growth. Please use -XX:HeapBaseMinAddress
#     to set the Java Heap base and to place the Java Heap above 4GB virtual address.
# This output file may be truncated or incomplete.
#
#  Out of Memory Error (virtualSpaceNode.cpp:110), pid=2020, tid=12752
#
# JRE version: OpenJDK Runtime Environment Temurin-17.0.9+9 (17.0.9+9) (build 17.0.9+9)
# Java VM: OpenJDK 64-Bit Server VM Temurin-17.0.9+9 (17.0.9+9, mixed mode, emulated-client, tiered, compressed oops, compressed class ptrs, g1 gc, windows-amd64)
# No core dump will be written. Minidumps are not enabled by default on client versions of Windows
#

---------------  S U M M A R Y ------------

Command Line: -Dcom.sun.management.jmxremote -Dcom.sun.management.jmxremote.port=49315 -Dcom.sun.management.jmxremote.authenticate=false -Dcom.sun.management.jmxremote.ssl=false -Djava.rmi.server.hostname=localhost -Dspring.jmx.enabled=true -Dmanagement.endpoints.jmx.exposure.include=* -Dspring.application.admin.enabled=true -XX:TieredStopAtLevel=1 -Dspring.boot.project.name=blog-application-apis -Dfile.encoding=UTF-8 -Dstdout.encoding=UTF-8 -Dstderr.encoding=UTF-8 -XX:+ShowCodeDetailsInExceptionMessages com.Ayush.blog.BlogApplicationApisApplication --spring.output.ansi.enabled=always

Host: Intel(R) Core(TM) i5-8250U CPU @ 1.60GHz, 8 cores, 3G,  Windows 11 , 64 bit Build 22621 (10.0.22621.2506)
Time: Mon Feb 12 14:29:06 2024 India Standard Time elapsed time: 785.260682 seconds (0d 0h 13m 5s)

---------------  T H R E A D  ---------------

Current thread (0x000001e8ce811760):  JavaThread "restartedMain" [_thread_in_vm, id=12752, stack(0x00000031d3c00000,0x00000031d3d00000)]

Stack: [0x00000031d3c00000,0x00000031d3d00000]
Native frames: (J=compiled Java code, j=interpreted, Vv=VM code, C=native code)
V  [jvm.dll+0x67cf49]
V  [jvm.dll+0x83478a]
V  [jvm.dll+0x83624e]
V  [jvm.dll+0x8368b3]
V  [jvm.dll+0x247f1f]
V  [jvm.dll+0x83044b]
V  [jvm.dll+0x621776]
V  [jvm.dll+0x1c1fee]
V  [jvm.dll+0x6240d1]
V  [jvm.dll+0x622116]
V  [jvm.dll+0x24588c]
V  [jvm.dll+0x6d3dfd]
V  [jvm.dll+0x6d483f]
V  [jvm.dll+0x373e84]
V  [jvm.dll+0x372f04]
V  [jvm.dll+0x372ea8]
V  [jvm.dll+0x565345]
V  [jvm.dll+0x564254]
V  [jvm.dll+0x386eb2]
V  [jvm.dll+0x38651f]
C  0x000001e8c1b890b9

The last pc belongs to invokestatic (printed below).
Java frames: (J=compiled Java code, j=interpreted, Vv=VM code)
j  org.springframework.cglib.proxy.Enhancer.<clinit>()V+26
v  ~StubRoutines::call_stub
j  org.springframework.context.annotation.ConfigurationClassEnhancer.newEnhancer(Ljava/lang/Class;Ljava/lang/ClassLoader;)Lorg/springframework/cglib/proxy/Enhancer;+0
j  org.springframework.context.annotation.ConfigurationClassEnhancer.enhance(Ljava/lang/Class;Ljava/lang/ClassLoader;)Ljava/lang/Class;+50
j  org.springframework.context.annotation.ConfigurationClassPostProcessor.enhanceConfigurationClasses(Lorg/springframework/beans/factory/config/ConfigurableListableBeanFactory;)V+415
j  org.springframework.context.annotation.ConfigurationClassPostProcessor.postProcessBeanFactory(Lorg/springframework/beans/factory/config/ConfigurableListableBeanFactory;)V+75
j  org.springframework.context.support.PostProcessorRegistrationDelegate.invokeBeanFactoryPostProcessors(Ljava/util/Collection;Lorg/springframework/beans/factory/config/ConfigurableListableBeanFactory;)V+61
j  org.springframework.context.support.PostProcessorRegistrationDelegate.invokeBeanFactoryPostProcessors(Lorg/springframework/beans/factory/config/ConfigurableListableBeanFactory;Ljava/util/List;)V+521
j  org.springframework.context.support.AbstractApplicationContext.invokeBeanFactoryPostProcessors(Lorg/springframework/beans/factory/config/ConfigurableListableBeanFactory;)V+5
j  org.springframework.context.support.AbstractApplicationContext.refresh()V+62
j  org.springframework.boot.web.servlet.context.ServletWebServerApplicationContext.refresh()V+1
j  org.springframework.boot.SpringApplication.refresh(Lorg/springframework/context/ConfigurableApplicationContext;)V+1
j  org.springframework.boot.SpringApplication.refreshContext(Lorg/springframework/context/ConfigurableApplicationContext;)V+16
j  org.springframework.boot.SpringApplication.run([Ljava/lang/String;)Lorg/springframework/context/ConfigurableApplicationContext;+110
j  org.springframework.boot.SpringApplication.run([Ljava/lang/Class;[Ljava/lang/String;)Lorg/springframework/context/ConfigurableApplicationContext;+9
j  org.springframework.boot.SpringApplication.run(Ljava/lang/Class;[Ljava/lang/String;)Lorg/springframework/context/ConfigurableApplicationContext;+9
j  com.Ayush.blog.BlogApplicationApisApplication.main([Ljava/lang/String;)V+3
v  ~StubRoutines::call_stub
j  jdk.internal.reflect.NativeMethodAccessorImpl.invoke0(Ljava/lang/reflect/Method;Ljava/lang/Object;[Ljava/lang/Object;)Ljava/lang/Object;+0 java.base@17.0.9
j  jdk.internal.reflect.NativeMethodAccessorImpl.invoke(Ljava/lang/Object;[Ljava/lang/Object;)Ljava/lang/Object;+133 java.base@17.0.9
j  jdk.internal.reflect.DelegatingMethodAccessorImpl.invoke(Ljava/lang/Object;[Ljava/lang/Object;)Ljava/lang/Object;+6 java.base@17.0.9
j  java.lang.reflect.Method.invoke(Ljava/lang/Object;[Ljava/lang/Object;)Ljava/lang/Object;+59 java.base@17.0.9
j  org.springframework.boot.devtools.restart.RestartLauncher.run()V+47
v  ~StubRoutines::call_stub
invokestatic  184 invokestatic  [0x000001e8c1b89000, 0x000001e8c1b89160]  352 bytes
[MachCode]
  0x000001e8c1b89000: 4883 ec08 | c5fa 1104 | 24eb 1f48 | 83ec 10c5 | fb11 0424 | eb14 4883 | ec10 4889 | 0424 48c7 
  0x000001e8c1b89020: 4424 0800 | 0000 00eb | 0150 4c89 | 6dc0 410f | b755 0148 | 8b4d d0c1 | e202 8b5c | d120 c1eb 
  0x000001e8c1b89040: 1081 e3ff | 0000 0081 | fbb8 0000 | 000f 84b6 | 0000 00bb | b800 0000 | e805 0000 | 00e9 9b00 
  0x000001e8c1b89060: 0000 488b | d348 8d44 | 2408 4c89 | 6dc0 498b | cfc5 f877 | 4989 afa8 | 0200 0049 | 8987 9802 
  0x000001e8c1b89080: 0000 4883 | ec20 f7c4 | 0f00 0000 | 0f84 1a00 | 0000 4883 | ec08 49ba | b064 1232 | f97f 0000 
  0x000001e8c1b890a0: 41ff d248 | 83c4 08e9 | 0d00 0000 | 49ba b064 | 1232 f97f | 0000 41ff | d248 83c4 | 2049 c787 
  0x000001e8c1b890c0: 9802 0000 | 0000 0000 | 49c7 87a8 | 0200 0000 | 0000 0049 | c787 a002 | 0000 0000 | 0000 c5f8 
  0x000001e8c1b890e0: 7749 817f | 0800 0000 | 000f 8405 | 0000 00e9 | 0c7e feff | 4c8b 6dc0 | 4c8b 75c8 | c341 0fb7 
  0x000001e8c1b89100: 5501 488b | 4dd0 c1e2 | 0248 8b5c | d128 488b | 5b08 488b | 5b08 488b | 5b18 80bb | 3301 0000 
  0x000001e8c1b89120: 040f 840d | 0000 004c | 3bbb 3801 | 0000 0f85 | 1fff ffff | 488b 5cd1 | 288b 54d1 | 38c1 ea1c 
  0x000001e8c1b89140: 49ba a059 | 9432 f97f | 0000 498b | 14d2 524c | 8d6c 2408 | 4c89 6df0 | ff63 500f | 1f44 0000 
[/MachCode]

---------------  P R O C E S S  ---------------

Threads class SMR info:
_java_thread_list=0x000001e8cf0034c0, length=20, elements={
0x000001e8be4b6650, 0x000001e8c9bf4b60, 0x000001e8c9bf5c60, 0x000001e8c9c182a0,
0x000001e8c9c19030, 0x000001e8c9c4f270, 0x000001e8c9c52c50, 0x000001e8c9c53610,
0x000001e8ce02ea30, 0x000001e8ce092520, 0x000001e8ce1bb140, 0x000001e8ce6e0bd0,
0x000001e8ce6e4620, 0x000001e8ce733880, 0x000001e8ce73c970, 0x000001e8ce812180,
0x000001e8ce812ba0, 0x000001e8ce811760, 0x000001e8ce811c70, 0x000001e8ce8135c0
}

Java Threads: ( => current thread )
  0x000001e8be4b6650 JavaThread "main" [_thread_blocked, id=9788, stack(0x00000031d1a00000,0x00000031d1b00000)]
  0x000001e8c9bf4b60 JavaThread "Reference Handler" daemon [_thread_blocked, id=17220, stack(0x00000031d2100000,0x00000031d2200000)]
  0x000001e8c9bf5c60 JavaThread "Finalizer" daemon [_thread_blocked, id=1900, stack(0x00000031d2200000,0x00000031d2300000)]
  0x000001e8c9c182a0 JavaThread "Signal Dispatcher" daemon [_thread_blocked, id=13524, stack(0x00000031d2300000,0x00000031d2400000)]
  0x000001e8c9c19030 JavaThread "Attach Listener" daemon [_thread_blocked, id=24180, stack(0x00000031d2400000,0x00000031d2500000)]
  0x000001e8c9c4f270 JavaThread "Service Thread" daemon [_thread_blocked, id=23984, stack(0x00000031d2500000,0x00000031d2600000)]
  0x000001e8c9c52c50 JavaThread "Monitor Deflation Thread" daemon [_thread_blocked, id=16108, stack(0x00000031d2600000,0x00000031d2700000)]
  0x000001e8c9c53610 JavaThread "C1 CompilerThread0" daemon [_thread_blocked, id=23236, stack(0x00000031d2700000,0x00000031d2800000)]
  0x000001e8ce02ea30 JavaThread "Sweeper thread" daemon [_thread_blocked, id=9716, stack(0x00000031d2800000,0x00000031d2900000)]
  0x000001e8ce092520 JavaThread "Common-Cleaner" daemon [_thread_blocked, id=15744, stack(0x00000031d2900000,0x00000031d2a00000)]
  0x000001e8ce1bb140 JavaThread "Notification Thread" daemon [_thread_blocked, id=9940, stack(0x00000031d2a00000,0x00000031d2b00000)]
  0x000001e8ce6e0bd0 JavaThread "RMI TCP Accept-0" daemon [_thread_in_native, id=14484, stack(0x00000031d2b00000,0x00000031d2c00000)]
  0x000001e8ce6e4620 JavaThread "RMI TCP Accept-49315" daemon [_thread_in_native, id=22420, stack(0x00000031d2c00000,0x00000031d2d00000)]
  0x000001e8ce733880 JavaThread "RMI Scheduler(0)" daemon [_thread_blocked, id=3416, stack(0x00000031d2e00000,0x00000031d2f00000)]
  0x000001e8ce73c970 JavaThread "JMX server connection timeout 21" daemon [_thread_blocked, id=20788, stack(0x00000031d3000000,0x00000031d3100000)]
  0x000001e8ce812180 JavaThread "RMI TCP Accept-0" daemon [_thread_in_native, id=11636, stack(0x00000031d3100000,0x00000031d3200000)]
  0x000001e8ce812ba0 JavaThread "Thread-0" [_thread_blocked, id=22356, stack(0x00000031d3b00000,0x00000031d3c00000)]
=>0x000001e8ce811760 JavaThread "restartedMain" [_thread_in_vm, id=12752, stack(0x00000031d3c00000,0x00000031d3d00000)]
  0x000001e8ce811c70 JavaThread "RMI TCP Connection(11)-127.0.0.1" daemon [_thread_in_native, id=21864, stack(0x00000031d2d00000,0x00000031d2e00000)]
  0x000001e8ce8135c0 JavaThread "RMI TCP Connection(idle)" daemon [_thread_blocked, id=13500, stack(0x00000031d3400000,0x00000031d3500000)]

Other Threads:
  0x000001e8c9bf0600 VMThread "VM Thread" [stack: 0x00000031d2000000,0x00000031d2100000] [id=9516]
  0x000001e8ce6d6840 WatcherThread [stack: 0x00000031d3200000,0x00000031d3300000] [id=20340]
  0x000001e8be4f3490 GCTaskThread "GC Thread#0" [stack: 0x00000031d1b00000,0x00000031d1c00000] [id=11952]
  0x000001e8ce6e3550 GCTaskThread "GC Thread#1" [stack: 0x00000031d1800000,0x00000031d1900000] [id=5660]
  0x000001e8ce682d50 GCTaskThread "GC Thread#2" [stack: 0x00000031d1900000,0x00000031d1a00000] [id=17112]
  0x000001e8ce6e0210 GCTaskThread "GC Thread#3" [stack: 0x00000031d3600000,0x00000031d3700000] [id=22136]
  0x000001e8ce6e04d0 GCTaskThread "GC Thread#4" [stack: 0x00000031d3700000,0x00000031d3800000] [id=10456]
  0x000001e8ce41f930 GCTaskThread "GC Thread#5" [stack: 0x00000031d3800000,0x00000031d3900000] [id=21544]
  0x000001e8ce41fbf0 GCTaskThread "GC Thread#6" [stack: 0x00000031d3900000,0x00000031d3a00000] [id=21308]
  0x000001e8ce328180 GCTaskThread "GC Thread#7" [stack: 0x00000031d3d00000,0x00000031d3e00000] [id=15184]
  0x000001e8be4fc120 ConcurrentGCThread "G1 Main Marker" [stack: 0x00000031d1c00000,0x00000031d1d00000] [id=21032]
  0x000001e8be4fe2f0 ConcurrentGCThread "G1 Conc#0" [stack: 0x00000031d1d00000,0x00000031d1e00000] [id=11308]
  0x000001e8ceb15d00 ConcurrentGCThread "G1 Conc#1" [stack: 0x00000031d3300000,0x00000031d3400000] [id=17228]
  0x000001e8c9a70090 ConcurrentGCThread "G1 Refine#0" [stack: 0x00000031d1e00000,0x00000031d1f00000] [id=5716]
  0x000001e8ce6dfe10 ConcurrentGCThread "G1 Refine#1" [stack: 0x00000031d3a00000,0x00000031d3b00000] [id=9652]
  0x000001e8c9a70ac0 ConcurrentGCThread "G1 Service" [stack: 0x00000031d1f00000,0x00000031d2000000] [id=20900]

Threads with active compile tasks:

VM state: not at safepoint (normal execution)

VM Mutex/Monitor currently owned by a thread:  ([mutex/lock_event])
[0x000001e8be4b1550] Metaspace_lock - owner thread: 0x000001e8ce811760

Heap address: 0x00000000c1600000, size: 1002 MB, Compressed Oops mode: 32-bit

CDS archive(s) not mapped
Compressed class space mapped at: 0x0000000100000000-0x0000000140000000, reserved size: 1073741824
Narrow klass base: 0x0000000000000000, Narrow klass shift: 3, Narrow klass range: 0x140000000

GC Precious Log:
 CPUs: 8 total, 8 available
 Memory: 4007M
 Large Page Support: Disabled
 NUMA Support: Disabled
 Compressed Oops: Enabled (32-bit)
 Heap Region Size: 1M
 Heap Min Capacity: 8M
 Heap Initial Capacity: 64M
 Heap Max Capacity: 1002M
 Pre-touch: Disabled
 Parallel Workers: 8
 Concurrent Workers: 2
 Concurrent Refinement Workers: 8
 Periodic GC: Disabled

Heap:
 garbage-first heap   total 75776K, used 15973K [0x00000000c1600000, 0x0000000100000000)
  region size 1024K, 3 young (3072K), 1 survivors (1024K)
 Metaspace       used 31671K, committed 31936K, reserved 1114112K
  class space    used 3907K, committed 4032K, reserved 1048576K

Heap Regions: E=young(eden), S=young(survivor), O=old, HS=humongous(starts), HC=humongous(continues), CS=collection set, F=free, OA=open archive, CA=closed archive, TAMS=top-at-mark-start (previous, next)
|   0|0x00000000c1600000, 0x00000000c1700000, 0x00000000c1700000|100%|HS|  |TAMS 0x00000000c1700000, 0x00000000c1600000| Complete 
|   1|0x00000000c1700000, 0x00000000c1800000, 0x00000000c1800000|100%| O|  |TAMS 0x00000000c1800000, 0x00000000c1700000| Untracked 
|   2|0x00000000c1800000, 0x00000000c1900000, 0x00000000c1900000|100%| O|  |TAMS 0x00000000c1900000, 0x00000000c1800000| Untracked 
|   3|0x00000000c1900000, 0x00000000c1a00000, 0x00000000c1a00000|100%| O|  |TAMS 0x00000000c1a00000, 0x00000000c1900000| Untracked 
|   4|0x00000000c1a00000, 0x00000000c1b00000, 0x00000000c1b00000|100%| O|  |TAMS 0x00000000c1b00000, 0x00000000c1a00000| Untracked 
|   5|0x00000000c1b00000, 0x00000000c1c00000, 0x00000000c1c00000|100%| O|  |TAMS 0x00000000c1c00000, 0x00000000c1b00000| Untracked 
|   6|0x00000000c1c00000, 0x00000000c1d00000, 0x00000000c1d00000|100%| O|  |TAMS 0x00000000c1d00000, 0x00000000c1c00000| Untracked 
|   7|0x00000000c1d00000, 0x00000000c1d3ba00, 0x00000000c1e00000| 23%| O|  |TAMS 0x00000000c1d3ba00, 0x00000000c1d00000| Untracked 
|   8|0x00000000c1e00000, 0x00000000c1f00000, 0x00000000c1f00000|100%| O|  |TAMS 0x00000000c1e00000, 0x00000000c1e00000| Untracked 
|   9|0x00000000c1f00000, 0x00000000c2000000, 0x00000000c2000000|100%| O|  |TAMS 0x00000000c1f00000, 0x00000000c1f00000| Untracked 
|  10|0x00000000c2000000, 0x00000000c2100000, 0x00000000c2100000|100%| O|  |TAMS 0x00000000c2000000, 0x00000000c2000000| Untracked 
|  11|0x00000000c2100000, 0x00000000c2200000, 0x00000000c2200000|100%| O|  |TAMS 0x00000000c2100000, 0x00000000c2100000| Untracked 
|  12|0x00000000c2200000, 0x00000000c2300000, 0x00000000c2300000|100%| O|  |TAMS 0x00000000c2200000, 0x00000000c2200000| Untracked 
|  13|0x00000000c2300000, 0x00000000c2400000, 0x00000000c2400000|100%| O|  |TAMS 0x00000000c2300000, 0x00000000c2300000| Untracked 
|  14|0x00000000c2400000, 0x00000000c24c8600, 0x00000000c2500000| 78%| O|  |TAMS 0x00000000c2400000, 0x00000000c2400000| Untracked 
|  15|0x00000000c2500000, 0x00000000c2500000, 0x00000000c2600000|  0%| F|  |TAMS 0x00000000c2500000, 0x00000000c2500000| Untracked 
|  16|0x00000000c2600000, 0x00000000c2600000, 0x00000000c2700000|  0%| F|  |TAMS 0x00000000c2600000, 0x00000000c2600000| Untracked 
|  17|0x00000000c2700000, 0x00000000c2700000, 0x00000000c2800000|  0%| F|  |TAMS 0x00000000c2700000, 0x00000000c2700000| Untracked 
|  18|0x00000000c2800000, 0x00000000c2800000, 0x00000000c2900000|  0%| F|  |TAMS 0x00000000c2800000, 0x00000000c2800000| Untracked 
|  19|0x00000000c2900000, 0x00000000c2900000, 0x00000000c2a00000|  0%| F|  |TAMS 0x00000000c2900000, 0x00000000c2900000| Untracked 
|  20|0x00000000c2a00000, 0x00000000c2a00000, 0x00000000c2b00000|  0%| F|  |TAMS 0x00000000c2a00000, 0x00000000c2a00000| Untracked 
|  21|0x00000000c2b00000, 0x00000000c2b00000, 0x00000000c2c00000|  0%| F|  |TAMS 0x00000000c2b00000, 0x00000000c2b00000| Untracked 
|  22|0x00000000c2c00000, 0x00000000c2c00000, 0x00000000c2d00000|  0%| F|  |TAMS 0x00000000c2c00000, 0x00000000c2c00000| Untracked 
|  23|0x00000000c2d00000, 0x00000000c2d00000, 0x00000000c2e00000|  0%| F|  |TAMS 0x00000000c2d00000, 0x00000000c2d00000| Untracked 
|  24|0x00000000c2e00000, 0x00000000c2e00000, 0x00000000c2f00000|  0%| F|  |TAMS 0x00000000c2e00000, 0x00000000c2e00000| Untracked 
|  25|0x00000000c2f00000, 0x00000000c2f00000, 0x00000000c3000000|  0%| F|  |TAMS 0x00000000c2f00000, 0x00000000c2f00000| Untracked 
|  26|0x00000000c3000000, 0x00000000c3000000, 0x00000000c3100000|  0%| F|  |TAMS 0x00000000c3000000, 0x00000000c3000000| Untracked 
|  27|0x00000000c3100000, 0x00000000c3100000, 0x00000000c3200000|  0%| F|  |TAMS 0x00000000c3100000, 0x00000000c3100000| Untracked 
|  28|0x00000000c3200000, 0x00000000c3200000, 0x00000000c3300000|  0%| F|  |TAMS 0x00000000c3200000, 0x00000000c3200000| Untracked 
|  29|0x00000000c3300000, 0x00000000c3300000, 0x00000000c3400000|  0%| F|  |TAMS 0x00000000c3300000, 0x00000000c3300000| Untracked 
|  30|0x00000000c3400000, 0x00000000c3400000, 0x00000000c3500000|  0%| F|  |TAMS 0x00000000c3400000, 0x00000000c3400000| Untracked 
|  31|0x00000000c3500000, 0x00000000c3500000, 0x00000000c3600000|  0%| F|  |TAMS 0x00000000c3500000, 0x00000000c3500000| Untracked 
|  32|0x00000000c3600000, 0x00000000c3600000, 0x00000000c3700000|  0%| F|  |TAMS 0x00000000c3600000, 0x00000000c3600000| Untracked 
|  33|0x00000000c3700000, 0x00000000c3700000, 0x00000000c3800000|  0%| F|  |TAMS 0x00000000c3700000, 0x00000000c3700000| Untracked 
|  34|0x00000000c3800000, 0x00000000c3800000, 0x00000000c3900000|  0%| F|  |TAMS 0x00000000c3800000, 0x00000000c3800000| Untracked 
|  35|0x00000000c3900000, 0x00000000c3900000, 0x00000000c3a00000|  0%| F|  |TAMS 0x00000000c3900000, 0x00000000c3900000| Untracked 
|  36|0x00000000c3a00000, 0x00000000c3a00000, 0x00000000c3b00000|  0%| F|  |TAMS 0x00000000c3a00000, 0x00000000c3a00000| Untracked 
|  37|0x00000000c3b00000, 0x00000000c3b00000, 0x00000000c3c00000|  0%| F|  |TAMS 0x00000000c3b00000, 0x00000000c3b00000| Untracked 
|  38|0x00000000c3c00000, 0x00000000c3c00000, 0x00000000c3d00000|  0%| F|  |TAMS 0x00000000c3c00000, 0x00000000c3c00000| Untracked 
|  39|0x00000000c3d00000, 0x00000000c3d00000, 0x00000000c3e00000|  0%| F|  |TAMS 0x00000000c3d00000, 0x00000000c3d00000| Untracked 
|  40|0x00000000c3e00000, 0x00000000c3e00000, 0x00000000c3f00000|  0%| F|  |TAMS 0x00000000c3e00000, 0x00000000c3e00000| Untracked 
|  41|0x00000000c3f00000, 0x00000000c3f00000, 0x00000000c4000000|  0%| F|  |TAMS 0x00000000c3f00000, 0x00000000c3f00000| Untracked 
|  42|0x00000000c4000000, 0x00000000c4000000, 0x00000000c4100000|  0%| F|  |TAMS 0x00000000c4000000, 0x00000000c4000000| Untracked 
|  43|0x00000000c4100000, 0x00000000c4100000, 0x00000000c4200000|  0%| F|  |TAMS 0x00000000c4100000, 0x00000000c4100000| Untracked 
|  44|0x00000000c4200000, 0x00000000c4200000, 0x00000000c4300000|  0%| F|  |TAMS 0x00000000c4200000, 0x00000000c4200000| Untracked 
|  45|0x00000000c4300000, 0x00000000c4300000, 0x00000000c4400000|  0%| F|  |TAMS 0x00000000c4300000, 0x00000000c4300000| Untracked 
|  46|0x00000000c4400000, 0x00000000c4400000, 0x00000000c4500000|  0%| F|  |TAMS 0x00000000c4400000, 0x00000000c4400000| Untracked 
|  47|0x00000000c4500000, 0x00000000c4500000, 0x00000000c4600000|  0%| F|  |TAMS 0x00000000c4500000, 0x00000000c4500000| Untracked 
|  48|0x00000000c4600000, 0x00000000c4600000, 0x00000000c4700000|  0%| F|  |TAMS 0x00000000c4600000, 0x00000000c4600000| Untracked 
|  49|0x00000000c4700000, 0x00000000c4700000, 0x00000000c4800000|  0%| F|  |TAMS 0x00000000c4700000, 0x00000000c4700000| Untracked 
|  50|0x00000000c4800000, 0x00000000c4800000, 0x00000000c4900000|  0%| F|  |TAMS 0x00000000c4800000, 0x00000000c4800000| Untracked 
|  51|0x00000000c4900000, 0x00000000c4900000, 0x00000000c4a00000|  0%| F|  |TAMS 0x00000000c4900000, 0x00000000c4900000| Untracked 
|  52|0x00000000c4a00000, 0x00000000c4a00000, 0x00000000c4b00000|  0%| F|  |TAMS 0x00000000c4a00000, 0x00000000c4a00000| Untracked 
|  53|0x00000000c4b00000, 0x00000000c4b00000, 0x00000000c4c00000|  0%| F|  |TAMS 0x00000000c4b00000, 0x00000000c4b00000| Untracked 
|  54|0x00000000c4c00000, 0x00000000c4c00000, 0x00000000c4d00000|  0%| F|  |TAMS 0x00000000c4c00000, 0x00000000c4c00000| Untracked 
|  55|0x00000000c4d00000, 0x00000000c4d00000, 0x00000000c4e00000|  0%| F|  |TAMS 0x00000000c4d00000, 0x00000000c4d00000| Untracked 
|  56|0x00000000c4e00000, 0x00000000c4e00000, 0x00000000c4f00000|  0%| F|  |TAMS 0x00000000c4e00000, 0x00000000c4e00000| Untracked 
|  57|0x00000000c4f00000, 0x00000000c4f00000, 0x00000000c5000000|  0%| F|  |TAMS 0x00000000c4f00000, 0x00000000c4f00000| Untracked 
|  58|0x00000000c5000000, 0x00000000c5000000, 0x00000000c5100000|  0%| F|  |TAMS 0x00000000c5000000, 0x00000000c5000000| Untracked 
|  59|0x00000000c5100000, 0x00000000c5100000, 0x00000000c5200000|  0%| F|  |TAMS 0x00000000c5100000, 0x00000000c5100000| Untracked 
|  60|0x00000000c5200000, 0x00000000c5200000, 0x00000000c5300000|  0%| F|  |TAMS 0x00000000c5200000, 0x00000000c5200000| Untracked 
|  61|0x00000000c5300000, 0x00000000c5300000, 0x00000000c5400000|  0%| F|  |TAMS 0x00000000c5300000, 0x00000000c5300000| Untracked 
|  62|0x00000000c5400000, 0x00000000c5400000, 0x00000000c5500000|  0%| F|  |TAMS 0x00000000c5400000, 0x00000000c5400000| Untracked 
|  63|0x00000000c5500000, 0x00000000c5500000, 0x00000000c5600000|  0%| F|  |TAMS 0x00000000c5500000, 0x00000000c5500000| Untracked 
|  64|0x00000000c5600000, 0x00000000c5600000, 0x00000000c5700000|  0%| F|  |TAMS 0x00000000c5600000, 0x00000000c5600000| Untracked 
|  65|0x00000000c5700000, 0x00000000c5700000, 0x00000000c5800000|  0%| F|  |TAMS 0x00000000c5700000, 0x00000000c5700000| Untracked 
|  66|0x00000000c5800000, 0x00000000c5800000, 0x00000000c5900000|  0%| F|  |TAMS 0x00000000c5800000, 0x00000000c5800000| Untracked 
|  67|0x00000000c5900000, 0x00000000c5900000, 0x00000000c5a00000|  0%| F|  |TAMS 0x00000000c5900000, 0x00000000c5900000| Untracked 
|  68|0x00000000c5a00000, 0x00000000c5a95770, 0x00000000c5b00000| 58%| S|CS|TAMS 0x00000000c5a00000, 0x00000000c5a00000| Complete 
|  69|0x00000000c5b00000, 0x00000000c5b00000, 0x00000000c5c00000|  0%| F|  |TAMS 0x00000000c5b00000, 0x00000000c5b00000| Untracked 
|  70|0x00000000c5c00000, 0x00000000c5c00000, 0x00000000c5d00000|  0%| F|  |TAMS 0x00000000c5c00000, 0x00000000c5c00000| Untracked 
|  71|0x00000000c5d00000, 0x00000000c5d00000, 0x00000000c5e00000|  0%| F|  |TAMS 0x00000000c5d00000, 0x00000000c5d00000| Untracked 
|  72|0x00000000c5e00000, 0x00000000c5e57b20, 0x00000000c5f00000| 34%| E|  |TAMS 0x00000000c5e00000, 0x00000000c5e00000| Complete 
|  73|0x00000000c5f00000, 0x00000000c6000000, 0x00000000c6000000|100%| E|CS|TAMS 0x00000000c5f00000, 0x00000000c5f00000| Complete 

Card table byte_map: [0x000001e8c4e80000,0x000001e8c5080000] _byte_map_base: 0x000001e8c4875000

Marking Bits (Prev, Next): (CMBitMap*) 0x000001e8be4f3af0, (CMBitMap*) 0x000001e8be4f3ab0
 Prev Bits: [0x000001e8c6230000, 0x000001e8c71d8000)
 Next Bits: [0x000001e8c5280000, 0x000001e8c6228000)

Polling page: 0x000001e8bc3c0000

Metaspace:

Usage:
  Non-class:     27.11 MB used.
      Class:      3.82 MB used.
       Both:     30.93 MB used.

Virtual space:
  Non-class space:       64.00 MB reserved,      27.25 MB ( 43%) committed,  1 nodes.
      Class space:        1.00 GB reserved,       3.94 MB ( <1%) committed,  1 nodes.
             Both:        1.06 GB reserved,      31.19 MB (  3%) committed. 

Chunk freelists:
   Non-Class:  3.80 MB
       Class:  11.91 MB
        Both:  15.70 MB

MaxMetaspaceSize: unlimited
CompressedClassSpaceSize: 1.00 GB
Initial GC threshold: 21.00 MB
Current GC threshold: 35.12 MB
CDS: off
MetaspaceReclaimPolicy: balanced
 - commit_granule_bytes: 65536.
 - commit_granule_words: 8192.
 - virtual_space_node_default_size: 8388608.
 - enlarge_chunks_in_place: 1.
 - new_chunks_are_fully_committed: 0.
 - uncommit_free_chunks: 1.
 - use_allocation_guard: 0.
 - handle_deallocations: 1.


Internal statistics:

num_allocs_failed_limit: 3.
num_arena_births: 386.
num_arena_deaths: 94.
num_vsnodes_births: 2.
num_vsnodes_deaths: 0.
num_space_committed: 499.
num_space_uncommitted: 0.
num_chunks_returned_to_freelist: 119.
num_chunks_taken_from_freelist: 1214.
num_chunk_merges: 42.
num_chunk_splits: 781.
num_chunks_enlarged: 558.
num_inconsistent_stats: 0.

CodeCache: size=49152Kb used=6808Kb max_used=6808Kb free=42343Kb
 bounds [0x000001e8c1b70000, 0x000001e8c2220000, 0x000001e8c4b70000]
 total_blobs=4061 nmethods=3556 adapters=432
 compilation: enabled
              stopped_count=0, restarted_count=0
 full_count=0

Compilation events (20 events):
Event: 780.645 Thread 0x000001e8c9c53610 3832       1       org.springframework.core.annotation.AnnotationsScanner::processClass (93 bytes)
Event: 780.647 Thread 0x000001e8c9c53610 nmethod 3832 0x000001e8c220df90 code [0x000001e8c220e180, 0x000001e8c220e588]
Event: 781.467 Thread 0x000001e8c9c53610 3833   !   1       jdk.proxy2.$Proxy34::annotationType (29 bytes)
Event: 781.475 Thread 0x000001e8c9c53610 nmethod 3833 0x000001e8c220e790 code [0x000001e8c220e940, 0x000001e8c220eb58]
Event: 781.475 Thread 0x000001e8c9c53610 3835   !   1       org.springframework.context.annotation.ConfigurationClassUtils::checkConfigurationClassCandidate (315 bytes)
Event: 781.513 Thread 0x000001e8c9c53610 nmethod 3835 0x000001e8c220ec90 code [0x000001e8c220f080, 0x000001e8c2210348]
Event: 781.514 Thread 0x000001e8c9c53610 3834       1       java.lang.Boolean::equals (29 bytes)
Event: 781.514 Thread 0x000001e8c9c53610 nmethod 3834 0x000001e8c2210e10 code [0x000001e8c2210fa0, 0x000001e8c2211138]
Event: 781.562 Thread 0x000001e8c9c53610 3836       1       sun.reflect.generics.reflectiveObjects.TypeVariableImpl::hashCode (16 bytes)
Event: 781.562 Thread 0x000001e8c9c53610 nmethod 3836 0x000001e8c2211210 code [0x000001e8c22113c0, 0x000001e8c22114f8]
Event: 781.563 Thread 0x000001e8c9c53610 3837       1       org.springframework.beans.factory.support.AbstractBeanDefinition::<init> (461 bytes)
Event: 781.592 Thread 0x000001e8c9c53610 nmethod 3837 0x000001e8c2211610 code [0x000001e8c2211a60, 0x000001e8c22144d8]
Event: 781.592 Thread 0x000001e8c9c53610 3838       1       org.springframework.beans.factory.support.RootBeanDefinition::setParentName (15 bytes)
Event: 781.592 Thread 0x000001e8c9c53610 nmethod 3838 0x000001e8c2215310 code [0x000001e8c22154a0, 0x000001e8c2215608]
Event: 781.592 Thread 0x000001e8c9c53610 3839       1       org.springframework.beans.factory.support.AbstractBeanDefinition::copyQualifiersFrom (21 bytes)
Event: 781.593 Thread 0x000001e8c9c53610 nmethod 3839 0x000001e8c2215690 code [0x000001e8c2215840, 0x000001e8c22159d8]
Event: 781.785 Thread 0x000001e8c9c53610 3840       1       org.springframework.beans.factory.support.AbstractBeanDefinition::resolveBeanClass (24 bytes)
Event: 781.786 Thread 0x000001e8c9c53610 nmethod 3840 0x000001e8c2215b10 code [0x000001e8c2215cc0, 0x000001e8c2215f38]
Event: 781.786 Thread 0x000001e8c9c53610 3841       1       org.springframework.context.annotation.ConfigurationClassBeanDefinitionReader$ConfigurationClassBeanDefinition::getFactoryMethodMetadata (5 bytes)
Event: 781.786 Thread 0x000001e8c9c53610 nmethod 3841 0x000001e8c2216090 code [0x000001e8c2216220, 0x000001e8c22162f8]

GC Heap History (20 events):
Event: 496.808 GC heap before
{Heap before GC invocations=15 (full 0):
 garbage-first heap   total 75776K, used 11182K [0x00000000c1600000, 0x0000000100000000)
  region size 1024K, 3 young (3072K), 1 survivors (1024K)
 Metaspace       used 24577K, committed 24832K, reserved 1114112K
  class space    used 2864K, committed 3008K, reserved 1048576K
}
Event: 496.816 GC heap after
{Heap after GC invocations=16 (full 0):
 garbage-first heap   total 75776K, used 10177K [0x00000000c1600000, 0x0000000100000000)
  region size 1024K, 1 young (1024K), 1 survivors (1024K)
 Metaspace       used 24577K, committed 24832K, reserved 1114112K
  class space    used 2864K, committed 3008K, reserved 1048576K
}
Event: 500.554 GC heap before
{Heap before GC invocations=16 (full 0):
 garbage-first heap   total 75776K, used 13249K [0x00000000c1600000, 0x0000000100000000)
  region size 1024K, 5 young (5120K), 1 survivors (1024K)
 Metaspace       used 25402K, committed 25664K, reserved 1114112K
  class space    used 2979K, committed 3072K, reserved 1048576K
}
Event: 500.566 GC heap after
{Heap after GC invocations=17 (full 0):
 garbage-first heap   total 75776K, used 10335K [0x00000000c1600000, 0x0000000100000000)
  region size 1024K, 1 young (1024K), 1 survivors (1024K)
 Metaspace       used 25402K, committed 25664K, reserved 1114112K
  class space    used 2979K, committed 3072K, reserved 1048576K
}
Event: 532.379 GC heap before
{Heap before GC invocations=17 (full 0):
 garbage-first heap   total 75776K, used 17503K [0x00000000c1600000, 0x0000000100000000)
  region size 1024K, 9 young (9216K), 1 survivors (1024K)
 Metaspace       used 26955K, committed 27264K, reserved 1114112K
  class space    used 3200K, committed 3328K, reserved 1048576K
}
Event: 532.416 GC heap after
{Heap after GC invocations=18 (full 0):
 garbage-first heap   total 75776K, used 11166K [0x00000000c1600000, 0x0000000100000000)
  region size 1024K, 2 young (2048K), 2 survivors (2048K)
 Metaspace       used 26955K, committed 27264K, reserved 1114112K
  class space    used 3200K, committed 3328K, reserved 1048576K
}
Event: 551.969 GC heap before
{Heap before GC invocations=18 (full 0):
 garbage-first heap   total 75776K, used 17310K [0x00000000c1600000, 0x0000000100000000)
  region size 1024K, 9 young (9216K), 2 survivors (2048K)
 Metaspace       used 27802K, committed 28096K, reserved 1114112K
  class space    used 3305K, committed 3456K, reserved 1048576K
}
Event: 552.001 GC heap after
{Heap after GC invocations=19 (full 0):
 garbage-first heap   total 75776K, used 12198K [0x00000000c1600000, 0x0000000100000000)
  region size 1024K, 2 young (2048K), 2 survivors (2048K)
 Metaspace       used 27802K, committed 28096K, reserved 1114112K
  class space    used 3305K, committed 3456K, reserved 1048576K
}
Event: 573.993 GC heap before
{Heap before GC invocations=19 (full 0):
 garbage-first heap   total 75776K, used 17318K [0x00000000c1600000, 0x0000000100000000)
  region size 1024K, 7 young (7168K), 2 survivors (2048K)
 Metaspace       used 28238K, committed 28480K, reserved 1114112K
  class space    used 3366K, committed 3456K, reserved 1048576K
}
Event: 574.037 GC heap after
{Heap after GC invocations=20 (full 0):
 garbage-first heap   total 75776K, used 12892K [0x00000000c1600000, 0x0000000100000000)
  region size 1024K, 1 young (1024K), 1 survivors (1024K)
 Metaspace       used 28238K, committed 28480K, reserved 1114112K
  class space    used 3366K, committed 3456K, reserved 1048576K
}
Event: 646.863 GC heap before
{Heap before GC invocations=20 (full 0):
 garbage-first heap   total 75776K, used 26204K [0x00000000c1600000, 0x0000000100000000)
  region size 1024K, 15 young (15360K), 1 survivors (1024K)
 Metaspace       used 28815K, committed 29056K, reserved 1114112K
  class space    used 3461K, committed 3584K, reserved 1048576K
}
Event: 647.088 GC heap after
{Heap after GC invocations=21 (full 0):
 garbage-first heap   total 75776K, used 13667K [0x00000000c1600000, 0x0000000100000000)
  region size 1024K, 2 young (2048K), 2 survivors (2048K)
 Metaspace       used 28815K, committed 29056K, reserved 1114112K
  class space    used 3461K, committed 3584K, reserved 1048576K
}
Event: 693.412 GC heap before
{Heap before GC invocations=21 (full 0):
 garbage-first heap   total 75776K, used 20835K [0x00000000c1600000, 0x0000000100000000)
  region size 1024K, 10 young (10240K), 2 survivors (2048K)
 Metaspace       used 29630K, committed 29888K, reserved 1114112K
  class space    used 3577K, committed 3712K, reserved 1048576K
}
Event: 693.675 GC heap after
{Heap after GC invocations=22 (full 0):
 garbage-first heap   total 75776K, used 13848K [0x00000000c1600000, 0x0000000100000000)
  region size 1024K, 2 young (2048K), 2 survivors (2048K)
 Metaspace       used 29630K, committed 29888K, reserved 1114112K
  class space    used 3577K, committed 3712K, reserved 1048576K
}
Event: 740.115 GC heap before
{Heap before GC invocations=22 (full 0):
 garbage-first heap   total 75776K, used 23064K [0x00000000c1600000, 0x0000000100000000)
  region size 1024K, 11 young (11264K), 2 survivors (2048K)
 Metaspace       used 30718K, committed 30976K, reserved 1114112K
  class space    used 3735K, committed 3840K, reserved 1048576K
}
Event: 740.473 GC heap after
{Heap after GC invocations=23 (full 0):
 garbage-first heap   total 75776K, used 14388K [0x00000000c1600000, 0x0000000100000000)
  region size 1024K, 1 young (1024K), 1 survivors (1024K)
 Metaspace       used 30718K, committed 30976K, reserved 1114112K
  class space    used 3735K, committed 3840K, reserved 1048576K
}
Event: 768.668 GC heap before
{Heap before GC invocations=23 (full 0):
 garbage-first heap   total 75776K, used 18484K [0x00000000c1600000, 0x0000000100000000)
  region size 1024K, 5 young (5120K), 1 survivors (1024K)
 Metaspace       used 31187K, committed 31488K, reserved 1114112K
  class space    used 3824K, committed 3968K, reserved 1048576K
}
Event: 769.343 GC heap after
{Heap after GC invocations=24 (full 0):
 garbage-first heap   total 75776K, used 14740K [0x00000000c1600000, 0x0000000100000000)
  region size 1024K, 1 young (1024K), 1 survivors (1024K)
 Metaspace       used 31187K, committed 31488K, reserved 1114112K
  class space    used 3824K, committed 3968K, reserved 1048576K
}
Event: 779.008 GC heap before
{Heap before GC invocations=24 (full 0):
 garbage-first heap   total 75776K, used 18836K [0x00000000c1600000, 0x0000000100000000)
  region size 1024K, 5 young (5120K), 1 survivors (1024K)
 Metaspace       used 31494K, committed 31808K, reserved 1114112K
  class space    used 3878K, committed 4032K, reserved 1048576K
}
Event: 779.277 GC heap after
{Heap after GC invocations=25 (full 0):
 garbage-first heap   total 75776K, used 14949K [0x00000000c1600000, 0x0000000100000000)
  region size 1024K, 1 young (1024K), 1 survivors (1024K)
 Metaspace       used 31494K, committed 31808K, reserved 1114112K
  class space    used 3878K, committed 4032K, reserved 1048576K
}

Dll operation events (8 events):
Event: 0.036 Loaded shared library C:\Users\HP\Downloads\sts-4.21.0.RELEASE\plugins\org.eclipse.justj.openjdk.hotspot.jre.full.win32.x86_64_17.0.9.v20231028-0858\jre\bin\java.dll
Event: 6.652 Loaded shared library C:\Users\HP\Downloads\sts-4.21.0.RELEASE\plugins\org.eclipse.justj.openjdk.hotspot.jre.full.win32.x86_64_17.0.9.v20231028-0858\jre\bin\jimage.dll
Event: 7.010 Loaded shared library C:\Users\HP\Downloads\sts-4.21.0.RELEASE\plugins\org.eclipse.justj.openjdk.hotspot.jre.full.win32.x86_64_17.0.9.v20231028-0858\jre\bin\net.dll
Event: 7.014 Loaded shared library C:\Users\HP\Downloads\sts-4.21.0.RELEASE\plugins\org.eclipse.justj.openjdk.hotspot.jre.full.win32.x86_64_17.0.9.v20231028-0858\jre\bin\nio.dll
Event: 7.475 Loaded shared library C:\Users\HP\Downloads\sts-4.21.0.RELEASE\plugins\org.eclipse.justj.openjdk.hotspot.jre.full.win32.x86_64_17.0.9.v20231028-0858\jre\bin\zip.dll
Event: 13.443 Loaded shared library C:\Users\HP\Downloads\sts-4.21.0.RELEASE\plugins\org.eclipse.justj.openjdk.hotspot.jre.full.win32.x86_64_17.0.9.v20231028-0858\jre\bin\management.dll
Event: 13.611 Loaded shared library C:\Users\HP\Downloads\sts-4.21.0.RELEASE\plugins\org.eclipse.justj.openjdk.hotspot.jre.full.win32.x86_64_17.0.9.v20231028-0858\jre\bin\management_ext.dll
Event: 534.746 Loaded shared library C:\Users\HP\Downloads\sts-4.21.0.RELEASE\plugins\org.eclipse.justj.openjdk.hotspot.jre.full.win32.x86_64_17.0.9.v20231028-0858\jre\bin\sunmscapi.dll

Deoptimization events (4 events):
Event: 531.983 Thread 0x000001e8ce811760 DEOPT PACKING pc=0x000001e8c2060519 sp=0x00000031d3cfc800
Event: 531.983 Thread 0x000001e8ce811760 DEOPT UNPACKING pc=0x000001e8c1bc7143 sp=0x00000031d3cfbce0 mode 3
Event: 574.108 Thread 0x000001e8ce811760 DEOPT PACKING pc=0x000001e8c20b6255 sp=0x00000031d3cfdb90
Event: 574.112 Thread 0x000001e8ce811760 DEOPT UNPACKING pc=0x000001e8c1bc7143 sp=0x00000031d3cfd038 mode 3

Classes unloaded (20 events):
Event: 381.101 Thread 0x000001e8c9bf0600 Unloading class 0x0000000100141c00 'java/lang/invoke/LambdaForm$MH+0x0000000100141c00'
Event: 381.102 Thread 0x000001e8c9bf0600 Unloading class 0x0000000100141800 'jdk/internal/reflect/GeneratedSerializationConstructorAccessor3'
Event: 381.102 Thread 0x000001e8c9bf0600 Unloading class 0x0000000100141400 'jdk/internal/reflect/GeneratedSerializationConstructorAccessor2'
Event: 381.102 Thread 0x000001e8c9bf0600 Unloading class 0x0000000100141000 'jdk/internal/reflect/GeneratedSerializationConstructorAccessor1'
Event: 381.104 Thread 0x000001e8c9bf0600 Unloading class 0x0000000100140800 'java/lang/invoke/LambdaForm$DMH+0x0000000100140800'
Event: 381.105 Thread 0x000001e8c9bf0600 Unloading class 0x0000000100140000 'java/lang/invoke/LambdaForm$DMH+0x0000000100140000'
Event: 381.106 Thread 0x000001e8c9bf0600 Unloading class 0x00000001000c6c00 'jdk/internal/reflect/GeneratedConstructorAccessor1'
Event: 381.106 Thread 0x000001e8c9bf0600 Unloading class 0x00000001000c6000 'java/lang/invoke/LambdaForm$MH+0x00000001000c6000'
Event: 381.107 Thread 0x000001e8c9bf0600 Unloading class 0x00000001000c5c00 'java/lang/invoke/LambdaForm$MH+0x00000001000c5c00'
Event: 381.107 Thread 0x000001e8c9bf0600 Unloading class 0x00000001000c5800 'java/lang/invoke/LambdaForm$MH+0x00000001000c5800'
Event: 381.107 Thread 0x000001e8c9bf0600 Unloading class 0x00000001000c5400 'java/lang/invoke/LambdaForm$MH+0x00000001000c5400'
Event: 381.107 Thread 0x000001e8c9bf0600 Unloading class 0x00000001000c5000 'java/lang/invoke/LambdaForm$MH+0x00000001000c5000'
Event: 381.107 Thread 0x000001e8c9bf0600 Unloading class 0x00000001000c4c00 'java/lang/invoke/LambdaForm$MH+0x00000001000c4c00'
Event: 381.108 Thread 0x000001e8c9bf0600 Unloading class 0x00000001000c3c00 'java/lang/invoke/LambdaForm$MH+0x00000001000c3c00'
Event: 381.108 Thread 0x000001e8c9bf0600 Unloading class 0x00000001000c3800 'java/lang/invoke/LambdaForm$MH+0x00000001000c3800'
Event: 381.108 Thread 0x000001e8c9bf0600 Unloading class 0x00000001000c3000 'java/lang/invoke/LambdaForm$MH+0x00000001000c3000'
Event: 381.108 Thread 0x000001e8c9bf0600 Unloading class 0x00000001000c2400 'java/lang/invoke/LambdaForm$MH+0x00000001000c2400'
Event: 381.109 Thread 0x000001e8c9bf0600 Unloading class 0x00000001000c1c00 'java/lang/invoke/LambdaForm$MH+0x00000001000c1c00'
Event: 381.109 Thread 0x000001e8c9bf0600 Unloading class 0x00000001000c1400 'java/lang/invoke/LambdaForm$MH+0x00000001000c1400'
Event: 381.109 Thread 0x000001e8c9bf0600 Unloading class 0x00000001000c0c00 'java/lang/invoke/LambdaForm$MH+0x00000001000c0c00'

Classes redefined (0 events):
No events

Internal exceptions (20 events):
Event: 318.753 Thread 0x000001e8ce811760 Exception <a 'java/lang/NoSuchMethodError'{0x00000000c55eba30}: 'java.lang.Object java.lang.invoke.DirectMethodHandle$Holder.newInvokeSpecial(java.lang.Object, java.lang.Object, long)'> (0x00000000c55eba30) 
thrown [s\src\hotspot\share\interpreter\linkResolver.cpp, line 759]
Event: 327.022 Thread 0x000001e8ce811760 Exception <a 'java/lang/NoSuchMethodError'{0x00000000c54742e8}: 'void java.lang.invoke.DirectMethodHandle$Holder.invokeSpecial(java.lang.Object, java.lang.Object, java.lang.Object, java.lang.Object, java.lang.Object)'> (0x00000000c54742e8) 
thrown [s\src\hotspot\share\interpreter\linkResolver.cpp, line 759]
Event: 327.564 Thread 0x000001e8ce811760 Exception <a 'java/lang/NoSuchMethodError'{0x00000000c547c900}: 'void java.lang.invoke.DirectMethodHandle$Holder.invokeVirtual(java.lang.Object, java.lang.Object, java.lang.Object, java.lang.Object)'> (0x00000000c547c900) 
thrown [s\src\hotspot\share\interpreter\linkResolver.cpp, line 759]
Event: 346.069 Thread 0x000001e8ce811760 Exception <a 'java/lang/NoSuchMethodError'{0x00000000c5280128}: 'void java.lang.invoke.DirectMethodHandle$Holder.invokeSpecial(java.lang.Object, java.lang.Object, java.lang.Object)'> (0x00000000c5280128) 
thrown [s\src\hotspot\share\interpreter\linkResolver.cpp, line 759]
Event: 349.595 Thread 0x000001e8ce814a00 Exception <a 'java/lang/NoClassDefFoundError'{0x00000000c52d51d0}: jakarta/validation/Validation> (0x00000000c52d51d0) 
thrown [s\src\hotspot\share\classfile\systemDictionary.cpp, line 245]
Event: 349.684 Thread 0x000001e8ce811760 Exception <a 'java/lang/IncompatibleClassChangeError'{0x00000000c52e4b68}: Found class java.lang.Object, but interface was expected> (0x00000000c52e4b68) 
thrown [s\src\hotspot\share\interpreter\linkResolver.cpp, line 826]
Event: 505.212 Thread 0x000001e8ce814a00 Exception <a 'java/lang/NoSuchMethodError'{0x00000000c5e73628}: 'long java.lang.invoke.DirectMethodHandle$Holder.invokeSpecial(java.lang.Object, java.lang.Object)'> (0x00000000c5e73628) 
thrown [s\src\hotspot\share\interpreter\linkResolver.cpp, line 759]
Event: 506.967 Thread 0x000001e8ce814a00 Exception <a 'java/lang/NoSuchMethodError'{0x00000000c5e7e850}: 'long java.lang.invoke.DirectMethodHandle$Holder.invokeStatic(java.lang.Object, java.lang.Object)'> (0x00000000c5e7e850) 
thrown [s\src\hotspot\share\interpreter\linkResolver.cpp, line 759]
Event: 507.692 Thread 0x000001e8ce814a00 Exception <a 'java/lang/NoSuchMethodError'{0x00000000c5ec43c0}: 'long java.lang.invoke.DirectMethodHandle$Holder.invokeStaticInit(java.lang.Object, java.lang.Object)'> (0x00000000c5ec43c0) 
thrown [s\src\hotspot\share\interpreter\linkResolver.cpp, line 759]
Event: 507.706 Thread 0x000001e8ce814a00 Exception <a 'java/lang/NoSuchMethodError'{0x00000000c5ed1f68}: 'long java.lang.invoke.DirectMethodHandle$Holder.invokeInterface(java.lang.Object, java.lang.Object)'> (0x00000000c5ed1f68) 
thrown [s\src\hotspot\share\interpreter\linkResolver.cpp, line 759]
Event: 507.708 Thread 0x000001e8ce814a00 Exception <a 'java/lang/IncompatibleClassChangeError'{0x00000000c5ed54f8}: Found class java.lang.Object, but interface was expected> (0x00000000c5ed54f8) 
thrown [s\src\hotspot\share\interpreter\linkResolver.cpp, line 826]
Event: 512.527 Thread 0x000001e8ce814a00 Exception <a 'java/lang/NoSuchMethodError'{0x00000000c5d8aa00}: 'java.lang.Object java.lang.invoke.DirectMethodHandle$Holder.invokeVirtual(java.lang.Object, java.lang.Object, java.lang.Object, java.lang.Object)'> (0x00000000c5d8aa00) 
thrown [s\src\hotspot\share\interpreter\linkResolver.cpp, line 759]
Event: 519.872 Thread 0x000001e8ce811760 Exception <a 'sun/nio/fs/WindowsException'{0x00000000c5b76510}> (0x00000000c5b76510) 
thrown [s\src\hotspot\share\prims\jni.cpp, line 516]
Event: 520.216 Thread 0x000001e8ce811760 Exception <a 'java/lang/NoSuchMethodError'{0x00000000c5b78170}: 'int java.lang.invoke.DirectMethodHandle$Holder.invokeSpecial(java.lang.Object, java.lang.Object, java.lang.Object, java.lang.Object, java.lang.Object)'> (0x00000000c5b78170) 
thrown [s\src\hotspot\share\interpreter\linkResolver.cpp, line 759]
Event: 521.240 Thread 0x000001e8ce811760 Exception <a 'java/lang/NoSuchMethodError'{0x00000000c5b87cc8}: 'void java.lang.invoke.DirectMethodHandle$Holder.invokeVirtual(java.lang.Object, java.lang.Object)'> (0x00000000c5b87cc8) 
thrown [s\src\hotspot\share\interpreter\linkResolver.cpp, line 759]
Event: 554.453 Thread 0x000001e8ce811760 Exception <a 'java/lang/IncompatibleClassChangeError'{0x00000000c5ec2560}: Found class java.lang.Object, but interface was expected> (0x00000000c5ec2560) 
thrown [s\src\hotspot\share\interpreter\linkResolver.cpp, line 826]
Event: 641.510 Thread 0x000001e8ce8135c0 Exception <a 'java/lang/NoSuchMethodError'{0x00000000c53e7168}: static [B.<clinit>()V> (0x00000000c53e7168) 
thrown [s\src\hotspot\share\prims\jni.cpp, line 1107]
Event: 735.457 Thread 0x000001e8ce811760 Exception <a 'sun/nio/fs/WindowsException'{0x00000000c5573ee8}> (0x00000000c5573ee8) 
thrown [s\src\hotspot\share\prims\jni.cpp, line 516]
Event: 745.526 Thread 0x000001e8ce811760 Exception <a 'sun/nio/fs/WindowsException'{0x00000000c5e52120}> (0x00000000c5e52120) 
thrown [s\src\hotspot\share\prims\jni.cpp, line 516]
Event: 746.117 Thread 0x000001e8ce811760 Exception <a 'java/lang/NoSuchMethodError'{0x00000000c5e838b8}: 'java.lang.Object java.lang.invoke.DirectMethodHandle$Holder.invokeSpecialIFC(java.lang.Object, java.lang.Object, java.lang.Object)'> (0x00000000c5e838b8) 
thrown [s\src\hotspot\share\interpreter\linkResolver.cpp, line 759]

VM Operations (20 events):
Event: 765.963 Executing VM operation: Cleanup
Event: 765.964 Executing VM operation: Cleanup done
Event: 768.666 Executing VM operation: G1CollectForAllocation
Event: 769.343 Executing VM operation: G1CollectForAllocation done
Event: 771.347 Executing VM operation: Cleanup
Event: 771.681 Executing VM operation: Cleanup done
Event: 772.682 Executing VM operation: Cleanup
Event: 772.742 Executing VM operation: Cleanup done
Event: 773.750 Executing VM operation: Cleanup
Event: 773.750 Executing VM operation: Cleanup done
Event: 775.751 Executing VM operation: Cleanup
Event: 776.040 Executing VM operation: Cleanup done
Event: 778.040 Executing VM operation: Cleanup
Event: 778.068 Executing VM operation: Cleanup done
Event: 779.005 Executing VM operation: G1CollectForAllocation
Event: 779.287 Executing VM operation: G1CollectForAllocation done
Event: 781.300 Executing VM operation: Cleanup
Event: 781.361 Executing VM operation: Cleanup done
Event: 782.362 Executing VM operation: Cleanup
Event: 782.404 Executing VM operation: Cleanup done

Events (20 events):
Event: 724.151 loading class java/util/Collections$UnmodifiableMap$UnmodifiableEntrySet$1
Event: 724.160 loading class java/util/Collections$UnmodifiableMap$UnmodifiableEntrySet$1 done
Event: 724.161 loading class java/util/Collections$UnmodifiableMap$UnmodifiableEntrySet$UnmodifiableEntry
Event: 724.247 loading class java/util/Collections$UnmodifiableMap$UnmodifiableEntrySet$UnmodifiableEntry done
Event: 743.205 loading class java/util/stream/Streams$ConcatSpliterator$OfRef
Event: 743.211 loading class java/util/stream/Streams$ConcatSpliterator
Event: 743.215 loading class java/util/stream/Streams$ConcatSpliterator done
Event: 743.215 loading class java/util/stream/Streams$ConcatSpliterator$OfRef done
Event: 743.219 loading class java/util/stream/Streams$2
Event: 743.220 loading class java/util/stream/Streams$2 done
Event: 747.444 loading class java/util/stream/ReferencePipeline$15
Event: 747.961 loading class java/util/stream/ReferencePipeline$15 done
Event: 749.525 loading class java/util/stream/ReferencePipeline$15$1
Event: 749.554 loading class java/util/stream/ReferencePipeline$15$1 done
Event: 756.386 loading class sun/reflect/generics/tree/BooleanSignature
Event: 756.440 loading class sun/reflect/generics/tree/BooleanSignature done
Event: 776.919 loading class java/io/FileFilter
Event: 776.925 loading class java/io/FileFilter done
Event: 780.637 loading class java/net/SocketException
Event: 780.642 loading class java/net/SocketException done


Dynamic libraries:
0x00007ff7f9af0000 - 0x00007ff7f9afe000 	C:\Users\HP\Downloads\sts-4.21.0.RELEASE\plugins\org.eclipse.justj.openjdk.hotspot.jre.full.win32.x86_64_17.0.9.v20231028-0858\jre\bin\javaw.exe
0x00007ff9b7a90000 - 0x00007ff9b7ca7000 	C:\WINDOWS\SYSTEM32\ntdll.dll
0x00007ff9b69c0000 - 0x00007ff9b6a84000 	C:\WINDOWS\System32\KERNEL32.DLL
0x00007ff9b50e0000 - 0x00007ff9b5486000 	C:\WINDOWS\System32\KERNELBASE.dll
0x00007ff9b5690000 - 0x00007ff9b57a1000 	C:\WINDOWS\System32\ucrtbase.dll
0x00007ff969450000 - 0x00007ff96946b000 	C:\Users\HP\Downloads\sts-4.21.0.RELEASE\plugins\org.eclipse.justj.openjdk.hotspot.jre.full.win32.x86_64_17.0.9.v20231028-0858\jre\bin\VCRUNTIME140.dll
0x00007ff988b90000 - 0x00007ff988ba7000 	C:\Users\HP\Downloads\sts-4.21.0.RELEASE\plugins\org.eclipse.justj.openjdk.hotspot.jre.full.win32.x86_64_17.0.9.v20231028-0858\jre\bin\jli.dll
0x00007ff9b6530000 - 0x00007ff9b66de000 	C:\WINDOWS\System32\USER32.dll
0x00007ff9b5500000 - 0x00007ff9b5526000 	C:\WINDOWS\System32\win32u.dll
0x00007ff9b6170000 - 0x00007ff9b6199000 	C:\WINDOWS\System32\GDI32.dll
0x00007ff9b4dd0000 - 0x00007ff9b4ee8000 	C:\WINDOWS\System32\gdi32full.dll
0x00007ff9b55f0000 - 0x00007ff9b568a000 	C:\WINDOWS\System32\msvcp_win.dll
0x00007ff9a1e70000 - 0x00007ff9a2103000 	C:\WINDOWS\WinSxS\amd64_microsoft.windows.common-controls_6595b64144ccf1df_6.0.22621.2506_none_270c5ae97388e100\COMCTL32.dll
0x00007ff9b5820000 - 0x00007ff9b58c7000 	C:\WINDOWS\System32\msvcrt.dll
0x00007ff9b57e0000 - 0x00007ff9b5811000 	C:\WINDOWS\System32\IMM32.DLL
0x00007ff9ad960000 - 0x00007ff9ad96c000 	C:\Users\HP\Downloads\sts-4.21.0.RELEASE\plugins\org.eclipse.justj.openjdk.hotspot.jre.full.win32.x86_64_17.0.9.v20231028-0858\jre\bin\vcruntime140_1.dll
0x00007ff968fe0000 - 0x00007ff96906d000 	C:\Users\HP\Downloads\sts-4.21.0.RELEASE\plugins\org.eclipse.justj.openjdk.hotspot.jre.full.win32.x86_64_17.0.9.v20231028-0858\jre\bin\msvcp140.dll
0x00007ff931da0000 - 0x00007ff932a01000 	C:\Users\HP\Downloads\sts-4.21.0.RELEASE\plugins\org.eclipse.justj.openjdk.hotspot.jre.full.win32.x86_64_17.0.9.v20231028-0858\jre\bin\server\jvm.dll
0x00007ff9b6700000 - 0x00007ff9b67b3000 	C:\WINDOWS\System32\ADVAPI32.dll
0x00007ff9b78a0000 - 0x00007ff9b7948000 	C:\WINDOWS\System32\sechost.dll
0x00007ff9b57b0000 - 0x00007ff9b57d8000 	C:\WINDOWS\System32\bcrypt.dll
0x00007ff9b6050000 - 0x00007ff9b6167000 	C:\WINDOWS\System32\RPCRT4.dll
0x00007ff9b4af0000 - 0x00007ff9b4b3d000 	C:\WINDOWS\SYSTEM32\POWRPROF.dll
0x00007ff9aff00000 - 0x00007ff9aff09000 	C:\WINDOWS\SYSTEM32\WSOCK32.dll
0x00007ff9b5df0000 - 0x00007ff9b5e61000 	C:\WINDOWS\System32\WS2_32.dll
0x00007ff9ad370000 - 0x00007ff9ad3a4000 	C:\WINDOWS\SYSTEM32\WINMM.dll
0x00007ff9a2af0000 - 0x00007ff9a2afa000 	C:\WINDOWS\SYSTEM32\VERSION.dll
0x00007ff9b4ad0000 - 0x00007ff9b4ae3000 	C:\WINDOWS\SYSTEM32\UMPDC.dll
0x00007ff9b3e00000 - 0x00007ff9b3e18000 	C:\WINDOWS\SYSTEM32\kernel.appcore.dll
0x00007ff9a4bc0000 - 0x00007ff9a4bca000 	C:\Users\HP\Downloads\sts-4.21.0.RELEASE\plugins\org.eclipse.justj.openjdk.hotspot.jre.full.win32.x86_64_17.0.9.v20231028-0858\jre\bin\jimage.dll
0x00007ff9b26a0000 - 0x00007ff9b28d3000 	C:\WINDOWS\SYSTEM32\DBGHELP.DLL
0x00007ff9b61a0000 - 0x00007ff9b6529000 	C:\WINDOWS\System32\combase.dll
0x00007ff9b5e70000 - 0x00007ff9b5f47000 	C:\WINDOWS\System32\OLEAUT32.dll
0x00007ff99b4e0000 - 0x00007ff99b512000 	C:\WINDOWS\SYSTEM32\dbgcore.DLL
0x00007ff9b5060000 - 0x00007ff9b50da000 	C:\WINDOWS\System32\bcryptPrimitives.dll
0x00007ff96ade0000 - 0x00007ff96ae05000 	C:\Users\HP\Downloads\sts-4.21.0.RELEASE\plugins\org.eclipse.justj.openjdk.hotspot.jre.full.win32.x86_64_17.0.9.v20231028-0858\jre\bin\java.dll
0x00007ff96afa0000 - 0x00007ff96afb8000 	C:\Users\HP\Downloads\sts-4.21.0.RELEASE\plugins\org.eclipse.justj.openjdk.hotspot.jre.full.win32.x86_64_17.0.9.v20231028-0858\jre\bin\zip.dll
0x00007ff9b7040000 - 0x00007ff9b789a000 	C:\WINDOWS\System32\SHELL32.dll
0x00007ff9b2d20000 - 0x00007ff9b3616000 	C:\WINDOWS\SYSTEM32\windows.storage.dll
0x00007ff9b2be0000 - 0x00007ff9b2d1e000 	C:\WINDOWS\SYSTEM32\wintypes.dll
0x00007ff9b7950000 - 0x00007ff9b7a43000 	C:\WINDOWS\System32\SHCORE.dll
0x00007ff9b6fe0000 - 0x00007ff9b703e000 	C:\WINDOWS\System32\shlwapi.dll
0x00007ff9b4d00000 - 0x00007ff9b4d26000 	C:\WINDOWS\SYSTEM32\profapi.dll
0x00007ff96a990000 - 0x00007ff96a9a9000 	C:\Users\HP\Downloads\sts-4.21.0.RELEASE\plugins\org.eclipse.justj.openjdk.hotspot.jre.full.win32.x86_64_17.0.9.v20231028-0858\jre\bin\net.dll
0x00007ff9adc20000 - 0x00007ff9add57000 	C:\WINDOWS\SYSTEM32\WINHTTP.dll
0x00007ff9b4280000 - 0x00007ff9b42e9000 	C:\WINDOWS\system32\mswsock.dll
0x00007ff96a970000 - 0x00007ff96a986000 	C:\Users\HP\Downloads\sts-4.21.0.RELEASE\plugins\org.eclipse.justj.openjdk.hotspot.jre.full.win32.x86_64_17.0.9.v20231028-0858\jre\bin\nio.dll
0x00007ff9a4db0000 - 0x00007ff9a4db9000 	C:\Users\HP\Downloads\sts-4.21.0.RELEASE\plugins\org.eclipse.justj.openjdk.hotspot.jre.full.win32.x86_64_17.0.9.v20231028-0858\jre\bin\management.dll
0x00007ff99d1c0000 - 0x00007ff99d1cb000 	C:\Users\HP\Downloads\sts-4.21.0.RELEASE\plugins\org.eclipse.justj.openjdk.hotspot.jre.full.win32.x86_64_17.0.9.v20231028-0858\jre\bin\management_ext.dll
0x00007ff9b6810000 - 0x00007ff9b6818000 	C:\WINDOWS\System32\PSAPI.DLL
0x00007ff990230000 - 0x00007ff990247000 	C:\WINDOWS\system32\napinsp.dll
0x00007ff990210000 - 0x00007ff99022b000 	C:\WINDOWS\system32\pnrpnsp.dll
0x00007ff9b38f0000 - 0x00007ff9b39e9000 	C:\WINDOWS\SYSTEM32\DNSAPI.dll
0x00007ff9b3880000 - 0x00007ff9b38ad000 	C:\WINDOWS\SYSTEM32\IPHLPAPI.DLL
0x00007ff9b66e0000 - 0x00007ff9b66e9000 	C:\WINDOWS\System32\NSI.dll
0x00007ff9901f0000 - 0x00007ff990201000 	C:\WINDOWS\System32\winrnr.dll
0x00007ff9ad350000 - 0x00007ff9ad365000 	C:\WINDOWS\system32\wshbth.dll
0x00007ff9901c0000 - 0x00007ff9901e1000 	C:\WINDOWS\system32\nlansp_c.dll
0x00007ff9a2370000 - 0x00007ff9a237a000 	C:\Windows\System32\rasadhlp.dll
0x00007ff9aaea0000 - 0x00007ff9aaf23000 	C:\WINDOWS\System32\fwpuclnt.dll
0x00007ff9b44d0000 - 0x00007ff9b44eb000 	C:\WINDOWS\SYSTEM32\CRYPTSP.dll
0x00007ff9b3d60000 - 0x00007ff9b3d95000 	C:\WINDOWS\system32\rsaenh.dll
0x00007ff9b4370000 - 0x00007ff9b439c000 	C:\WINDOWS\SYSTEM32\USERENV.dll
0x00007ff9b44f0000 - 0x00007ff9b44fc000 	C:\WINDOWS\SYSTEM32\CRYPTBASE.dll
0x00007ff9adfd0000 - 0x00007ff9adfe9000 	C:\WINDOWS\SYSTEM32\dhcpcsvc6.DLL
0x00007ff9ada40000 - 0x00007ff9ada5f000 	C:\WINDOWS\SYSTEM32\dhcpcsvc.DLL
0x00007ff99fee0000 - 0x00007ff99feee000 	C:\Users\HP\Downloads\sts-4.21.0.RELEASE\plugins\org.eclipse.justj.openjdk.hotspot.jre.full.win32.x86_64_17.0.9.v20231028-0858\jre\bin\sunmscapi.dll
0x00007ff9b4ef0000 - 0x00007ff9b5056000 	C:\WINDOWS\System32\CRYPT32.dll
0x00007ff9b4690000 - 0x00007ff9b46be000 	C:\WINDOWS\SYSTEM32\ncrypt.dll
0x00007ff9b4650000 - 0x00007ff9b4687000 	C:\WINDOWS\SYSTEM32\NTASN1.dll

dbghelp: loaded successfully - version: 4.0.5 - missing functions: none
symbol engine: initialized successfully - sym options: 0x614 - pdb path: .;C:\Users\HP\Downloads\sts-4.21.0.RELEASE\plugins\org.eclipse.justj.openjdk.hotspot.jre.full.win32.x86_64_17.0.9.v20231028-0858\jre\bin;C:\WINDOWS\SYSTEM32;C:\WINDOWS\WinSxS\amd64_microsoft.windows.common-controls_6595b64144ccf1df_6.0.22621.2506_none_270c5ae97388e100;C:\Users\HP\Downloads\sts-4.21.0.RELEASE\plugins\org.eclipse.justj.openjdk.hotspot.jre.full.win32.x86_64_17.0.9.v20231028-0858\jre\bin\server

VM Arguments:
jvm_args: -Dcom.sun.management.jmxremote -Dcom.sun.management.jmxremote.port=49315 -Dcom.sun.management.jmxremote.authenticate=false -Dcom.sun.management.jmxremote.ssl=false -Djava.rmi.server.hostname=localhost -Dspring.jmx.enabled=true -Dmanagement.endpoints.jmx.exposure.include=* -Dspring.application.admin.enabled=true -XX:TieredStopAtLevel=1 -Dspring.boot.project.name=blog-application-apis -Dfile.encoding=UTF-8 -Dstdout.encoding=UTF-8 -Dstderr.encoding=UTF-8 -XX:+ShowCodeDetailsInExceptionMessages 
java_command: com.Ayush.blog.BlogApplicationApisApplication --spring.output.ansi.enabled=always
java_class_path (initial): C:\Users\HP\Documents\workspace-spring-tool-suite-4-4.21.0.RELEASE\blog-application-apis\target\classes;C:\Users\HP\.m2\repository\org\springframework\boot\spring-boot-starter-data-jpa\3.2.2\spring-boot-starter-data-jpa-3.2.2.jar;C:\Users\HP\.m2\repository\org\springframework\boot\spring-boot-starter-aop\3.2.2\spring-boot-starter-aop-3.2.2.jar;C:\Users\HP\.m2\repository\org\springframework\spring-aop\6.1.3\spring-aop-6.1.3.jar;C:\Users\HP\.m2\repository\org\aspectj\aspectjweaver\1.9.21\aspectjweaver-1.9.21.jar;C:\Users\HP\.m2\repository\org\springframework\boot\spring-boot-starter-jdbc\3.2.2\spring-boot-starter-jdbc-3.2.2.jar;C:\Users\HP\.m2\repository\com\zaxxer\HikariCP\5.0.1\HikariCP-5.0.1.jar;C:\Users\HP\.m2\repository\org\springframework\spring-jdbc\6.1.3\spring-jdbc-6.1.3.jar;C:\Users\HP\.m2\repository\org\hibernate\orm\hibernate-core\6.4.1.Final\hibernate-core-6.4.1.Final.jar;C:\Users\HP\.m2\repository\jakarta\persistence\jakarta.persistence-api\3.1.0\jakarta.persistence-api-3.1.0.jar;C:\Users\HP\.m2\repository\jakarta\transaction\jakarta.transaction-api\2.0.1\jakarta.transaction-api-2.0.1.jar;C:\Users\HP\.m2\repository\org\jboss\logging\jboss-logging\3.5.3.Final\jboss-logging-3.5.3.Final.jar;C:\Users\HP\.m2\repository\org\hibernate\common\hibernate-commons-annotations\6.0.6.Final\hibernate-commons-annotations-6.0.6.Final.jar;C:\Users\HP\.m2\repository\io\smallrye\jandex\3.1.2\jandex-3.1.2.jar;C:\Users\HP\.m2\repository\com\fasterxml\classmate\1.6.0\classmate-1.6.0.jar;C:\Users\HP\.m2\repository\net\bytebuddy\byte-buddy\1.14.11\byte-buddy-1.14.11.jar;C:\Users\HP\.m2\repository\org\glassfish\jaxb\jaxb-runtime\4.0.4\jaxb-runtime-4.0.4.jar;C:\Users\HP\.m2\repository\org\glassfish\jaxb\jaxb-core\4.0.4\jaxb-core-4.0.4.jar;C:\Users\HP\.m2\repository\org\eclipse\angus\angus-activation\2.0.1\angus-activation-2.0.1.jar;C:\Users\HP\.m2\repository\org\glassfish\jaxb\txw2\4.0.4\txw2-4.0.4.jar;C:\Users\HP\.m2\repository\com\sun\istack\istack-c
Launcher Type: SUN_STANDARD

[Global flags]
     intx CICompilerCount                          = 4                                         {product} {ergonomic}
     uint ConcGCThreads                            = 2                                         {product} {ergonomic}
     uint G1ConcRefinementThreads                  = 8                                         {product} {ergonomic}
   size_t G1HeapRegionSize                         = 1048576                                   {product} {ergonomic}
    uintx GCDrainStackTargetSize                   = 64                                        {product} {ergonomic}
   size_t InitialHeapSize                          = 67108864                                  {product} {ergonomic}
     bool ManagementServer                         = true                                      {product} {command line}
   size_t MarkStackSize                            = 4194304                                   {product} {ergonomic}
   size_t MaxHeapSize                              = 1050673152                                {product} {ergonomic}
   size_t MaxNewSize                               = 630194176                                 {product} {ergonomic}
   size_t MinHeapDeltaBytes                        = 1048576                                   {product} {ergonomic}
   size_t MinHeapSize                              = 8388608                                   {product} {ergonomic}
    uintx NonProfiledCodeHeapSize                  = 0                                      {pd product} {ergonomic}
     bool ProfileInterpreter                       = false                                  {pd product} {command line}
    uintx ProfiledCodeHeapSize                     = 0                                      {pd product} {ergonomic}
     bool ShowCodeDetailsInExceptionMessages       = true                                   {manageable} {command line}
   size_t SoftMaxHeapSize                          = 1050673152                             {manageable} {ergonomic}
     intx TieredStopAtLevel                        = 1                                         {product} {command line}
     bool UseCompressedClassPointers               = true                           {product lp64_product} {ergonomic}
     bool UseCompressedOops                        = true                           {product lp64_product} {ergonomic}
     bool UseG1GC                                  = true                                      {product} {ergonomic}
     bool UseLargePagesIndividualAllocation        = false                                  {pd product} {ergonomic}

Logging:
Log output configuration:
 #0: stdout all=warning uptime,level,tags
 #1: stderr all=off uptime,level,tags

Environment Variables:
JAVA_HOME=C:\Program Files\Java\jdk-20
PATH=C:/Users/HP/Downloads/sts-4.21.0.RELEASE//plugins/org.eclipse.justj.openjdk.hotspot.jre.full.win32.x86_64_17.0.9.v20231028-0858/jre/bin/server;C:/Users/HP/Downloads/sts-4.21.0.RELEASE//plugins/org.eclipse.justj.openjdk.hotspot.jre.full.win32.x86_64_17.0.9.v20231028-0858/jre/bin;C:\Program Files\Common Files\Oracle\Java\javapath;C:\WINDOWS\system32;C:\WINDOWS;C:\WINDOWS\System32\Wbem;C:\WINDOWS\System32\WindowsPowerShell\v1.0\;C:\WINDOWS\System32\OpenSSH\;C:\Program Files\Microchip\xc8\v2.36\bin;C:\Program Files\Java\jdk-20\bin;C:\Program Files\Common Files\Oracle\Java\javapath;C:\Aldec\Active-HDL-Student-Edition\bin;C:\Program Files\MySQL\MySQL Server 8.0\bin;C:\Program Files\Java\jdk-21\bin;C:\Program Files\MySQL\MySQL Shell 8.0\bin\;C:\Users\HP\AppData\Local\Microsoft\WindowsApps;C:\Program Files\JetBrains\IntelliJ IDEA Community Edition 2023.3.2\bin;;C:\Users\HP\Downloads\sts-4.21.0.RELEASE;
USERNAME=HP
OS=Windows_NT
PROCESSOR_IDENTIFIER=Intel64 Family 6 Model 142 Stepping 10, GenuineIntel
TMP=C:\Users\HP\AppData\Local\Temp
TEMP=C:\Users\HP\AppData\Local\Temp



Periodic native trim disabled


---------------  S Y S T E M  ---------------

OS:
 Windows 11 , 64 bit Build 22621 (10.0.22621.2506)
OS uptime: 15 days 1:09 hours

CPU: total 8 (initial active 8) (4 cores per cpu, 2 threads per core) family 6 model 142 stepping 10 microcode 0xe0, cx8, cmov, fxsr, ht, mmx, 3dnowpref, sse, sse2, sse3, ssse3, sse4.1, sse4.2, popcnt, lzcnt, tsc, tscinvbit, avx, avx2, aes, erms, clmul, bmi1, bmi2, adx, fma, vzeroupper, clflush, clflushopt
Processor Information for all 8 processors :
  Max Mhz: 1801, Current Mhz: 1801, Mhz Limit: 1801

Memory: 4k page, system-wide physical 4007M (16M free)
TotalPageFile size 16295M (AvailPageFile size 1M)
current process WorkingSet (physical memory assigned to process): 4M, peak: 47M
current process commit charge ("private bytes"): 190M, peak: 190M

vm_info: OpenJDK 64-Bit Server VM (17.0.9+9) for windows-amd64 JRE (17.0.9+9), built on Oct 26 2023 14:01:42 by "admin" with MS VC++ 16.10 / 16.11 (VS2019)

END.
