#
# There is insufficient memory for the Java Runtime Environment to continue.
# Native memory allocation (malloc) failed to allocate 32744 bytes for ChunkPool::allocate
# Possible reasons:
#   The system is out of physical RAM or swap space
#   The process is running with CompressedOops enabled, and the Java Heap may be blocking the growth of the native heap
# Possible solutions:
#   Reduce memory load on the system
#   Increase physical memory or swap space
#   Check if swap backing store is full
#   Decrease Java heap size (-Xmx/-Xms)
#   Decrease number of Java threads
#   Decrease Java thread stack sizes (-Xss)
#   Set larger code cache with -XX:ReservedCodeCacheSize=
#   JVM is running with Unscaled Compressed Oops mode in which the Java heap is
#     placed in the first 4GB address space. The Java Heap base address is the
#     maximum limit for the native heap growth. Please use -XX:HeapBaseMinAddress
#     to set the Java Heap base and to place the Java Heap above 4GB virtual address.
# This output file may be truncated or incomplete.
#
#  Out of Memory Error (arena.cpp:79), pid=19832, tid=12764
#
# JRE version: OpenJDK Runtime Environment Temurin-17.0.9+9 (17.0.9+9) (build 17.0.9+9)
# Java VM: OpenJDK 64-Bit Server VM Temurin-17.0.9+9 (17.0.9+9, mixed mode, emulated-client, tiered, compressed oops, compressed class ptrs, g1 gc, windows-amd64)
# No core dump will be written. Minidumps are not enabled by default on client versions of Windows
#

---------------  S U M M A R Y ------------

Command Line: -Dcom.sun.management.jmxremote -Dcom.sun.management.jmxremote.port=49305 -Dcom.sun.management.jmxremote.authenticate=false -Dcom.sun.management.jmxremote.ssl=false -Djava.rmi.server.hostname=localhost -Dspring.jmx.enabled=true -Dmanagement.endpoints.jmx.exposure.include=* -Dspring.application.admin.enabled=true -XX:TieredStopAtLevel=1 -Dspring.boot.project.name=blog-application-apis -Dfile.encoding=UTF-8 -Dstdout.encoding=UTF-8 -Dstderr.encoding=UTF-8 -XX:+ShowCodeDetailsInExceptionMessages com.Ayush.blog.BlogApplicationApisApplication --spring.output.ansi.enabled=always

Host: Intel(R) Core(TM) i5-8250U CPU @ 1.60GHz, 8 cores, 3G,  Windows 11 , 64 bit Build 22621 (10.0.22621.2506)
Time: Mon Feb 12 14:29:07 2024 India Standard Time elapsed time: 788.345638 seconds (0d 0h 13m 8s)

---------------  T H R E A D  ---------------

Current thread (0x0000022f1d8ea950):  JavaThread "C1 CompilerThread0" daemon [_thread_in_native, id=12764, stack(0x000000b0e1700000,0x000000b0e1800000)]


Current CompileTask:
C1: 788345 3692       1       java.lang.invoke.MethodTypeForm::<init> (322 bytes)

Stack: [0x000000b0e1700000,0x000000b0e1800000]
Native frames: (J=compiled Java code, j=interpreted, Vv=VM code, C=native code)
V  [jvm.dll+0x67cf49]
V  [jvm.dll+0x83478a]
V  [jvm.dll+0x83624e]
V  [jvm.dll+0x8368b3]
V  [jvm.dll+0x247f1f]
V  [jvm.dll+0xac65c]
V  [jvm.dll+0xaca8c]
V  [jvm.dll+0x1779c3]
V  [jvm.dll+0x177a8d]
V  [jvm.dll+0x17a271]
V  [jvm.dll+0x17bd91]
V  [jvm.dll+0x136313]
V  [jvm.dll+0x135c1f]
V  [jvm.dll+0x135e56]
V  [jvm.dll+0x1352ea]
V  [jvm.dll+0x136fa1]
V  [jvm.dll+0x2297ae]
V  [jvm.dll+0x22797c]
V  [jvm.dll+0x7e9877]
V  [jvm.dll+0x7e3c3a]
V  [jvm.dll+0x67be35]
C  [ucrtbase.dll+0x29363]
C  [KERNEL32.DLL+0x1257d]
C  [ntdll.dll+0x5aa58]


---------------  P R O C E S S  ---------------

Threads class SMR info:
_java_thread_list=0x0000022f22e96630, length=19, elements={
0x0000022f11fe6480, 0x0000022f1d775440, 0x0000022f1d7762c0, 0x0000022f1d798590,
0x0000022f1d799320, 0x0000022f1d7ca420, 0x0000022f1d8ea080, 0x0000022f1d8ea950,
0x0000022f1d7d9370, 0x0000022f1d70e6a0, 0x0000022f1da9e010, 0x0000022f222f1f30,
0x0000022f222e4760, 0x0000022f222f4460, 0x0000022f223df570, 0x0000022f22458a80,
0x0000022f22458060, 0x0000022f2245adf0, 0x0000022f2245b810
}

Java Threads: ( => current thread )
  0x0000022f11fe6480 JavaThread "main" [_thread_blocked, id=9608, stack(0x000000b0e0a00000,0x000000b0e0b00000)]
  0x0000022f1d775440 JavaThread "Reference Handler" daemon [_thread_blocked, id=7552, stack(0x000000b0e1100000,0x000000b0e1200000)]
  0x0000022f1d7762c0 JavaThread "Finalizer" daemon [_thread_blocked, id=12908, stack(0x000000b0e1200000,0x000000b0e1300000)]
  0x0000022f1d798590 JavaThread "Signal Dispatcher" daemon [_thread_blocked, id=23088, stack(0x000000b0e1300000,0x000000b0e1400000)]
  0x0000022f1d799320 JavaThread "Attach Listener" daemon [_thread_blocked, id=19424, stack(0x000000b0e1400000,0x000000b0e1500000)]
  0x0000022f1d7ca420 JavaThread "Service Thread" daemon [_thread_blocked, id=14880, stack(0x000000b0e1500000,0x000000b0e1600000)]
  0x0000022f1d8ea080 JavaThread "Monitor Deflation Thread" daemon [_thread_blocked, id=6532, stack(0x000000b0e1600000,0x000000b0e1700000)]
=>0x0000022f1d8ea950 JavaThread "C1 CompilerThread0" daemon [_thread_in_native, id=12764, stack(0x000000b0e1700000,0x000000b0e1800000)]
  0x0000022f1d7d9370 JavaThread "Sweeper thread" daemon [_thread_blocked, id=23868, stack(0x000000b0e1800000,0x000000b0e1900000)]
  0x0000022f1d70e6a0 JavaThread "Common-Cleaner" daemon [_thread_blocked, id=23464, stack(0x000000b0e1900000,0x000000b0e1a00000)]
  0x0000022f1da9e010 JavaThread "Notification Thread" daemon [_thread_blocked, id=20556, stack(0x000000b0e1a00000,0x000000b0e1b00000)]
  0x0000022f222f1f30 JavaThread "RMI TCP Accept-0" daemon [_thread_in_native, id=20112, stack(0x000000b0e1b00000,0x000000b0e1c00000)]
  0x0000022f222e4760 JavaThread "RMI TCP Accept-49305" daemon [_thread_in_native, id=12600, stack(0x000000b0e1c00000,0x000000b0e1d00000)]
  0x0000022f222f4460 JavaThread "RMI TCP Accept-0" daemon [_thread_in_native, id=10308, stack(0x000000b0e1d00000,0x000000b0e1e00000)]
  0x0000022f223df570 JavaThread "RMI Scheduler(0)" daemon [_thread_blocked, id=8260, stack(0x000000b0e2100000,0x000000b0e2200000)]
  0x0000022f22458a80 JavaThread "JMX server connection timeout 22" daemon [_thread_blocked, id=17032, stack(0x000000b0e2200000,0x000000b0e2300000)]
  0x0000022f22458060 JavaThread "Thread-0" [_thread_blocked, id=21756, stack(0x000000b0e2d00000,0x000000b0e2e00000)]
  0x0000022f2245adf0 JavaThread "restartedMain" [_thread_in_Java, id=23060, stack(0x000000b0e0800000,0x000000b0e0900000)]
  0x0000022f2245b810 JavaThread "RMI TCP Connection(11)-127.0.0.1" daemon [_thread_in_native, id=7484, stack(0x000000b0e0900000,0x000000b0e0a00000)]

Other Threads:
  0x0000022f1d76db90 VMThread "VM Thread" [stack: 0x000000b0e1000000,0x000000b0e1100000] [id=11436]
  0x0000022f222e4c40 WatcherThread [stack: 0x000000b0e1e00000,0x000000b0e1f00000] [id=15988]
  0x0000022f12023120 GCTaskThread "GC Thread#0" [stack: 0x000000b0e0b00000,0x000000b0e0c00000] [id=12860]
  0x0000022f2233c840 GCTaskThread "GC Thread#1" [stack: 0x000000b0e2300000,0x000000b0e2400000] [id=17124]
  0x0000022f221bf8c0 GCTaskThread "GC Thread#2" [stack: 0x000000b0e2400000,0x000000b0e2500000] [id=7544]
  0x0000022f221bfb80 GCTaskThread "GC Thread#3" [stack: 0x000000b0e2500000,0x000000b0e2600000] [id=23128]
  0x0000022f1d90b390 GCTaskThread "GC Thread#4" [stack: 0x000000b0e2600000,0x000000b0e2700000] [id=20120]
  0x0000022f1d90b650 GCTaskThread "GC Thread#5" [stack: 0x000000b0e2700000,0x000000b0e2800000] [id=22464]
  0x0000022f220774e0 GCTaskThread "GC Thread#6" [stack: 0x000000b0e2800000,0x000000b0e2900000] [id=8960]
  0x0000022f220777a0 GCTaskThread "GC Thread#7" [stack: 0x000000b0e2900000,0x000000b0e2a00000] [id=24384]
  0x0000022f1202bdb0 ConcurrentGCThread "G1 Main Marker" [stack: 0x000000b0e0c00000,0x000000b0e0d00000] [id=23124]
  0x0000022f1202d7e0 ConcurrentGCThread "G1 Conc#0" [stack: 0x000000b0e0d00000,0x000000b0e0e00000] [id=18632]
  0x0000022f22226440 ConcurrentGCThread "G1 Conc#1" [stack: 0x000000b0e2c00000,0x000000b0e2d00000] [id=1620]
  0x0000022f1d5f0090 ConcurrentGCThread "G1 Refine#0" [stack: 0x000000b0e0e00000,0x000000b0e0f00000] [id=18052]
  0x0000022f220770d0 ConcurrentGCThread "G1 Refine#1" [stack: 0x000000b0e2a00000,0x000000b0e2b00000] [id=19808]
  0x0000022f1d5f1260 ConcurrentGCThread "G1 Service" [stack: 0x000000b0e0f00000,0x000000b0e1000000] [id=17152]

Threads with active compile tasks:
C1 CompilerThread0   788436 3692       1       java.lang.invoke.MethodTypeForm::<init> (322 bytes)

VM state: not at safepoint (normal execution)

VM Mutex/Monitor currently owned by a thread: None

Heap address: 0x00000000c1600000, size: 1002 MB, Compressed Oops mode: 32-bit

CDS archive(s) not mapped
Compressed class space mapped at: 0x0000000100000000-0x0000000140000000, reserved size: 1073741824
Narrow klass base: 0x0000000000000000, Narrow klass shift: 3, Narrow klass range: 0x140000000

GC Precious Log:
 CPUs: 8 total, 8 available
 Memory: 4007M
 Large Page Support: Disabled
 NUMA Support: Disabled
 Compressed Oops: Enabled (32-bit)
 Heap Region Size: 1M
 Heap Min Capacity: 8M
 Heap Initial Capacity: 64M
 Heap Max Capacity: 1002M
 Pre-touch: Disabled
 Parallel Workers: 8
 Concurrent Workers: 2
 Concurrent Refinement Workers: 8
 Periodic GC: Disabled

Heap:
 garbage-first heap   total 63488K, used 16614K [0x00000000c1600000, 0x0000000100000000)
  region size 1024K, 5 young (5120K), 1 survivors (1024K)
 Metaspace       used 30874K, committed 31232K, reserved 1114112K
  class space    used 3760K, committed 3904K, reserved 1048576K

Heap Regions: E=young(eden), S=young(survivor), O=old, HS=humongous(starts), HC=humongous(continues), CS=collection set, F=free, OA=open archive, CA=closed archive, TAMS=top-at-mark-start (previous, next)
|   0|0x00000000c1600000, 0x00000000c1700000, 0x00000000c1700000|100%|HS|  |TAMS 0x00000000c1700000, 0x00000000c1600000| Complete 
|   1|0x00000000c1700000, 0x00000000c1800000, 0x00000000c1800000|100%| O|  |TAMS 0x00000000c1800000, 0x00000000c1700000| Untracked 
|   2|0x00000000c1800000, 0x00000000c1900000, 0x00000000c1900000|100%| O|  |TAMS 0x00000000c1900000, 0x00000000c1800000| Untracked 
|   3|0x00000000c1900000, 0x00000000c1a00000, 0x00000000c1a00000|100%| O|  |TAMS 0x00000000c1a00000, 0x00000000c1900000| Untracked 
|   4|0x00000000c1a00000, 0x00000000c1b00000, 0x00000000c1b00000|100%| O|  |TAMS 0x00000000c1b00000, 0x00000000c1a00000| Untracked 
|   5|0x00000000c1b00000, 0x00000000c1c00000, 0x00000000c1c00000|100%| O|  |TAMS 0x00000000c1c00000, 0x00000000c1b00000| Untracked 
|   6|0x00000000c1c00000, 0x00000000c1d00000, 0x00000000c1d00000|100%| O|  |TAMS 0x00000000c1d00000, 0x00000000c1c00000| Untracked 
|   7|0x00000000c1d00000, 0x00000000c1e00000, 0x00000000c1e00000|100%| O|  |TAMS 0x00000000c1e00000, 0x00000000c1d00000| Untracked 
|   8|0x00000000c1e00000, 0x00000000c1e78600, 0x00000000c1f00000| 47%| O|  |TAMS 0x00000000c1e5c200, 0x00000000c1e00000| Untracked 
|   9|0x00000000c1f00000, 0x00000000c2000000, 0x00000000c2000000|100%| O|  |TAMS 0x00000000c1f00000, 0x00000000c1f00000| Untracked 
|  10|0x00000000c2000000, 0x00000000c2100000, 0x00000000c2100000|100%| O|  |TAMS 0x00000000c2000000, 0x00000000c2000000| Untracked 
|  11|0x00000000c2100000, 0x00000000c2200000, 0x00000000c2200000|100%| O|  |TAMS 0x00000000c2100000, 0x00000000c2100000| Untracked 
|  12|0x00000000c2200000, 0x00000000c2300000, 0x00000000c2300000|100%| O|  |TAMS 0x00000000c2200000, 0x00000000c2200000| Untracked 
|  13|0x00000000c2300000, 0x00000000c2400000, 0x00000000c2400000|100%| O|  |TAMS 0x00000000c2300000, 0x00000000c2300000| Untracked 
|  14|0x00000000c2400000, 0x00000000c240da00, 0x00000000c2500000|  5%| O|  |TAMS 0x00000000c2400000, 0x00000000c2400000| Untracked 
|  15|0x00000000c2500000, 0x00000000c2500000, 0x00000000c2600000|  0%| F|  |TAMS 0x00000000c2500000, 0x00000000c2500000| Untracked 
|  16|0x00000000c2600000, 0x00000000c2600000, 0x00000000c2700000|  0%| F|  |TAMS 0x00000000c2600000, 0x00000000c2600000| Untracked 
|  17|0x00000000c2700000, 0x00000000c2700000, 0x00000000c2800000|  0%| F|  |TAMS 0x00000000c2700000, 0x00000000c2700000| Untracked 
|  18|0x00000000c2800000, 0x00000000c2800000, 0x00000000c2900000|  0%| F|  |TAMS 0x00000000c2800000, 0x00000000c2800000| Untracked 
|  19|0x00000000c2900000, 0x00000000c2900000, 0x00000000c2a00000|  0%| F|  |TAMS 0x00000000c2900000, 0x00000000c2900000| Untracked 
|  20|0x00000000c2a00000, 0x00000000c2a00000, 0x00000000c2b00000|  0%| F|  |TAMS 0x00000000c2a00000, 0x00000000c2a00000| Untracked 
|  21|0x00000000c2b00000, 0x00000000c2b00000, 0x00000000c2c00000|  0%| F|  |TAMS 0x00000000c2b00000, 0x00000000c2b00000| Untracked 
|  22|0x00000000c2c00000, 0x00000000c2c00000, 0x00000000c2d00000|  0%| F|  |TAMS 0x00000000c2c00000, 0x00000000c2c00000| Untracked 
|  23|0x00000000c2d00000, 0x00000000c2d00000, 0x00000000c2e00000|  0%| F|  |TAMS 0x00000000c2d00000, 0x00000000c2d00000| Untracked 
|  24|0x00000000c2e00000, 0x00000000c2e00000, 0x00000000c2f00000|  0%| F|  |TAMS 0x00000000c2e00000, 0x00000000c2e00000| Untracked 
|  25|0x00000000c2f00000, 0x00000000c2f00000, 0x00000000c3000000|  0%| F|  |TAMS 0x00000000c2f00000, 0x00000000c2f00000| Untracked 
|  26|0x00000000c3000000, 0x00000000c3000000, 0x00000000c3100000|  0%| F|  |TAMS 0x00000000c3000000, 0x00000000c3000000| Untracked 
|  27|0x00000000c3100000, 0x00000000c3100000, 0x00000000c3200000|  0%| F|  |TAMS 0x00000000c3100000, 0x00000000c3100000| Untracked 
|  28|0x00000000c3200000, 0x00000000c3200000, 0x00000000c3300000|  0%| F|  |TAMS 0x00000000c3200000, 0x00000000c3200000| Untracked 
|  29|0x00000000c3300000, 0x00000000c3300000, 0x00000000c3400000|  0%| F|  |TAMS 0x00000000c3300000, 0x00000000c3300000| Untracked 
|  30|0x00000000c3400000, 0x00000000c3400000, 0x00000000c3500000|  0%| F|  |TAMS 0x00000000c3400000, 0x00000000c3400000| Untracked 
|  31|0x00000000c3500000, 0x00000000c3500000, 0x00000000c3600000|  0%| F|  |TAMS 0x00000000c3500000, 0x00000000c3500000| Untracked 
|  32|0x00000000c3600000, 0x00000000c3600000, 0x00000000c3700000|  0%| F|  |TAMS 0x00000000c3600000, 0x00000000c3600000| Untracked 
|  33|0x00000000c3700000, 0x00000000c3700000, 0x00000000c3800000|  0%| F|  |TAMS 0x00000000c3700000, 0x00000000c3700000| Untracked 
|  34|0x00000000c3800000, 0x00000000c3800000, 0x00000000c3900000|  0%| F|  |TAMS 0x00000000c3800000, 0x00000000c3800000| Untracked 
|  35|0x00000000c3900000, 0x00000000c3900000, 0x00000000c3a00000|  0%| F|  |TAMS 0x00000000c3900000, 0x00000000c3900000| Untracked 
|  36|0x00000000c3a00000, 0x00000000c3a00000, 0x00000000c3b00000|  0%| F|  |TAMS 0x00000000c3a00000, 0x00000000c3a00000| Untracked 
|  37|0x00000000c3b00000, 0x00000000c3b00000, 0x00000000c3c00000|  0%| F|  |TAMS 0x00000000c3b00000, 0x00000000c3b00000| Untracked 
|  38|0x00000000c3c00000, 0x00000000c3c00000, 0x00000000c3d00000|  0%| F|  |TAMS 0x00000000c3c00000, 0x00000000c3c00000| Untracked 
|  39|0x00000000c3d00000, 0x00000000c3d00000, 0x00000000c3e00000|  0%| F|  |TAMS 0x00000000c3d00000, 0x00000000c3d00000| Untracked 
|  40|0x00000000c3e00000, 0x00000000c3e00000, 0x00000000c3f00000|  0%| F|  |TAMS 0x00000000c3e00000, 0x00000000c3e00000| Untracked 
|  41|0x00000000c3f00000, 0x00000000c3f00000, 0x00000000c4000000|  0%| F|  |TAMS 0x00000000c3f00000, 0x00000000c3f00000| Untracked 
|  42|0x00000000c4000000, 0x00000000c4000000, 0x00000000c4100000|  0%| F|  |TAMS 0x00000000c4000000, 0x00000000c4000000| Untracked 
|  43|0x00000000c4100000, 0x00000000c4100000, 0x00000000c4200000|  0%| F|  |TAMS 0x00000000c4100000, 0x00000000c4100000| Untracked 
|  44|0x00000000c4200000, 0x00000000c4200000, 0x00000000c4300000|  0%| F|  |TAMS 0x00000000c4200000, 0x00000000c4200000| Untracked 
|  45|0x00000000c4300000, 0x00000000c4300000, 0x00000000c4400000|  0%| F|  |TAMS 0x00000000c4300000, 0x00000000c4300000| Untracked 
|  46|0x00000000c4400000, 0x00000000c4400000, 0x00000000c4500000|  0%| F|  |TAMS 0x00000000c4400000, 0x00000000c4400000| Untracked 
|  47|0x00000000c4500000, 0x00000000c4500000, 0x00000000c4600000|  0%| F|  |TAMS 0x00000000c4500000, 0x00000000c4500000| Untracked 
|  48|0x00000000c4600000, 0x00000000c4600000, 0x00000000c4700000|  0%| F|  |TAMS 0x00000000c4600000, 0x00000000c4600000| Untracked 
|  49|0x00000000c4700000, 0x00000000c4700000, 0x00000000c4800000|  0%| F|  |TAMS 0x00000000c4700000, 0x00000000c4700000| Untracked 
|  50|0x00000000c4800000, 0x00000000c4800000, 0x00000000c4900000|  0%| F|  |TAMS 0x00000000c4800000, 0x00000000c4800000| Untracked 
|  51|0x00000000c4900000, 0x00000000c4900000, 0x00000000c4a00000|  0%| F|  |TAMS 0x00000000c4900000, 0x00000000c4900000| Untracked 
|  52|0x00000000c4a00000, 0x00000000c4a00000, 0x00000000c4b00000|  0%| F|  |TAMS 0x00000000c4a00000, 0x00000000c4a00000| Untracked 
|  53|0x00000000c4b00000, 0x00000000c4b00000, 0x00000000c4c00000|  0%| F|  |TAMS 0x00000000c4b00000, 0x00000000c4b00000| Untracked 
|  54|0x00000000c4c00000, 0x00000000c4c00000, 0x00000000c4d00000|  0%| F|  |TAMS 0x00000000c4c00000, 0x00000000c4c00000| Untracked 
|  55|0x00000000c4d00000, 0x00000000c4d00000, 0x00000000c4e00000|  0%| F|  |TAMS 0x00000000c4d00000, 0x00000000c4d00000| Untracked 
|  56|0x00000000c4e00000, 0x00000000c4e00000, 0x00000000c4f00000|  0%| F|  |TAMS 0x00000000c4e00000, 0x00000000c4e00000| Untracked 
|  57|0x00000000c4f00000, 0x00000000c4ff6940, 0x00000000c5000000| 96%| E|  |TAMS 0x00000000c4f00000, 0x00000000c4f00000| Complete 
|  58|0x00000000c5000000, 0x00000000c5100000, 0x00000000c5100000|100%| E|CS|TAMS 0x00000000c5000000, 0x00000000c5000000| Complete 
|  98|0x00000000c7800000, 0x00000000c78b39f0, 0x00000000c7900000| 70%| S|CS|TAMS 0x00000000c7800000, 0x00000000c7800000| Complete 
| 100|0x00000000c7a00000, 0x00000000c7b00000, 0x00000000c7b00000|100%| E|CS|TAMS 0x00000000c7a00000, 0x00000000c7a00000| Complete 
| 101|0x00000000c7b00000, 0x00000000c7bffed0, 0x00000000c7c00000| 99%| E|  |TAMS 0x00000000c7b00000, 0x00000000c7b00000| Complete 

Card table byte_map: [0x0000022f189b0000,0x0000022f18bb0000] _byte_map_base: 0x0000022f183a5000

Marking Bits (Prev, Next): (CMBitMap*) 0x0000022f12023780, (CMBitMap*) 0x0000022f12023740
 Prev Bits: [0x0000022f19d60000, 0x0000022f1ad08000)
 Next Bits: [0x0000022f18db0000, 0x0000022f19d58000)

Polling page: 0x0000022f0ffd0000

Metaspace:

Usage:
  Non-class:     26.48 MB used.
      Class:      3.67 MB used.
       Both:     30.15 MB used.

Virtual space:
  Non-class space:       64.00 MB reserved,      26.69 MB ( 42%) committed,  1 nodes.
      Class space:        1.00 GB reserved,       3.81 MB ( <1%) committed,  1 nodes.
             Both:        1.06 GB reserved,      30.50 MB (  3%) committed. 

Chunk freelists:
   Non-Class:  4.80 MB
       Class:  12.04 MB
        Both:  16.84 MB

MaxMetaspaceSize: unlimited
CompressedClassSpaceSize: 1.00 GB
Initial GC threshold: 21.00 MB
Current GC threshold: 35.56 MB
CDS: off
MetaspaceReclaimPolicy: balanced
 - commit_granule_bytes: 65536.
 - commit_granule_words: 8192.
 - virtual_space_node_default_size: 8388608.
 - enlarge_chunks_in_place: 1.
 - new_chunks_are_fully_committed: 0.
 - uncommit_free_chunks: 1.
 - use_allocation_guard: 0.
 - handle_deallocations: 1.


Internal statistics:

num_allocs_failed_limit: 3.
num_arena_births: 356.
num_arena_deaths: 74.
num_vsnodes_births: 2.
num_vsnodes_deaths: 0.
num_space_committed: 488.
num_space_uncommitted: 0.
num_chunks_returned_to_freelist: 102.
num_chunks_taken_from_freelist: 1144.
num_chunk_merges: 39.
num_chunk_splits: 733.
num_chunks_enlarged: 519.
num_inconsistent_stats: 0.

CodeCache: size=49152Kb used=6560Kb max_used=6560Kb free=42591Kb
 bounds [0x0000022f156a0000, 0x0000022f15d10000, 0x0000022f186a0000]
 total_blobs=3945 nmethods=3440 adapters=432
 compilation: enabled
              stopped_count=0, restarted_count=0
 full_count=0

Compilation events (20 events):
Event: 778.792 Thread 0x0000022f1d8ea950 nmethod 3679 0x0000022f15d03710 code [0x0000022f15d038c0, 0x0000022f15d03ad8]
Event: 778.806 Thread 0x0000022f1d8ea950 3680       1       java.lang.Character::codePointBefore (48 bytes)
Event: 778.807 Thread 0x0000022f1d8ea950 nmethod 3680 0x0000022f15d03c10 code [0x0000022f15d03dc0, 0x0000022f15d03f98]
Event: 778.807 Thread 0x0000022f1d8ea950 3681       1       java.lang.Character::isLowSurrogate (18 bytes)
Event: 778.808 Thread 0x0000022f1d8ea950 nmethod 3681 0x0000022f15d04090 code [0x0000022f15d04220, 0x0000022f15d042f8]
Event: 778.808 Thread 0x0000022f1d8ea950 3682       1       org.springframework.util.AntPathMatcher$AntPathStringMatcher::matchStrings (178 bytes)
Event: 778.814 Thread 0x0000022f1d8ea950 nmethod 3682 0x0000022f15d04390 code [0x0000022f15d04600, 0x0000022f15d04b48]
Event: 780.159 Thread 0x0000022f1d8ea950 3683       1       java.io.FilterInputStream::available (8 bytes)
Event: 780.161 Thread 0x0000022f1d8ea950 nmethod 3683 0x0000022f15d04f90 code [0x0000022f15d05120, 0x0000022f15d05208]
Event: 787.939 Thread 0x0000022f1d8ea950 3684       1       java.lang.invoke.MethodHandles$Lookup::getDirectConstructorCommon (69 bytes)
Event: 788.008 Thread 0x0000022f1d8ea950 nmethod 3684 0x0000022f15d05290 code [0x0000022f15d05480, 0x0000022f15d057b8]
Event: 788.008 Thread 0x0000022f1d8ea950 3685       1       java.lang.invoke.DirectMethodHandle::makeAllocator (137 bytes)
Event: 788.029 Thread 0x0000022f1d8ea950 nmethod 3685 0x0000022f15d05990 code [0x0000022f15d05b60, 0x0000022f15d05d98]
Event: 788.029 Thread 0x0000022f1d8ea950 3686       1       java.lang.invoke.MemberName::asConstructor (58 bytes)
Event: 788.031 Thread 0x0000022f1d8ea950 nmethod 3686 0x0000022f15d05f90 code [0x0000022f15d06160, 0x0000022f15d06448]
Event: 788.031 Thread 0x0000022f1d8ea950 3687       1       java.lang.invoke.MemberName::asSpecial (89 bytes)
Event: 788.032 Thread 0x0000022f1d8ea950 nmethod 3687 0x0000022f15d06610 code [0x0000022f15d06860, 0x0000022f15d06e48]
Event: 788.216 Thread 0x0000022f1d8ea950 3691       1       java.util.concurrent.ConcurrentHashMap::<init> (5 bytes)
Event: 788.220 Thread 0x0000022f1d8ea950 nmethod 3691 0x0000022f15d07b10 code [0x0000022f15d07ca0, 0x0000022f15d07d58]
Event: 788.224 Thread 0x0000022f1d8ea950 3692       1       java.lang.invoke.MethodTypeForm::<init> (322 bytes)

GC Heap History (20 events):
Event: 555.113 GC heap before
{Heap before GC invocations=25 (full 0):
 garbage-first heap   total 63488K, used 15563K [0x00000000c1600000, 0x0000000100000000)
  region size 1024K, 3 young (3072K), 1 survivors (1024K)
 Metaspace       used 28767K, committed 29056K, reserved 1114112K
  class space    used 3454K, committed 3584K, reserved 1048576K
}
Event: 555.299 GC heap after
{Heap after GC invocations=26 (full 0):
 garbage-first heap   total 63488K, used 13614K [0x00000000c1600000, 0x0000000100000000)
  region size 1024K, 1 young (1024K), 1 survivors (1024K)
 Metaspace       used 28767K, committed 29056K, reserved 1114112K
  class space    used 3454K, committed 3584K, reserved 1048576K
}
Event: 569.579 GC heap before
{Heap before GC invocations=26 (full 0):
 garbage-first heap   total 63488K, used 15662K [0x00000000c1600000, 0x0000000100000000)
  region size 1024K, 3 young (3072K), 1 survivors (1024K)
 Metaspace       used 28798K, committed 29056K, reserved 1114112K
  class space    used 3458K, committed 3584K, reserved 1048576K
}
Event: 569.679 GC heap after
{Heap after GC invocations=27 (full 0):
 garbage-first heap   total 63488K, used 13723K [0x00000000c1600000, 0x0000000100000000)
  region size 1024K, 1 young (1024K), 1 survivors (1024K)
 Metaspace       used 28798K, committed 29056K, reserved 1114112K
  class space    used 3458K, committed 3584K, reserved 1048576K
}
Event: 582.971 GC heap before
{Heap before GC invocations=27 (full 0):
 garbage-first heap   total 63488K, used 15771K [0x00000000c1600000, 0x0000000100000000)
  region size 1024K, 3 young (3072K), 1 survivors (1024K)
 Metaspace       used 28833K, committed 29120K, reserved 1114112K
  class space    used 3466K, committed 3584K, reserved 1048576K
}
Event: 583.054 GC heap after
{Heap after GC invocations=28 (full 0):
 garbage-first heap   total 63488K, used 13870K [0x00000000c1600000, 0x0000000100000000)
  region size 1024K, 1 young (1024K), 1 survivors (1024K)
 Metaspace       used 28833K, committed 29120K, reserved 1114112K
  class space    used 3466K, committed 3584K, reserved 1048576K
}
Event: 635.174 GC heap before
{Heap before GC invocations=28 (full 0):
 garbage-first heap   total 63488K, used 15918K [0x00000000c1600000, 0x0000000100000000)
  region size 1024K, 3 young (3072K), 1 survivors (1024K)
 Metaspace       used 29018K, committed 29312K, reserved 1114112K
  class space    used 3495K, committed 3648K, reserved 1048576K
}
Event: 636.488 GC heap after
{Heap after GC invocations=29 (full 0):
 garbage-first heap   total 63488K, used 14008K [0x00000000c1600000, 0x0000000100000000)
  region size 1024K, 1 young (1024K), 1 survivors (1024K)
 Metaspace       used 29018K, committed 29312K, reserved 1114112K
  class space    used 3495K, committed 3648K, reserved 1048576K
}
Event: 662.942 GC heap before
{Heap before GC invocations=29 (full 0):
 garbage-first heap   total 63488K, used 16056K [0x00000000c1600000, 0x0000000100000000)
  region size 1024K, 3 young (3072K), 1 survivors (1024K)
 Metaspace       used 29265K, committed 29504K, reserved 1114112K
  class space    used 3528K, committed 3648K, reserved 1048576K
}
Event: 662.961 GC heap after
{Heap after GC invocations=30 (full 0):
 garbage-first heap   total 63488K, used 13966K [0x00000000c1600000, 0x0000000100000000)
  region size 1024K, 1 young (1024K), 1 survivors (1024K)
 Metaspace       used 29265K, committed 29504K, reserved 1114112K
  class space    used 3528K, committed 3648K, reserved 1048576K
}
Event: 688.633 GC heap before
{Heap before GC invocations=30 (full 0):
 garbage-first heap   total 63488K, used 16014K [0x00000000c1600000, 0x0000000100000000)
  region size 1024K, 3 young (3072K), 1 survivors (1024K)
 Metaspace       used 29424K, committed 29696K, reserved 1114112K
  class space    used 3555K, committed 3712K, reserved 1048576K
}
Event: 688.713 GC heap after
{Heap after GC invocations=31 (full 0):
 garbage-first heap   total 63488K, used 14057K [0x00000000c1600000, 0x0000000100000000)
  region size 1024K, 1 young (1024K), 1 survivors (1024K)
 Metaspace       used 29424K, committed 29696K, reserved 1114112K
  class space    used 3555K, committed 3712K, reserved 1048576K
}
Event: 693.605 GC heap before
{Heap before GC invocations=31 (full 0):
 garbage-first heap   total 63488K, used 15081K [0x00000000c1600000, 0x0000000100000000)
  region size 1024K, 3 young (3072K), 1 survivors (1024K)
 Metaspace       used 29765K, committed 30016K, reserved 1114112K
  class space    used 3594K, committed 3712K, reserved 1048576K
}
Event: 693.617 GC heap after
{Heap after GC invocations=32 (full 0):
 garbage-first heap   total 63488K, used 14136K [0x00000000c1600000, 0x0000000100000000)
  region size 1024K, 1 young (1024K), 1 survivors (1024K)
 Metaspace       used 29765K, committed 30016K, reserved 1114112K
  class space    used 3594K, committed 3712K, reserved 1048576K
}
Event: 703.959 GC heap before
{Heap before GC invocations=32 (full 0):
 garbage-first heap   total 63488K, used 16184K [0x00000000c1600000, 0x0000000100000000)
  region size 1024K, 3 young (3072K), 1 survivors (1024K)
 Metaspace       used 29967K, committed 30272K, reserved 1114112K
  class space    used 3623K, committed 3776K, reserved 1048576K
}
Event: 703.978 GC heap after
{Heap after GC invocations=33 (full 0):
 garbage-first heap   total 63488K, used 14302K [0x00000000c1600000, 0x0000000100000000)
  region size 1024K, 1 young (1024K), 1 survivors (1024K)
 Metaspace       used 29967K, committed 30272K, reserved 1114112K
  class space    used 3623K, committed 3776K, reserved 1048576K
}
Event: 718.562 GC heap before
{Heap before GC invocations=33 (full 0):
 garbage-first heap   total 63488K, used 16350K [0x00000000c1600000, 0x0000000100000000)
  region size 1024K, 3 young (3072K), 1 survivors (1024K)
 Metaspace       used 30131K, committed 30400K, reserved 1114112K
  class space    used 3658K, committed 3776K, reserved 1048576K
}
Event: 718.629 GC heap after
{Heap after GC invocations=34 (full 0):
 garbage-first heap   total 63488K, used 14385K [0x00000000c1600000, 0x0000000100000000)
  region size 1024K, 1 young (1024K), 1 survivors (1024K)
 Metaspace       used 30131K, committed 30400K, reserved 1114112K
  class space    used 3658K, committed 3776K, reserved 1048576K
}
Event: 742.876 GC heap before
{Heap before GC invocations=34 (full 0):
 garbage-first heap   total 63488K, used 15409K [0x00000000c1600000, 0x0000000100000000)
  region size 1024K, 3 young (3072K), 1 survivors (1024K)
 Metaspace       used 30301K, committed 30592K, reserved 1114112K
  class space    used 3681K, committed 3840K, reserved 1048576K
}
Event: 742.904 GC heap after
{Heap after GC invocations=35 (full 0):
 garbage-first heap   total 63488K, used 14566K [0x00000000c1600000, 0x0000000100000000)
  region size 1024K, 1 young (1024K), 1 survivors (1024K)
 Metaspace       used 30301K, committed 30592K, reserved 1114112K
  class space    used 3681K, committed 3840K, reserved 1048576K
}

Dll operation events (8 events):
Event: 0.288 Loaded shared library C:\Users\HP\Downloads\sts-4.21.0.RELEASE\plugins\org.eclipse.justj.openjdk.hotspot.jre.full.win32.x86_64_17.0.9.v20231028-0858\jre\bin\java.dll
Event: 8.945 Loaded shared library C:\Users\HP\Downloads\sts-4.21.0.RELEASE\plugins\org.eclipse.justj.openjdk.hotspot.jre.full.win32.x86_64_17.0.9.v20231028-0858\jre\bin\jimage.dll
Event: 10.025 Loaded shared library C:\Users\HP\Downloads\sts-4.21.0.RELEASE\plugins\org.eclipse.justj.openjdk.hotspot.jre.full.win32.x86_64_17.0.9.v20231028-0858\jre\bin\net.dll
Event: 10.030 Loaded shared library C:\Users\HP\Downloads\sts-4.21.0.RELEASE\plugins\org.eclipse.justj.openjdk.hotspot.jre.full.win32.x86_64_17.0.9.v20231028-0858\jre\bin\nio.dll
Event: 10.069 Loaded shared library C:\Users\HP\Downloads\sts-4.21.0.RELEASE\plugins\org.eclipse.justj.openjdk.hotspot.jre.full.win32.x86_64_17.0.9.v20231028-0858\jre\bin\zip.dll
Event: 12.959 Loaded shared library C:\Users\HP\Downloads\sts-4.21.0.RELEASE\plugins\org.eclipse.justj.openjdk.hotspot.jre.full.win32.x86_64_17.0.9.v20231028-0858\jre\bin\management.dll
Event: 13.006 Loaded shared library C:\Users\HP\Downloads\sts-4.21.0.RELEASE\plugins\org.eclipse.justj.openjdk.hotspot.jre.full.win32.x86_64_17.0.9.v20231028-0858\jre\bin\management_ext.dll
Event: 324.634 Loaded shared library C:\Users\HP\Downloads\sts-4.21.0.RELEASE\plugins\org.eclipse.justj.openjdk.hotspot.jre.full.win32.x86_64_17.0.9.v20231028-0858\jre\bin\sunmscapi.dll

Deoptimization events (4 events):
Event: 319.071 Thread 0x0000022f2245adf0 DEOPT PACKING pc=0x0000022f15b16119 sp=0x000000b0e08fcb40
Event: 319.072 Thread 0x0000022f2245adf0 DEOPT UNPACKING pc=0x0000022f156f7143 sp=0x000000b0e08fc020 mode 3
Event: 323.799 Thread 0x0000022f2245adf0 DEOPT PACKING pc=0x0000022f15b757d5 sp=0x000000b0e08fd120
Event: 323.801 Thread 0x0000022f2245adf0 DEOPT UNPACKING pc=0x0000022f156f7143 sp=0x000000b0e08fc5c8 mode 3

Classes unloaded (20 events):
Event: 318.292 Thread 0x0000022f1d76db90 Unloading class 0x0000000100151400 'java/lang/invoke/LambdaForm$MH+0x0000000100151400'
Event: 318.292 Thread 0x0000022f1d76db90 Unloading class 0x0000000100151000 'jdk/internal/reflect/GeneratedSerializationConstructorAccessor7'
Event: 318.292 Thread 0x0000022f1d76db90 Unloading class 0x0000000100150c00 'jdk/internal/reflect/GeneratedSerializationConstructorAccessor6'
Event: 318.292 Thread 0x0000022f1d76db90 Unloading class 0x0000000100150800 'jdk/internal/reflect/GeneratedSerializationConstructorAccessor5'
Event: 318.292 Thread 0x0000022f1d76db90 Unloading class 0x0000000100150400 'jdk/internal/reflect/GeneratedSerializationConstructorAccessor4'
Event: 318.292 Thread 0x0000022f1d76db90 Unloading class 0x0000000100143000 'java/lang/invoke/LambdaForm$MH+0x0000000100143000'
Event: 318.293 Thread 0x0000022f1d76db90 Unloading class 0x0000000100142c00 'java/lang/invoke/LambdaForm$MH+0x0000000100142c00'
Event: 318.293 Thread 0x0000022f1d76db90 Unloading class 0x0000000100142800 'java/lang/invoke/LambdaForm$MH+0x0000000100142800'
Event: 318.293 Thread 0x0000022f1d76db90 Unloading class 0x0000000100142400 'java/lang/invoke/LambdaForm$MH+0x0000000100142400'
Event: 318.293 Thread 0x0000022f1d76db90 Unloading class 0x0000000100142000 'java/lang/invoke/LambdaForm$MH+0x0000000100142000'
Event: 318.293 Thread 0x0000022f1d76db90 Unloading class 0x0000000100141c00 'java/lang/invoke/LambdaForm$MH+0x0000000100141c00'
Event: 318.293 Thread 0x0000022f1d76db90 Unloading class 0x0000000100141800 'jdk/internal/reflect/GeneratedSerializationConstructorAccessor3'
Event: 318.293 Thread 0x0000022f1d76db90 Unloading class 0x0000000100141400 'jdk/internal/reflect/GeneratedSerializationConstructorAccessor2'
Event: 318.293 Thread 0x0000022f1d76db90 Unloading class 0x0000000100141000 'jdk/internal/reflect/GeneratedSerializationConstructorAccessor1'
Event: 318.294 Thread 0x0000022f1d76db90 Unloading class 0x0000000100140800 'java/lang/invoke/LambdaForm$DMH+0x0000000100140800'
Event: 318.294 Thread 0x0000022f1d76db90 Unloading class 0x0000000100140000 'java/lang/invoke/LambdaForm$DMH+0x0000000100140000'
Event: 318.294 Thread 0x0000022f1d76db90 Unloading class 0x00000001000c6c00 'jdk/internal/reflect/GeneratedConstructorAccessor1'
Event: 318.295 Thread 0x0000022f1d76db90 Unloading class 0x00000001000c3c00 'java/lang/invoke/LambdaForm$MH+0x00000001000c3c00'
Event: 318.295 Thread 0x0000022f1d76db90 Unloading class 0x00000001000c3800 'java/lang/invoke/LambdaForm$MH+0x00000001000c3800'
Event: 318.295 Thread 0x0000022f1d76db90 Unloading class 0x00000001000c3000 'java/lang/invoke/LambdaForm$MH+0x00000001000c3000'

Classes redefined (0 events):
No events

Internal exceptions (20 events):
Event: 311.857 Thread 0x0000022f2245adf0 Exception <a 'java/lang/NoSuchMethodError'{0x00000000c7a57b70}: 'java.lang.Object java.lang.invoke.DirectMethodHandle$Holder.invokeStatic(java.lang.Object, java.lang.Object, long, java.lang.Object)'> (0x00000000c7a57b70) 
thrown [s\src\hotspot\share\interpreter\linkResolver.cpp, line 759]
Event: 311.857 Thread 0x0000022f2245adf0 Exception <a 'java/lang/NoSuchMethodError'{0x00000000c7a5b608}: 'java.lang.Object java.lang.invoke.DirectMethodHandle$Holder.invokeStaticInit(java.lang.Object, java.lang.Object, long, java.lang.Object)'> (0x00000000c7a5b608) 
thrown [s\src\hotspot\share\interpreter\linkResolver.cpp, line 759]
Event: 311.858 Thread 0x0000022f2245adf0 Exception <a 'java/lang/NoSuchMethodError'{0x00000000c7a61c18}: 'java.lang.Object java.lang.invoke.DirectMethodHandle$Holder.newInvokeSpecial(java.lang.Object, java.lang.Object, long)'> (0x00000000c7a61c18) 
thrown [s\src\hotspot\share\interpreter\linkResolver.cpp, line 759]
Event: 313.907 Thread 0x0000022f2245adf0 Exception <a 'java/lang/NoSuchMethodError'{0x00000000c7ace008}: 'void java.lang.invoke.DirectMethodHandle$Holder.invokeSpecial(java.lang.Object, java.lang.Object, java.lang.Object, java.lang.Object, java.lang.Object)'> (0x00000000c7ace008) 
thrown [s\src\hotspot\share\interpreter\linkResolver.cpp, line 759]
Event: 313.909 Thread 0x0000022f2245adf0 Exception <a 'java/lang/NoSuchMethodError'{0x00000000c7ad67d8}: 'void java.lang.invoke.DirectMethodHandle$Holder.invokeVirtual(java.lang.Object, java.lang.Object, java.lang.Object, java.lang.Object)'> (0x00000000c7ad67d8) 
thrown [s\src\hotspot\share\interpreter\linkResolver.cpp, line 759]
Event: 316.515 Thread 0x0000022f2245adf0 Exception <a 'java/lang/NoSuchMethodError'{0x00000000c7868fd8}: 'void java.lang.invoke.DirectMethodHandle$Holder.invokeSpecial(java.lang.Object, java.lang.Object, java.lang.Object)'> (0x00000000c7868fd8) 
thrown [s\src\hotspot\share\interpreter\linkResolver.cpp, line 759]
Event: 317.013 Thread 0x0000022f2245adf0 Exception <a 'java/lang/IncompatibleClassChangeError'{0x00000000c789f398}: Found class java.lang.Object, but interface was expected> (0x00000000c789f398) 
thrown [s\src\hotspot\share\interpreter\linkResolver.cpp, line 826]
Event: 317.253 Thread 0x0000022f22458f90 Exception <a 'java/lang/NoClassDefFoundError'{0x00000000c7b1cb98}: jakarta/validation/Validation> (0x00000000c7b1cb98) 
thrown [s\src\hotspot\share\classfile\systemDictionary.cpp, line 245]
Event: 322.344 Thread 0x0000022f22458f90 Exception <a 'java/lang/NoSuchMethodError'{0x00000000c3795ee0}: 'long java.lang.invoke.DirectMethodHandle$Holder.invokeSpecial(java.lang.Object, java.lang.Object)'> (0x00000000c3795ee0) 
thrown [s\src\hotspot\share\interpreter\linkResolver.cpp, line 759]
Event: 322.359 Thread 0x0000022f22458f90 Exception <a 'java/lang/NoSuchMethodError'{0x00000000c37a57d0}: 'long java.lang.invoke.DirectMethodHandle$Holder.invokeStatic(java.lang.Object, java.lang.Object)'> (0x00000000c37a57d0) 
thrown [s\src\hotspot\share\interpreter\linkResolver.cpp, line 759]
Event: 322.360 Thread 0x0000022f22458f90 Exception <a 'java/lang/NoSuchMethodError'{0x00000000c37a8dd0}: 'long java.lang.invoke.DirectMethodHandle$Holder.invokeStaticInit(java.lang.Object, java.lang.Object)'> (0x00000000c37a8dd0) 
thrown [s\src\hotspot\share\interpreter\linkResolver.cpp, line 759]
Event: 322.363 Thread 0x0000022f22458f90 Exception <a 'java/lang/NoSuchMethodError'{0x00000000c37c7fb8}: 'long java.lang.invoke.DirectMethodHandle$Holder.invokeInterface(java.lang.Object, java.lang.Object)'> (0x00000000c37c7fb8) 
thrown [s\src\hotspot\share\interpreter\linkResolver.cpp, line 759]
Event: 322.363 Thread 0x0000022f22458f90 Exception <a 'java/lang/IncompatibleClassChangeError'{0x00000000c37cb548}: Found class java.lang.Object, but interface was expected> (0x00000000c37cb548) 
thrown [s\src\hotspot\share\interpreter\linkResolver.cpp, line 826]
Event: 322.578 Thread 0x0000022f22458f90 Exception <a 'java/lang/NoSuchMethodError'{0x00000000c7be24e8}: 'java.lang.Object java.lang.invoke.DirectMethodHandle$Holder.invokeVirtual(java.lang.Object, java.lang.Object, java.lang.Object, java.lang.Object)'> (0x00000000c7be24e8) 
thrown [s\src\hotspot\share\interpreter\linkResolver.cpp, line 759]
Event: 323.162 Thread 0x0000022f2245adf0 Exception <a 'sun/nio/fs/WindowsException'{0x00000000c7ad02f0}> (0x00000000c7ad02f0) 
thrown [s\src\hotspot\share\prims\jni.cpp, line 516]
Event: 323.163 Thread 0x0000022f2245adf0 Exception <a 'java/lang/NoSuchMethodError'{0x00000000c7ad1f50}: 'int java.lang.invoke.DirectMethodHandle$Holder.invokeSpecial(java.lang.Object, java.lang.Object, java.lang.Object, java.lang.Object, java.lang.Object)'> (0x00000000c7ad1f50) 
thrown [s\src\hotspot\share\interpreter\linkResolver.cpp, line 759]
Event: 323.168 Thread 0x0000022f2245adf0 Exception <a 'java/lang/NoSuchMethodError'{0x00000000c7adacc0}: 'void java.lang.invoke.DirectMethodHandle$Holder.invokeVirtual(java.lang.Object, java.lang.Object)'> (0x00000000c7adacc0) 
thrown [s\src\hotspot\share\interpreter\linkResolver.cpp, line 759]
Event: 323.635 Thread 0x0000022f2245a8e0 Exception <a 'java/lang/NoSuchMethodError'{0x00000000c3937500}: static [B.<clinit>()V> (0x00000000c3937500) 
thrown [s\src\hotspot\share\prims\jni.cpp, line 1107]
Event: 330.864 Thread 0x0000022f2245adf0 Exception <a 'java/lang/IncompatibleClassChangeError'{0x00000000c2d12968}: Found class java.lang.Object, but interface was expected> (0x00000000c2d12968) 
thrown [s\src\hotspot\share\interpreter\linkResolver.cpp, line 826]
Event: 778.336 Thread 0x0000022f2245adf0 Exception <a 'sun/nio/fs/WindowsException'{0x00000000c50bb520}> (0x00000000c50bb520) 
thrown [s\src\hotspot\share\prims\jni.cpp, line 516]

VM Operations (20 events):
Event: 766.894 Executing VM operation: HandshakeAllThreads
Event: 766.898 Executing VM operation: HandshakeAllThreads done
Event: 766.900 Executing VM operation: HandshakeAllThreads
Event: 766.900 Executing VM operation: HandshakeAllThreads done
Event: 767.900 Executing VM operation: Cleanup
Event: 767.970 Executing VM operation: Cleanup done
Event: 773.425 Executing VM operation: HandshakeAllThreads
Event: 773.428 Executing VM operation: HandshakeAllThreads done
Event: 775.169 Executing VM operation: HandshakeAllThreads
Event: 775.170 Executing VM operation: HandshakeAllThreads done
Event: 777.210 Executing VM operation: Cleanup
Event: 777.239 Executing VM operation: Cleanup done
Event: 778.239 Executing VM operation: Cleanup
Event: 778.243 Executing VM operation: Cleanup done
Event: 779.243 Executing VM operation: Cleanup
Event: 779.257 Executing VM operation: Cleanup done
Event: 780.257 Executing VM operation: Cleanup
Event: 780.259 Executing VM operation: Cleanup done
Event: 783.260 Executing VM operation: Cleanup
Event: 783.265 Executing VM operation: Cleanup done

Events (20 events):
Event: 329.719 Thread 0x0000022f224599b0 Thread exited: 0x0000022f224599b0
Event: 330.924 loading class java/util/HashMap$KeySpliterator
Event: 330.926 loading class java/util/HashMap$KeySpliterator done
Event: 414.047 loading class java/beans/PropertyVetoException
Event: 414.400 loading class java/beans/PropertyVetoException done
Event: 417.888 Thread 0x0000022f2245a8e0 Thread exited: 0x0000022f2245a8e0
Event: 466.938 Thread 0x0000022f2245b300 Thread added: 0x0000022f2245b300
Event: 616.861 Thread 0x0000022f224594a0 Thread exited: 0x0000022f224594a0
Event: 624.246 Thread 0x0000022f2245b810 Thread added: 0x0000022f2245b810
Event: 710.072 Thread 0x0000022f2245b300 Thread exited: 0x0000022f2245b300
Event: 712.077 loading class java/lang/UnsupportedClassVersionError
Event: 712.087 loading class java/lang/ClassFormatError
Event: 712.094 loading class java/lang/ClassFormatError done
Event: 712.097 loading class java/lang/UnsupportedClassVersionError done
Event: 772.561 loading class java/util/Collections$UnmodifiableMap$UnmodifiableEntrySet
Event: 772.583 loading class java/util/Collections$UnmodifiableMap$UnmodifiableEntrySet done
Event: 773.437 loading class java/util/Collections$UnmodifiableMap$UnmodifiableEntrySet$1
Event: 773.467 loading class java/util/Collections$UnmodifiableMap$UnmodifiableEntrySet$1 done
Event: 773.467 loading class java/util/Collections$UnmodifiableMap$UnmodifiableEntrySet$UnmodifiableEntry
Event: 773.695 loading class java/util/Collections$UnmodifiableMap$UnmodifiableEntrySet$UnmodifiableEntry done


Dynamic libraries:
0x00007ff7f9af0000 - 0x00007ff7f9afe000 	C:\Users\HP\Downloads\sts-4.21.0.RELEASE\plugins\org.eclipse.justj.openjdk.hotspot.jre.full.win32.x86_64_17.0.9.v20231028-0858\jre\bin\javaw.exe
0x00007ff9b7a90000 - 0x00007ff9b7ca7000 	C:\WINDOWS\SYSTEM32\ntdll.dll
0x00007ff9b69c0000 - 0x00007ff9b6a84000 	C:\WINDOWS\System32\KERNEL32.DLL
0x00007ff9b50e0000 - 0x00007ff9b5486000 	C:\WINDOWS\System32\KERNELBASE.dll
0x00007ff9b5690000 - 0x00007ff9b57a1000 	C:\WINDOWS\System32\ucrtbase.dll
0x00007ff988b90000 - 0x00007ff988ba7000 	C:\Users\HP\Downloads\sts-4.21.0.RELEASE\plugins\org.eclipse.justj.openjdk.hotspot.jre.full.win32.x86_64_17.0.9.v20231028-0858\jre\bin\jli.dll
0x00007ff9b6530000 - 0x00007ff9b66de000 	C:\WINDOWS\System32\USER32.dll
0x00007ff9b5500000 - 0x00007ff9b5526000 	C:\WINDOWS\System32\win32u.dll
0x00007ff9b6170000 - 0x00007ff9b6199000 	C:\WINDOWS\System32\GDI32.dll
0x00007ff9b4dd0000 - 0x00007ff9b4ee8000 	C:\WINDOWS\System32\gdi32full.dll
0x00007ff9b55f0000 - 0x00007ff9b568a000 	C:\WINDOWS\System32\msvcp_win.dll
0x00007ff969450000 - 0x00007ff96946b000 	C:\Users\HP\Downloads\sts-4.21.0.RELEASE\plugins\org.eclipse.justj.openjdk.hotspot.jre.full.win32.x86_64_17.0.9.v20231028-0858\jre\bin\VCRUNTIME140.dll
0x00007ff9a1e70000 - 0x00007ff9a2103000 	C:\WINDOWS\WinSxS\amd64_microsoft.windows.common-controls_6595b64144ccf1df_6.0.22621.2506_none_270c5ae97388e100\COMCTL32.dll
0x00007ff9b5820000 - 0x00007ff9b58c7000 	C:\WINDOWS\System32\msvcrt.dll
0x00007ff9b57e0000 - 0x00007ff9b5811000 	C:\WINDOWS\System32\IMM32.DLL
0x00007ff9ad960000 - 0x00007ff9ad96c000 	C:\Users\HP\Downloads\sts-4.21.0.RELEASE\plugins\org.eclipse.justj.openjdk.hotspot.jre.full.win32.x86_64_17.0.9.v20231028-0858\jre\bin\vcruntime140_1.dll
0x00007ff968fe0000 - 0x00007ff96906d000 	C:\Users\HP\Downloads\sts-4.21.0.RELEASE\plugins\org.eclipse.justj.openjdk.hotspot.jre.full.win32.x86_64_17.0.9.v20231028-0858\jre\bin\msvcp140.dll
0x00007ff931da0000 - 0x00007ff932a01000 	C:\Users\HP\Downloads\sts-4.21.0.RELEASE\plugins\org.eclipse.justj.openjdk.hotspot.jre.full.win32.x86_64_17.0.9.v20231028-0858\jre\bin\server\jvm.dll
0x00007ff9b6700000 - 0x00007ff9b67b3000 	C:\WINDOWS\System32\ADVAPI32.dll
0x00007ff9b78a0000 - 0x00007ff9b7948000 	C:\WINDOWS\System32\sechost.dll
0x00007ff9b57b0000 - 0x00007ff9b57d8000 	C:\WINDOWS\System32\bcrypt.dll
0x00007ff9b6050000 - 0x00007ff9b6167000 	C:\WINDOWS\System32\RPCRT4.dll
0x00007ff9b4af0000 - 0x00007ff9b4b3d000 	C:\WINDOWS\SYSTEM32\POWRPROF.dll
0x00007ff9aff00000 - 0x00007ff9aff09000 	C:\WINDOWS\SYSTEM32\WSOCK32.dll
0x00007ff9b5df0000 - 0x00007ff9b5e61000 	C:\WINDOWS\System32\WS2_32.dll
0x00007ff9ad370000 - 0x00007ff9ad3a4000 	C:\WINDOWS\SYSTEM32\WINMM.dll
0x00007ff9a2af0000 - 0x00007ff9a2afa000 	C:\WINDOWS\SYSTEM32\VERSION.dll
0x00007ff9b4ad0000 - 0x00007ff9b4ae3000 	C:\WINDOWS\SYSTEM32\UMPDC.dll
0x00007ff9b3e00000 - 0x00007ff9b3e18000 	C:\WINDOWS\SYSTEM32\kernel.appcore.dll
0x00007ff9a4bc0000 - 0x00007ff9a4bca000 	C:\Users\HP\Downloads\sts-4.21.0.RELEASE\plugins\org.eclipse.justj.openjdk.hotspot.jre.full.win32.x86_64_17.0.9.v20231028-0858\jre\bin\jimage.dll
0x00007ff9b26a0000 - 0x00007ff9b28d3000 	C:\WINDOWS\SYSTEM32\DBGHELP.DLL
0x00007ff9b61a0000 - 0x00007ff9b6529000 	C:\WINDOWS\System32\combase.dll
0x00007ff9b5e70000 - 0x00007ff9b5f47000 	C:\WINDOWS\System32\OLEAUT32.dll
0x00007ff99b4e0000 - 0x00007ff99b512000 	C:\WINDOWS\SYSTEM32\dbgcore.DLL
0x00007ff9b5060000 - 0x00007ff9b50da000 	C:\WINDOWS\System32\bcryptPrimitives.dll
0x00007ff96ade0000 - 0x00007ff96ae05000 	C:\Users\HP\Downloads\sts-4.21.0.RELEASE\plugins\org.eclipse.justj.openjdk.hotspot.jre.full.win32.x86_64_17.0.9.v20231028-0858\jre\bin\java.dll
0x00007ff96afa0000 - 0x00007ff96afb8000 	C:\Users\HP\Downloads\sts-4.21.0.RELEASE\plugins\org.eclipse.justj.openjdk.hotspot.jre.full.win32.x86_64_17.0.9.v20231028-0858\jre\bin\zip.dll
0x00007ff9b7040000 - 0x00007ff9b789a000 	C:\WINDOWS\System32\SHELL32.dll
0x00007ff9b2d20000 - 0x00007ff9b3616000 	C:\WINDOWS\SYSTEM32\windows.storage.dll
0x00007ff9b2be0000 - 0x00007ff9b2d1e000 	C:\WINDOWS\SYSTEM32\wintypes.dll
0x00007ff9b7950000 - 0x00007ff9b7a43000 	C:\WINDOWS\System32\SHCORE.dll
0x00007ff9b6fe0000 - 0x00007ff9b703e000 	C:\WINDOWS\System32\shlwapi.dll
0x00007ff9b4d00000 - 0x00007ff9b4d26000 	C:\WINDOWS\SYSTEM32\profapi.dll
0x00007ff96a990000 - 0x00007ff96a9a9000 	C:\Users\HP\Downloads\sts-4.21.0.RELEASE\plugins\org.eclipse.justj.openjdk.hotspot.jre.full.win32.x86_64_17.0.9.v20231028-0858\jre\bin\net.dll
0x00007ff9adc20000 - 0x00007ff9add57000 	C:\WINDOWS\SYSTEM32\WINHTTP.dll
0x00007ff9b4280000 - 0x00007ff9b42e9000 	C:\WINDOWS\system32\mswsock.dll
0x00007ff96a970000 - 0x00007ff96a986000 	C:\Users\HP\Downloads\sts-4.21.0.RELEASE\plugins\org.eclipse.justj.openjdk.hotspot.jre.full.win32.x86_64_17.0.9.v20231028-0858\jre\bin\nio.dll
0x00007ff9a4db0000 - 0x00007ff9a4db9000 	C:\Users\HP\Downloads\sts-4.21.0.RELEASE\plugins\org.eclipse.justj.openjdk.hotspot.jre.full.win32.x86_64_17.0.9.v20231028-0858\jre\bin\management.dll
0x00007ff99d1c0000 - 0x00007ff99d1cb000 	C:\Users\HP\Downloads\sts-4.21.0.RELEASE\plugins\org.eclipse.justj.openjdk.hotspot.jre.full.win32.x86_64_17.0.9.v20231028-0858\jre\bin\management_ext.dll
0x00007ff9b6810000 - 0x00007ff9b6818000 	C:\WINDOWS\System32\PSAPI.DLL
0x00007ff990230000 - 0x00007ff990247000 	C:\WINDOWS\system32\napinsp.dll
0x00007ff990210000 - 0x00007ff99022b000 	C:\WINDOWS\system32\pnrpnsp.dll
0x00007ff9b38f0000 - 0x00007ff9b39e9000 	C:\WINDOWS\SYSTEM32\DNSAPI.dll
0x00007ff9b3880000 - 0x00007ff9b38ad000 	C:\WINDOWS\SYSTEM32\IPHLPAPI.DLL
0x00007ff9b66e0000 - 0x00007ff9b66e9000 	C:\WINDOWS\System32\NSI.dll
0x00007ff9901f0000 - 0x00007ff990201000 	C:\WINDOWS\System32\winrnr.dll
0x00007ff9ad350000 - 0x00007ff9ad365000 	C:\WINDOWS\system32\wshbth.dll
0x00007ff9901c0000 - 0x00007ff9901e1000 	C:\WINDOWS\system32\nlansp_c.dll
0x00007ff9a2370000 - 0x00007ff9a237a000 	C:\Windows\System32\rasadhlp.dll
0x00007ff9aaea0000 - 0x00007ff9aaf23000 	C:\WINDOWS\System32\fwpuclnt.dll
0x00007ff9b44d0000 - 0x00007ff9b44eb000 	C:\WINDOWS\SYSTEM32\CRYPTSP.dll
0x00007ff9b3d60000 - 0x00007ff9b3d95000 	C:\WINDOWS\system32\rsaenh.dll
0x00007ff9b4370000 - 0x00007ff9b439c000 	C:\WINDOWS\SYSTEM32\USERENV.dll
0x00007ff9b44f0000 - 0x00007ff9b44fc000 	C:\WINDOWS\SYSTEM32\CRYPTBASE.dll
0x00007ff9adfd0000 - 0x00007ff9adfe9000 	C:\WINDOWS\SYSTEM32\dhcpcsvc6.DLL
0x00007ff9ada40000 - 0x00007ff9ada5f000 	C:\WINDOWS\SYSTEM32\dhcpcsvc.DLL
0x00007ff99fee0000 - 0x00007ff99feee000 	C:\Users\HP\Downloads\sts-4.21.0.RELEASE\plugins\org.eclipse.justj.openjdk.hotspot.jre.full.win32.x86_64_17.0.9.v20231028-0858\jre\bin\sunmscapi.dll
0x00007ff9b4ef0000 - 0x00007ff9b5056000 	C:\WINDOWS\System32\CRYPT32.dll
0x00007ff9b4690000 - 0x00007ff9b46be000 	C:\WINDOWS\SYSTEM32\ncrypt.dll
0x00007ff9b4650000 - 0x00007ff9b4687000 	C:\WINDOWS\SYSTEM32\NTASN1.dll

dbghelp: loaded successfully - version: 4.0.5 - missing functions: none
symbol engine: initialized successfully - sym options: 0x614 - pdb path: .;C:\Users\HP\Downloads\sts-4.21.0.RELEASE\plugins\org.eclipse.justj.openjdk.hotspot.jre.full.win32.x86_64_17.0.9.v20231028-0858\jre\bin;C:\WINDOWS\SYSTEM32;C:\WINDOWS\WinSxS\amd64_microsoft.windows.common-controls_6595b64144ccf1df_6.0.22621.2506_none_270c5ae97388e100;C:\Users\HP\Downloads\sts-4.21.0.RELEASE\plugins\org.eclipse.justj.openjdk.hotspot.jre.full.win32.x86_64_17.0.9.v20231028-0858\jre\bin\server

VM Arguments:
jvm_args: -Dcom.sun.management.jmxremote -Dcom.sun.management.jmxremote.port=49305 -Dcom.sun.management.jmxremote.authenticate=false -Dcom.sun.management.jmxremote.ssl=false -Djava.rmi.server.hostname=localhost -Dspring.jmx.enabled=true -Dmanagement.endpoints.jmx.exposure.include=* -Dspring.application.admin.enabled=true -XX:TieredStopAtLevel=1 -Dspring.boot.project.name=blog-application-apis -Dfile.encoding=UTF-8 -Dstdout.encoding=UTF-8 -Dstderr.encoding=UTF-8 -XX:+ShowCodeDetailsInExceptionMessages 
java_command: com.Ayush.blog.BlogApplicationApisApplication --spring.output.ansi.enabled=always
java_class_path (initial): C:\Users\HP\Documents\workspace-spring-tool-suite-4-4.21.0.RELEASE\blog-application-apis\target\classes;C:\Users\HP\.m2\repository\org\springframework\boot\spring-boot-starter-data-jpa\3.2.2\spring-boot-starter-data-jpa-3.2.2.jar;C:\Users\HP\.m2\repository\org\springframework\boot\spring-boot-starter-aop\3.2.2\spring-boot-starter-aop-3.2.2.jar;C:\Users\HP\.m2\repository\org\springframework\spring-aop\6.1.3\spring-aop-6.1.3.jar;C:\Users\HP\.m2\repository\org\aspectj\aspectjweaver\1.9.21\aspectjweaver-1.9.21.jar;C:\Users\HP\.m2\repository\org\springframework\boot\spring-boot-starter-jdbc\3.2.2\spring-boot-starter-jdbc-3.2.2.jar;C:\Users\HP\.m2\repository\com\zaxxer\HikariCP\5.0.1\HikariCP-5.0.1.jar;C:\Users\HP\.m2\repository\org\springframework\spring-jdbc\6.1.3\spring-jdbc-6.1.3.jar;C:\Users\HP\.m2\repository\org\hibernate\orm\hibernate-core\6.4.1.Final\hibernate-core-6.4.1.Final.jar;C:\Users\HP\.m2\repository\jakarta\persistence\jakarta.persistence-api\3.1.0\jakarta.persistence-api-3.1.0.jar;C:\Users\HP\.m2\repository\jakarta\transaction\jakarta.transaction-api\2.0.1\jakarta.transaction-api-2.0.1.jar;C:\Users\HP\.m2\repository\org\jboss\logging\jboss-logging\3.5.3.Final\jboss-logging-3.5.3.Final.jar;C:\Users\HP\.m2\repository\org\hibernate\common\hibernate-commons-annotations\6.0.6.Final\hibernate-commons-annotations-6.0.6.Final.jar;C:\Users\HP\.m2\repository\io\smallrye\jandex\3.1.2\jandex-3.1.2.jar;C:\Users\HP\.m2\repository\com\fasterxml\classmate\1.6.0\classmate-1.6.0.jar;C:\Users\HP\.m2\repository\net\bytebuddy\byte-buddy\1.14.11\byte-buddy-1.14.11.jar;C:\Users\HP\.m2\repository\org\glassfish\jaxb\jaxb-runtime\4.0.4\jaxb-runtime-4.0.4.jar;C:\Users\HP\.m2\repository\org\glassfish\jaxb\jaxb-core\4.0.4\jaxb-core-4.0.4.jar;C:\Users\HP\.m2\repository\org\eclipse\angus\angus-activation\2.0.1\angus-activation-2.0.1.jar;C:\Users\HP\.m2\repository\org\glassfish\jaxb\txw2\4.0.4\txw2-4.0.4.jar;C:\Users\HP\.m2\repository\com\sun\istack\istack-c
Launcher Type: SUN_STANDARD

[Global flags]
     intx CICompilerCount                          = 4                                         {product} {ergonomic}
     uint ConcGCThreads                            = 2                                         {product} {ergonomic}
     uint G1ConcRefinementThreads                  = 8                                         {product} {ergonomic}
   size_t G1HeapRegionSize                         = 1048576                                   {product} {ergonomic}
    uintx GCDrainStackTargetSize                   = 64                                        {product} {ergonomic}
   size_t InitialHeapSize                          = 67108864                                  {product} {ergonomic}
     bool ManagementServer                         = true                                      {product} {command line}
   size_t MarkStackSize                            = 4194304                                   {product} {ergonomic}
   size_t MaxHeapSize                              = 1050673152                                {product} {ergonomic}
   size_t MaxNewSize                               = 630194176                                 {product} {ergonomic}
   size_t MinHeapDeltaBytes                        = 1048576                                   {product} {ergonomic}
   size_t MinHeapSize                              = 8388608                                   {product} {ergonomic}
    uintx NonProfiledCodeHeapSize                  = 0                                      {pd product} {ergonomic}
     bool ProfileInterpreter                       = false                                  {pd product} {command line}
    uintx ProfiledCodeHeapSize                     = 0                                      {pd product} {ergonomic}
     bool ShowCodeDetailsInExceptionMessages       = true                                   {manageable} {command line}
   size_t SoftMaxHeapSize                          = 1050673152                             {manageable} {ergonomic}
     intx TieredStopAtLevel                        = 1                                         {product} {command line}
     bool UseCompressedClassPointers               = true                           {product lp64_product} {ergonomic}
     bool UseCompressedOops                        = true                           {product lp64_product} {ergonomic}
     bool UseG1GC                                  = true                                      {product} {ergonomic}
     bool UseLargePagesIndividualAllocation        = false                                  {pd product} {ergonomic}

Logging:
Log output configuration:
 #0: stdout all=warning uptime,level,tags
 #1: stderr all=off uptime,level,tags

Environment Variables:
JAVA_HOME=C:\Program Files\Java\jdk-20
PATH=C:/Users/HP/Downloads/sts-4.21.0.RELEASE//plugins/org.eclipse.justj.openjdk.hotspot.jre.full.win32.x86_64_17.0.9.v20231028-0858/jre/bin/server;C:/Users/HP/Downloads/sts-4.21.0.RELEASE//plugins/org.eclipse.justj.openjdk.hotspot.jre.full.win32.x86_64_17.0.9.v20231028-0858/jre/bin;C:\Program Files\Common Files\Oracle\Java\javapath;C:\WINDOWS\system32;C:\WINDOWS;C:\WINDOWS\System32\Wbem;C:\WINDOWS\System32\WindowsPowerShell\v1.0\;C:\WINDOWS\System32\OpenSSH\;C:\Program Files\Microchip\xc8\v2.36\bin;C:\Program Files\Java\jdk-20\bin;C:\Program Files\Common Files\Oracle\Java\javapath;C:\Aldec\Active-HDL-Student-Edition\bin;C:\Program Files\MySQL\MySQL Server 8.0\bin;C:\Program Files\Java\jdk-21\bin;C:\Program Files\MySQL\MySQL Shell 8.0\bin\;C:\Users\HP\AppData\Local\Microsoft\WindowsApps;C:\Program Files\JetBrains\IntelliJ IDEA Community Edition 2023.3.2\bin;;C:\Users\HP\Downloads\sts-4.21.0.RELEASE;
USERNAME=HP
OS=Windows_NT
PROCESSOR_IDENTIFIER=Intel64 Family 6 Model 142 Stepping 10, GenuineIntel
TMP=C:\Users\HP\AppData\Local\Temp
TEMP=C:\Users\HP\AppData\Local\Temp



Periodic native trim disabled


---------------  S Y S T E M  ---------------

OS:
 Windows 11 , 64 bit Build 22621 (10.0.22621.2506)
OS uptime: 15 days 1:09 hours

CPU: total 8 (initial active 8) (4 cores per cpu, 2 threads per core) family 6 model 142 stepping 10 microcode 0xe0, cx8, cmov, fxsr, ht, mmx, 3dnowpref, sse, sse2, sse3, ssse3, sse4.1, sse4.2, popcnt, lzcnt, tsc, tscinvbit, avx, avx2, aes, erms, clmul, bmi1, bmi2, adx, fma, vzeroupper, clflush, clflushopt
Processor Information for all 8 processors :
  Max Mhz: 1801, Current Mhz: 1801, Mhz Limit: 1801

Memory: 4k page, system-wide physical 4007M (5M free)
TotalPageFile size 16295M (AvailPageFile size 0M)
current process WorkingSet (physical memory assigned to process): 24M, peak: 67M
current process commit charge ("private bytes"): 175M, peak: 200M

vm_info: OpenJDK 64-Bit Server VM (17.0.9+9) for windows-amd64 JRE (17.0.9+9), built on Oct 26 2023 14:01:42 by "admin" with MS VC++ 16.10 / 16.11 (VS2019)

END.
