#
# There is insufficient memory for the Java Runtime Environment to continue.
# Native memory allocation (mmap) failed to map 65536 bytes for Failed to commit metaspace.
# Possible reasons:
#   The system is out of physical RAM or swap space
#   The process is running with CompressedOops enabled, and the Java Heap may be blocking the growth of the native heap
# Possible solutions:
#   Reduce memory load on the system
#   Increase physical memory or swap space
#   Check if swap backing store is full
#   Decrease Java heap size (-Xmx/-Xms)
#   Decrease number of Java threads
#   Decrease Java thread stack sizes (-Xss)
#   Set larger code cache with -XX:ReservedCodeCacheSize=
#   JVM is running with Unscaled Compressed Oops mode in which the Java heap is
#     placed in the first 4GB address space. The Java Heap base address is the
#     maximum limit for the native heap growth. Please use -XX:HeapBaseMinAddress
#     to set the Java Heap base and to place the Java Heap above 4GB virtual address.
# This output file may be truncated or incomplete.
#
#  Out of Memory Error (virtualSpaceNode.cpp:110), pid=23380, tid=8412
#
# JRE version: OpenJDK Runtime Environment Temurin-17.0.9+9 (17.0.9+9) (build 17.0.9+9)
# Java VM: OpenJDK 64-Bit Server VM Temurin-17.0.9+9 (17.0.9+9, mixed mode, emulated-client, tiered, compressed oops, compressed class ptrs, g1 gc, windows-amd64)
# No core dump will be written. Minidumps are not enabled by default on client versions of Windows
#

---------------  S U M M A R Y ------------

Command Line: -Dcom.sun.management.jmxremote -Dcom.sun.management.jmxremote.port=49300 -Dcom.sun.management.jmxremote.authenticate=false -Dcom.sun.management.jmxremote.ssl=false -Djava.rmi.server.hostname=localhost -Dspring.jmx.enabled=true -Dmanagement.endpoints.jmx.exposure.include=* -Dspring.application.admin.enabled=true -XX:TieredStopAtLevel=1 -Dspring.boot.project.name=blog-application-apis -Dfile.encoding=UTF-8 -Dstdout.encoding=UTF-8 -Dstderr.encoding=UTF-8 -XX:+ShowCodeDetailsInExceptionMessages com.Ayush.blog.BlogApplicationApisApplication --spring.output.ansi.enabled=always

Host: Intel(R) Core(TM) i5-8250U CPU @ 1.60GHz, 8 cores, 3G,  Windows 11 , 64 bit Build 22621 (10.0.22621.2506)
Time: Mon Feb 12 14:29:07 2024 India Standard Time elapsed time: 787.961322 seconds (0d 0h 13m 7s)

---------------  T H R E A D  ---------------

Current thread (0x000001dca376c150):  JavaThread "restartedMain" [_thread_in_vm, id=8412, stack(0x000000b923100000,0x000000b923200000)]

Stack: [0x000000b923100000,0x000000b923200000]
Native frames: (J=compiled Java code, j=interpreted, Vv=VM code, C=native code)
V  [jvm.dll+0x67cf49]
V  [jvm.dll+0x83478a]
V  [jvm.dll+0x83624e]
V  [jvm.dll+0x8368b3]
V  [jvm.dll+0x247f1f]
V  [jvm.dll+0x83044b]
V  [jvm.dll+0x621776]
V  [jvm.dll+0x1c1fee]
V  [jvm.dll+0x6240d1]
V  [jvm.dll+0x622116]
V  [jvm.dll+0x62c007]
V  [jvm.dll+0x1ebfdb]
V  [jvm.dll+0x1ec515]
V  [jvm.dll+0x1ecfd0]
V  [jvm.dll+0x1e23d1]
V  [jvm.dll+0x54305e]
V  [jvm.dll+0x7ae778]
V  [jvm.dll+0x7ae864]
V  [jvm.dll+0x411165]
V  [jvm.dll+0x4172e9]
C  [java.dll+0x17ec]

Java frames: (J=compiled Java code, j=interpreted, Vv=VM code)
J 1366  java.lang.ClassLoader.defineClass1(Ljava/lang/ClassLoader;Ljava/lang/String;[BIILjava/security/ProtectionDomain;Ljava/lang/String;)Ljava/lang/Class; java.base@17.0.9 (0 bytes) @ 0x000001dc9700bc5b [0x000001dc9700bba0+0x00000000000000bb]
J 1621 c1 java.lang.ClassLoader.defineClass(Ljava/lang/String;[BIILjava/security/ProtectionDomain;)Ljava/lang/Class; java.base@17.0.9 (43 bytes) @ 0x000001dc9706f5dc [0x000001dc9706f4e0+0x00000000000000fc]
J 1433 c1 jdk.internal.loader.BuiltinClassLoader.defineClass(Ljava/lang/String;Ljdk/internal/loader/Resource;)Ljava/lang/Class; java.base@17.0.9 (121 bytes) @ 0x000001dc97026044 [0x000001dc97025ba0+0x00000000000004a4]
J 1429 c1 jdk.internal.loader.BuiltinClassLoader.findClassOnClassPathOrNull(Ljava/lang/String;)Ljava/lang/Class; java.base@17.0.9 (64 bytes) @ 0x000001dc97023e44 [0x000001dc97023ba0+0x00000000000002a4]
J 1060 c1 jdk.internal.loader.BuiltinClassLoader.loadClassOrNull(Ljava/lang/String;Z)Ljava/lang/Class; java.base@17.0.9 (143 bytes) @ 0x000001dc96f8e344 [0x000001dc96f8df00+0x0000000000000444]
J 1186 c1 jdk.internal.loader.ClassLoaders$AppClassLoader.loadClass(Ljava/lang/String;Z)Ljava/lang/Class; java.base@17.0.9 (40 bytes) @ 0x000001dc96fc6d24 [0x000001dc96fc6be0+0x0000000000000144]
J 1182 c1 java.lang.ClassLoader.loadClass(Ljava/lang/String;)Ljava/lang/Class; java.base@17.0.9 (7 bytes) @ 0x000001dc96fc59e4 [0x000001dc96fc59a0+0x0000000000000044]
v  ~StubRoutines::call_stub
j  org.springframework.data.convert.Jsr310Converters.getConvertersToRegister()Ljava/util/Collection;+19
j  org.springframework.data.projection.ProxyProjectionFactory.<clinit>()V+10
v  ~StubRoutines::call_stub
j  org.springframework.data.web.ProxyingHandlerMethodArgumentResolver.<init>(Lorg/springframework/beans/factory/ObjectFactory;Z)V+6
j  org.springframework.data.web.config.ProjectingArgumentResolverRegistrar$ProjectingArgumentResolverBeanPostProcessor.<init>(Lorg/springframework/beans/factory/ObjectFactory;)V+11
j  org.springframework.data.web.config.ProjectingArgumentResolverRegistrar.projectingArgumentResolverBeanPostProcessor(Lorg/springframework/beans/factory/ObjectFactory;)Lorg/springframework/data/web/config/ProjectingArgumentResolverRegistrar$ProjectingArgumentResolverBeanPostProcessor;+5
v  ~StubRoutines::call_stub
j  jdk.internal.reflect.NativeMethodAccessorImpl.invoke0(Ljava/lang/reflect/Method;Ljava/lang/Object;[Ljava/lang/Object;)Ljava/lang/Object;+0 java.base@17.0.9
j  jdk.internal.reflect.NativeMethodAccessorImpl.invoke(Ljava/lang/Object;[Ljava/lang/Object;)Ljava/lang/Object;+133 java.base@17.0.9
J 1385 c1 jdk.internal.reflect.DelegatingMethodAccessorImpl.invoke(Ljava/lang/Object;[Ljava/lang/Object;)Ljava/lang/Object; java.base@17.0.9 (10 bytes) @ 0x000001dc97015164 [0x000001dc97015120+0x0000000000000044]
J 1384 c1 java.lang.reflect.Method.invoke(Ljava/lang/Object;[Ljava/lang/Object;)Ljava/lang/Object; java.base@17.0.9 (65 bytes) @ 0x000001dc97014d54 [0x000001dc97014c60+0x00000000000000f4]
j  org.springframework.beans.factory.support.SimpleInstantiationStrategy.instantiate(Lorg/springframework/beans/factory/support/RootBeanDefinition;Ljava/lang/String;Lorg/springframework/beans/factory/BeanFactory;Ljava/lang/Object;Ljava/lang/reflect/Method;[Ljava/lang/Object;)Ljava/lang/Object;+30
j  org.springframework.beans.factory.support.ConstructorResolver.instantiate(Ljava/lang/String;Lorg/springframework/beans/factory/support/RootBeanDefinition;Ljava/lang/Object;Ljava/lang/reflect/Method;[Ljava/lang/Object;)Ljava/lang/Object;+18
j  org.springframework.beans.factory.support.ConstructorResolver.instantiateUsingFactoryMethod(Ljava/lang/String;Lorg/springframework/beans/factory/support/RootBeanDefinition;[Ljava/lang/Object;)Lorg/springframework/beans/BeanWrapper;+1438
j  org.springframework.beans.factory.support.AbstractAutowireCapableBeanFactory.instantiateUsingFactoryMethod(Ljava/lang/String;Lorg/springframework/beans/factory/support/RootBeanDefinition;[Ljava/lang/Object;)Lorg/springframework/beans/BeanWrapper;+11
j  org.springframework.beans.factory.support.AbstractAutowireCapableBeanFactory.createBeanInstance(Ljava/lang/String;Lorg/springframework/beans/factory/support/RootBeanDefinition;[Ljava/lang/Object;)Lorg/springframework/beans/BeanWrapper;+89
j  org.springframework.beans.factory.support.AbstractAutowireCapableBeanFactory.doCreateBean(Ljava/lang/String;Lorg/springframework/beans/factory/support/RootBeanDefinition;[Ljava/lang/Object;)Ljava/lang/Object;+34
j  org.springframework.beans.factory.support.AbstractAutowireCapableBeanFactory.createBean(Ljava/lang/String;Lorg/springframework/beans/factory/support/RootBeanDefinition;[Ljava/lang/Object;)Ljava/lang/Object;+153
j  org.springframework.beans.factory.support.AbstractBeanFactory.lambda$doGetBean$0(Ljava/lang/String;Lorg/springframework/beans/factory/support/RootBeanDefinition;[Ljava/lang/Object;)Ljava/lang/Object;+4
j  org.springframework.beans.factory.support.AbstractBeanFactory$$Lambda$361+0x00000001002f11b0.getObject()Ljava/lang/Object;+16
j  org.springframework.beans.factory.support.DefaultSingletonBeanRegistry.getSingleton(Ljava/lang/String;Lorg/springframework/beans/factory/ObjectFactory;)Ljava/lang/Object;+114
J 3174 c1 org.springframework.beans.factory.support.AbstractBeanFactory.doGetBean(Ljava/lang/String;Ljava/lang/Class;[Ljava/lang/Object;Z)Ljava/lang/Object; (740 bytes) @ 0x000001dc972c012c [0x000001dc972bfb80+0x00000000000005ac]
J 3235 c1 org.springframework.beans.factory.support.AbstractBeanFactory.getBean(Ljava/lang/String;Ljava/lang/Class;)Ljava/lang/Object; (9 bytes) @ 0x000001dc972da4e4 [0x000001dc972da4a0+0x0000000000000044]
j  org.springframework.context.support.PostProcessorRegistrationDelegate.registerBeanPostProcessors(Lorg/springframework/beans/factory/config/ConfigurableListableBeanFactory;Lorg/springframework/context/support/AbstractApplicationContext;)V+370
j  org.springframework.context.support.AbstractApplicationContext.registerBeanPostProcessors(Lorg/springframework/beans/factory/config/ConfigurableListableBeanFactory;)V+2
j  org.springframework.context.support.AbstractApplicationContext.refresh()V+67
j  org.springframework.boot.web.servlet.context.ServletWebServerApplicationContext.refresh()V+1
j  org.springframework.boot.SpringApplication.refresh(Lorg/springframework/context/ConfigurableApplicationContext;)V+1
j  org.springframework.boot.SpringApplication.refreshContext(Lorg/springframework/context/ConfigurableApplicationContext;)V+16
j  org.springframework.boot.SpringApplication.run([Ljava/lang/String;)Lorg/springframework/context/ConfigurableApplicationContext;+110
j  org.springframework.boot.SpringApplication.run([Ljava/lang/Class;[Ljava/lang/String;)Lorg/springframework/context/ConfigurableApplicationContext;+9
j  org.springframework.boot.SpringApplication.run(Ljava/lang/Class;[Ljava/lang/String;)Lorg/springframework/context/ConfigurableApplicationContext;+9
j  com.Ayush.blog.BlogApplicationApisApplication.main([Ljava/lang/String;)V+3
v  ~StubRoutines::call_stub
j  jdk.internal.reflect.NativeMethodAccessorImpl.invoke0(Ljava/lang/reflect/Method;Ljava/lang/Object;[Ljava/lang/Object;)Ljava/lang/Object;+0 java.base@17.0.9
j  jdk.internal.reflect.NativeMethodAccessorImpl.invoke(Ljava/lang/Object;[Ljava/lang/Object;)Ljava/lang/Object;+133 java.base@17.0.9
J 1385 c1 jdk.internal.reflect.DelegatingMethodAccessorImpl.invoke(Ljava/lang/Object;[Ljava/lang/Object;)Ljava/lang/Object; java.base@17.0.9 (10 bytes) @ 0x000001dc97015164 [0x000001dc97015120+0x0000000000000044]
J 1384 c1 java.lang.reflect.Method.invoke(Ljava/lang/Object;[Ljava/lang/Object;)Ljava/lang/Object; java.base@17.0.9 (65 bytes) @ 0x000001dc97014d54 [0x000001dc97014c60+0x00000000000000f4]
j  org.springframework.boot.devtools.restart.RestartLauncher.run()V+47
v  ~StubRoutines::call_stub

Compiled method (n/a)  788171 1366     n 0       java.lang.ClassLoader::defineClass1 (native)
 total in heap  [0x000001dc9700ba10,0x000001dc9700bee8] = 1240
 relocation     [0x000001dc9700bb68,0x000001dc9700bba0] = 56
 main code      [0x000001dc9700bba0,0x000001dc9700bee8] = 840

[Constant Pool (empty)]

[MachCode]
[Entry Point]
  # {method} {0x000001dc9f0236b8} 'defineClass1' '(Ljava/lang/ClassLoader;Ljava/lang/String;[BIILjava/security/ProtectionDomain;Ljava/lang/String;)Ljava/lang/Class;' in 'java/lang/ClassLoader'
  # parm0:    rdx:rdx   = 'java/lang/ClassLoader'
  # parm1:    r8:r8     = 'java/lang/String'
  # parm2:    r9:r9     = '[B'
  # parm3:    rdi       = int
  # parm4:    rsi       = int
  # parm5:    rcx:rcx   = 'java/security/ProtectionDomain'
  # parm6:    [sp+0xa0]   = 'java/lang/String'  (sp of caller)
  0x000001dc9700bba0: 448b 5208 | 49c1 e203 | 493b c20f | 8407 0000 

  0x000001dc9700bbb0: ;   {runtime_call ic_miss_stub}
  0x000001dc9700bbb0: 00e9 ca54 | d5ff 6690 
[Verified Entry Point]
  0x000001dc9700bbb8: 8984 2400 | 90ff ff55 | 488b ec48 | 81ec 9000 | 0000 4881 | 7d10 0000 | 0000 488d | 4510 480f 
  0x000001dc9700bbd8: 4445 1048 | 8944 2440 | 4889 4c24 | 7048 83f9 | 0048 8d44 | 2470 480f | 4444 2470 | 4889 4424 
  0x000001dc9700bbf8: 3848 8974 | 2430 4889 | 7c24 284c | 894c 2458 | 4983 f900 | 488d 4424 | 5848 0f44 | 4424 5848 
  0x000001dc9700bc18: 8944 2420 | 4c89 4424 | 5049 83f8 | 004c 8d4c | 2450 4c0f | 444c 2450 | 4889 5424 | 4848 83fa 
  0x000001dc9700bc38: 004c 8d44 | 2448 4c0f | 4444 2448 

  0x000001dc9700bc44: ;   {oop(a 'java/lang/Class'{0x00000000c17d1e18} = 'java/lang/ClassLoader')}
  0x000001dc9700bc44: 49be 181e | 7dc1 0000 | 0000 4c89 | 7424 784c | 8d74 2478 | 498b d6c5 

  0x000001dc9700bc5c: ;   {internal_word}
  0x000001dc9700bc5c: f877 49ba | 5bbc 0097 | dc01 0000 | 4d89 97a0 | 0200 0049 | 89a7 9802 

  0x000001dc9700bc74: ;   {external_word}
  0x000001dc9700bc74: 0000 49ba | 2e35 9232 | f97f 0000 | 4180 3a00 | 0f84 5200 | 0000 5241 

  0x000001dc9700bc8c: ;   {metadata({method} {0x000001dc9f0236b8} 'defineClass1' '(Ljava/lang/ClassLoader;Ljava/lang/String;[BIILjava/security/ProtectionDomain;Ljava/lang/String;)Ljava/lang/Class;' in 'java/lang/ClassLoader')}
  0x000001dc9700bc8c: 5041 5148 | bab0 3602 | 9fdc 0100 | 0049 8bcf | 4883 ec20 | f7c4 0f00 | 0000 0f84 | 1a00 0000 
  0x000001dc9700bcac: 4883 ec08 

  0x000001dc9700bcb0: ;   {runtime_call}
  0x000001dc9700bcb0: 49ba c02b | 4832 f97f | 0000 41ff | d248 83c4 | 08e9 0d00 

  0x000001dc9700bcc4: ;   {runtime_call}
  0x000001dc9700bcc4: 0000 49ba | c02b 4832 | f97f 0000 | 41ff d248 | 83c4 2041 | 5941 585a | 498d 8fb8 | 0200 0041 
  0x000001dc9700bce4: c787 4803 | 0000 0400 

  0x000001dc9700bcec: ;   {runtime_call}
  0x000001dc9700bcec: 0000 49ba | ac16 de6a | f97f 0000 | 41ff d2c5 | f877 41c7 | 8748 0300 | 0005 0000 | 00f0 8344 
  0x000001dc9700bd0c: 24c0 0049 | 3baf 5003 | 0000 0f87 | 1100 0000 | 4181 bf38 | 0300 0000 | 0000 000f | 842c 0000 
  0x000001dc9700bd2c: 00c5 f877 | 4889 45f8 | 498b cf4c | 8be4 4883 | ec20 4883 

  0x000001dc9700bd40: ;   {runtime_call}
  0x000001dc9700bd40: e4f0 49ba | f040 5832 | f97f 0000 | 41ff d249 | 8be4 4d33 | e448 8b45 | f841 c787 | 4803 0000 
  0x000001dc9700bd60: 0800 0000 | 4181 bfb8 | 0300 0002 | 0000 000f | 843f 0100 

  0x000001dc9700bd74: ;   {external_word}
  0x000001dc9700bd74: 0049 ba2e | 3592 32f9 | 7f00 0041 | 803a 000f | 8450 0000 | 0048 8945 

  0x000001dc9700bd8c: ;   {metadata({method} {0x000001dc9f0236b8} 'defineClass1' '(Ljava/lang/ClassLoader;Ljava/lang/String;[BIILjava/security/ProtectionDomain;Ljava/lang/String;)Ljava/lang/Class;' in 'java/lang/ClassLoader')}
  0x000001dc9700bd8c: f848 bab0 | 3602 9fdc | 0100 0049 | 8bcf 4883 | ec20 f7c4 | 0f00 0000 | 0f84 1a00 | 0000 4883 
  0x000001dc9700bdac: ;   {runtime_call}
  0x000001dc9700bdac: ec08 49ba | c02b 4832 | f97f 0000 | 41ff d248 | 83c4 08e9 | 0d00 0000 

  0x000001dc9700bdc4: ;   {runtime_call}
  0x000001dc9700bdc4: 49ba c02b | 4832 f97f | 0000 41ff | d248 83c4 | 2048 8b45 | f849 c787 | 9802 0000 | 0000 0000 
  0x000001dc9700bde4: 49c7 87a0 | 0200 0000 | 0000 00c5 | f877 4885 | c00f 8493 | 0000 0048 | f7c0 0100 | 0000 0f84 
  0x000001dc9700be04: 8300 0000 | 488b 40ff | 4180 7f38 | 000f 846f | 0000 0048 | 83f8 000f | 8465 0000 | 0049 8b4f 
  0x000001dc9700be24: 2048 83f9 | 000f 8414 | 0000 0048 | 83e9 0849 | 894f 2049 | 034f 3048 | 8901 e943 | 0000 0050 
  0x000001dc9700be44: 498b d748 | 8bc8 4883 | ec20 f7c4 | 0f00 0000 | 0f84 1a00 | 0000 4883 

  0x000001dc9700be5c: ;   {runtime_call}
  0x000001dc9700be5c: ec08 49ba | 6050 0732 | f97f 0000 | 41ff d248 | 83c4 08e9 | 0d00 0000 

  0x000001dc9700be74: ;   {runtime_call}
  0x000001dc9700be74: 49ba 6050 | 0732 f97f | 0000 41ff | d248 83c4 | 2058 e903 | 0000 0048 | 8b00 498b | 8fd8 0000 
  0x000001dc9700be94: 00c7 8100 | 0100 0000 | 0000 00c9 | 4981 7f08 | 0000 0000 | 0f85 0100 

  0x000001dc9700beac: ;   {runtime_call StubRoutines (1)}
  0x000001dc9700beac: 0000 c3e9 | 4c50 d0ff | c5f8 7748 | 8945 f84c | 8be4 4883 | ec20 4883 

  0x000001dc9700bec4: ;   {runtime_call}
  0x000001dc9700bec4: e4f0 49ba | 505c 4832 | f97f 0000 | 41ff d249 | 8be4 4d33 | e448 8b45 | f8e9 93fe | ffff f4f4 
  0x000001dc9700bee4: f4f4 f4f4 
[/MachCode]


Compiled method (c1)  788296 1621       1       java.lang.ClassLoader::defineClass (43 bytes)
 total in heap  [0x000001dc9706f310,0x000001dc9706f8b0] = 1440
 relocation     [0x000001dc9706f468,0x000001dc9706f4c8] = 96
 main code      [0x000001dc9706f4e0,0x000001dc9706f680] = 416
 stub code      [0x000001dc9706f680,0x000001dc9706f6f8] = 120
 metadata       [0x000001dc9706f6f8,0x000001dc9706f728] = 48
 scopes data    [0x000001dc9706f728,0x000001dc9706f7e0] = 184
 scopes pcs     [0x000001dc9706f7e0,0x000001dc9706f880] = 160
 dependencies   [0x000001dc9706f880,0x000001dc9706f888] = 8
 nul chk table  [0x000001dc9706f888,0x000001dc9706f8b0] = 40

[Constant Pool (empty)]

[MachCode]
[Entry Point]
  # {method} {0x000001dc9f0234b8} 'defineClass' '(Ljava/lang/String;[BIILjava/security/ProtectionDomain;)Ljava/lang/Class;' in 'java/lang/ClassLoader'
  # this:     rdx:rdx   = 'java/lang/ClassLoader'
  # parm0:    r8:r8     = 'java/lang/String'
  # parm1:    r9:r9     = '[B'
  # parm2:    rdi       = int
  # parm3:    rsi       = int
  # parm4:    rcx:rcx   = 'java/security/ProtectionDomain'
  #           [sp+0xc0]  (sp of caller)
  0x000001dc9706f4e0: 448b 5208 | 49c1 e203 

  0x000001dc9706f4e8: ;   {runtime_call ic_miss_stub}
  0x000001dc9706f4e8: 4c3b d00f | 858f 1bcf | ff66 6666 | 0f1f 8400 | 0000 0000 | 6666 6690 
[Verified Entry Point]
  0x000001dc9706f500: 8984 2400 | 90ff ff55 | 4881 ecb0 | 0000 0048 | 8954 2478 | 89b4 2494 | 0000 0089 | bc24 9000 
  0x000001dc9706f520: 0000 4c89 | 8c24 8800 | 0000 498b | d84c 8bc3 | 4c8b c948 | 8bca 488b | d148 899c | 2480 0000 
  0x000001dc9706f540: 0066 0f1f 

  0x000001dc9706f544: ;   {optimized virtual_call}
  0x000001dc9706f544: 4400 00e8 

  0x000001dc9706f548: ; ImmutableOopMap {[120]=Oop [136]=Oop [128]=Oop }
                      ;*invokevirtual preDefineClass {reexecute=0 rethrow=0 return_oop=0}
                      ; - java.lang.ClassLoader::defineClass@4 (line 1015)
  0x000001dc9706f548: f40a 0000 | 4889 8424 | 9800 0000 

  0x000001dc9706f554: ; implicit exception: dispatches to 0x000001dc9706f61a
  0x000001dc9706f554: 448b 4010 | 4983 f800 | 0f85 0f00 

  0x000001dc9706f560: ;   {oop(NULL)}
  0x000001dc9706f560: 0000 48bb | 0000 0000 | 0000 0000 | e936 0000 | 0045 8b40 | 0c49 83f8 | 000f 850f 

  0x000001dc9706f57c: ;   {oop(NULL)}
  0x000001dc9706f57c: 0000 0048 | bb00 0000 | 0000 0000 | 00e9 1900 | 0000 418b | 5038 483b 

  0x000001dc9706f594: ;   {optimized virtual_call}
  0x000001dc9706f594: 0266 90e8 

  0x000001dc9706f598: ; ImmutableOopMap {[120]=Oop [136]=Oop [128]=Oop [152]=Oop }
                      ;*invokevirtual toExternalForm {reexecute=0 rethrow=0 return_oop=0}
                      ; - java.net.URL::toExternalForm@5 (line 1039)
                      ; - java.net.URL::toString@1 (line 1025)
                      ; - java.lang.ClassLoader::defineClassSourceLocation@22 (line 917)
                      ; - java.lang.ClassLoader::defineClass@12 (line 1016)
  0x000001dc9706f598: 8489 f7ff | 488b d848 | 8b84 2498 | 0000 008b | b424 9400 | 0000 8bbc | 2490 0000 | 004c 8b8c 
  0x000001dc9706f5b8: 2488 0000 | 004c 8b84 | 2480 0000 | 0048 8b54 | 2478 4c8b | da49 8bd3 | 488b c848 

  0x000001dc9706f5d4: ;   {static_call}
  0x000001dc9706f5d4: 891c 24e8 

  0x000001dc9706f5d8: ; ImmutableOopMap {[152]=Oop [120]=Oop }
                      ;*invokestatic defineClass1 {reexecute=0 rethrow=0 return_oop=0}
                      ; - java.lang.ClassLoader::defineClass@27 (line 1017)
  0x000001dc9706f5d8: dcc5 f9ff | 4c8b c04c | 8b8c 2498 | 0000 0048 | 8b54 2478 | 4889 8424 | a000 0000 

  0x000001dc9706f5f4: ;   {optimized virtual_call}
  0x000001dc9706f5f4: 6666 90e8 

  0x000001dc9706f5f8: ; ImmutableOopMap {[160]=Oop }
                      ;*invokevirtual postDefineClass {reexecute=0 rethrow=0 return_oop=0}
                      ; - java.lang.ClassLoader::defineClass@37 (line 1018)
  0x000001dc9706f5f8: 0405 0000 | 488b 8424 | a000 0000 | 4881 c4b0 | 0000 005d 

  0x000001dc9706f60c: ;   {poll_return}
  0x000001dc9706f60c: 493b a750 | 0300 000f | 8715 0000 

  0x000001dc9706f618: ;   {runtime_call throw_null_pointer_exception Runtime1 stub}
  0x000001dc9706f618: 00c3 e801 

  0x000001dc9706f61c: ; ImmutableOopMap {[120]=Oop [136]=Oop [128]=Oop rax=Oop [152]=Oop }
                      ;*invokevirtual getCodeSource {reexecute=0 rethrow=0 return_oop=0}
                      ; - java.lang.ClassLoader::defineClassSourceLocation@1 (line 914)
                      ; - java.lang.ClassLoader::defineClass@12 (line 1016)
                      ;   {runtime_call throw_null_pointer_exception Runtime1 stub}
  0x000001dc9706f61c: 1ad9 ffe8 

  0x000001dc9706f620: ; ImmutableOopMap {[120]=Oop [136]=Oop [128]=Oop rax=Oop [152]=Oop }
                      ;*invokevirtual getLocation {reexecute=0 rethrow=0 return_oop=0}
                      ; - java.lang.ClassLoader::defineClassSourceLocation@12 (line 916)
                      ; - java.lang.ClassLoader::defineClass@12 (line 1016)
  0x000001dc9706f620: fc19 d9ff 

  0x000001dc9706f624: ;   {runtime_call throw_null_pointer_exception Runtime1 stub}
  0x000001dc9706f624: e8f7 19d9 

  0x000001dc9706f628: ; ImmutableOopMap {[120]=Oop [136]=Oop [128]=Oop [152]=Oop r8=Oop }
                      ;*invokevirtual toString {reexecute=0 rethrow=0 return_oop=0}
                      ; - java.lang.ClassLoader::defineClassSourceLocation@22 (line 917)
                      ; - java.lang.ClassLoader::defineClass@12 (line 1016)
                      ;   {runtime_call throw_null_pointer_exception Runtime1 stub}
  0x000001dc9706f628: ffe8 f219 

  0x000001dc9706f62c: ; ImmutableOopMap {[120]=Oop [136]=Oop [128]=Oop [152]=Oop r8=Oop rdx=Oop }
                      ;*invokevirtual toExternalForm {reexecute=0 rethrow=0 return_oop=0}
                      ; - java.net.URL::toExternalForm@5 (line 1039)
                      ; - java.net.URL::toString@1 (line 1025)
                      ; - java.lang.ClassLoader::defineClassSourceLocation@22 (line 917)
                      ; - java.lang.ClassLoader::defineClass@12 (line 1016)
                      ;   {internal_word}
  0x000001dc9706f62c: d9ff 49ba | 0cf6 0697 | dc01 0000 | 4d89 9768 

  0x000001dc9706f63c: ;   {runtime_call SafepointBlob}
  0x000001dc9706f63c: 0300 00e9 | bc83 cfff | 9090 498b | 87e0 0300 | 0049 c787 | e003 0000 | 0000 0000 | 49c7 87e8 
  0x000001dc9706f65c: 0300 0000 | 0000 0048 | 81c4 b000 

  0x000001dc9706f668: ;   {runtime_call unwind_exception Runtime1 stub}
  0x000001dc9706f668: 0000 5de9 | 900a d9ff | f4f4 f4f4 | f4f4 f4f4 | f4f4 f4f4 | f4f4 f4f4 
[Stub Code]
  0x000001dc9706f680: ;   {no_reloc}
  0x000001dc9706f680: 0f1f 4400 

  0x000001dc9706f684: ;   {static_stub}
  0x000001dc9706f684: 0048 bb00 | 0000 0000 

  0x000001dc9706f68c: ;   {runtime_call}
  0x000001dc9706f68c: 0000 00e9 | fbff ffff 

  0x000001dc9706f694: ;   {static_stub}
  0x000001dc9706f694: 9048 bb00 | 0000 0000 

  0x000001dc9706f69c: ;   {runtime_call}
  0x000001dc9706f69c: 0000 00e9 | fbff ffff 

  0x000001dc9706f6a4: ;   {static_stub}
  0x000001dc9706f6a4: 9048 bb00 | 0000 0000 

  0x000001dc9706f6ac: ;   {runtime_call}
  0x000001dc9706f6ac: 0000 00e9 | fbff ffff 

  0x000001dc9706f6b4: ;   {static_stub}
  0x000001dc9706f6b4: 9048 bb00 | 0000 0000 

  0x000001dc9706f6bc: ;   {runtime_call}
  0x000001dc9706f6bc: 0000 00e9 | fbff ffff 
[Exception Handler]
  0x000001dc9706f6c4: ;   {runtime_call handle_exception_from_callee Runtime1 stub}
  0x000001dc9706f6c4: e837 37d9 

  0x000001dc9706f6c8: ;   {external_word}
  0x000001dc9706f6c8: ff48 b940 | 9a6c 32f9 | 7f00 0048 

  0x000001dc9706f6d4: ;   {runtime_call}
  0x000001dc9706f6d4: 83e4 f049 | ba60 2f35 | 32f9 7f00 | 0041 ffd2 

  0x000001dc9706f6e4: ;   {section_word}
  0x000001dc9706f6e4: f449 bae5 | f606 97dc | 0100 0041 

  0x000001dc9706f6f0: ;   {runtime_call DeoptimizationBlob}
  0x000001dc9706f6f0: 52e9 aa75 | cfff f4f4 
[/MachCode]


Compiled method (c1)  788361 1433       1       jdk.internal.loader.BuiltinClassLoader::defineClass (121 bytes)
 total in heap  [0x000001dc97025910,0x000001dc97026768] = 3672
 relocation     [0x000001dc97025a68,0x000001dc97025b98] = 304
 main code      [0x000001dc97025ba0,0x000001dc970261a0] = 1536
 stub code      [0x000001dc970261a0,0x000001dc970262e8] = 328
 metadata       [0x000001dc970262e8,0x000001dc97026330] = 72
 scopes data    [0x000001dc97026330,0x000001dc97026588] = 600
 scopes pcs     [0x000001dc97026588,0x000001dc97026728] = 416
 dependencies   [0x000001dc97026728,0x000001dc97026730] = 8
 handler table  [0x000001dc97026730,0x000001dc97026748] = 24
 nul chk table  [0x000001dc97026748,0x000001dc97026768] = 32

[Constant Pool (empty)]

[MachCode]
[Entry Point]
  # {method} {0x000001dc9f0e3e98} 'defineClass' '(Ljava/lang/String;Ljdk/internal/loader/Resource;)Ljava/lang/Class;' in 'jdk/internal/loader/BuiltinClassLoader'
  # this:     rdx:rdx   = 'jdk/internal/loader/BuiltinClassLoader'
  # parm0:    r8:r8     = 'java/lang/String'
  # parm1:    r9:r9     = 'jdk/internal/loader/Resource'
  #           [sp+0x110]  (sp of caller)
  0x000001dc97025ba0: 448b 5208 | 49c1 e203 

  0x000001dc97025ba8: ;   {runtime_call ic_miss_stub}
  0x000001dc97025ba8: 4c3b d00f | 85cf b4d3 | ff66 6666 | 0f1f 8400 | 0000 0000 | 6666 6690 
[Verified Entry Point]
  0x000001dc97025bc0: 8984 2400 | 90ff ff55 | 4881 ec00 | 0100 0048 | 8994 24a0 | 0000 004c | 8984 2490 | 0000 004c 
  0x000001dc97025be0: 898c 2498 | 0000 0049 | 8bd1 6666 | 9048 b8c8 | b613 0001 

  0x000001dc97025bf4: ;   {virtual_call}
  0x000001dc97025bf4: 0000 00e8 

  0x000001dc97025bf8: ; ImmutableOopMap {[152]=Oop [160]=Oop [144]=Oop }
                      ;*invokevirtual getCodeSourceURL {reexecute=0 rethrow=0 return_oop=0}
                      ; - jdk.internal.loader.BuiltinClassLoader::defineClass@1 (line 842)
  0x000001dc97025bf8: 247f 0000 | 4889 8424 | a800 0000 | 4c8b 8424 | 9000 0000 

  0x000001dc97025c0c: ; implicit exception: dispatches to 0x000001dc970260a3
  0x000001dc97025c0c: 418b 7014 

  0x000001dc97025c10: ; implicit exception: dispatches to 0x000001dc970260a8
  0x000001dc97025c10: 8b56 0c45 | 0fbe 4810 | 498b c9c1 | e118 c1f9 | 18d3 fa48 | 8bfa ffcf | 4183 f900 | ba00 0000 
  0x000001dc97025c30: 000f 8505 | 0000 00ba | 0100 0000 | 83e2 0183 | fa00 488b | d641 b82e | 0000 004c | 8bcf 0f84 
  0x000001dc97025c50: 0d00 0000 

  0x000001dc97025c54: ;   {static_call}
  0x000001dc97025c54: 6666 90e8 

  0x000001dc97025c58: ; ImmutableOopMap {[152]=Oop [160]=Oop [168]=Oop [144]=Oop }
                      ;*invokestatic lastIndexOf {reexecute=0 rethrow=0 return_oop=0}
                      ; - java.lang.String::lastIndexOf@13 (line 2489)
                      ; - java.lang.String::lastIndexOf@8 (line 2451)
                      ; - jdk.internal.loader.BuiltinClassLoader::defineClass@8 (line 845)
  0x000001dc97025c58: 4453 e2ff | e90b 0000 | 0066 0f1f 

  0x000001dc97025c64: ;   {static_call}
  0x000001dc97025c64: 4400 00e8 

  0x000001dc97025c68: ; ImmutableOopMap {[152]=Oop [160]=Oop [168]=Oop [144]=Oop }
                      ;*invokestatic lastIndexOf {reexecute=0 rethrow=0 return_oop=0}
                      ; - java.lang.String::lastIndexOf@25 (line 2490)
                      ; - java.lang.String::lastIndexOf@8 (line 2451)
                      ; - jdk.internal.loader.BuiltinClassLoader::defineClass@8 (line 845)
  0x000001dc97025c68: 14bd d3ff | 83f8 ff0f | 8467 0000 | 0041 b800 | 0000 004c | 8bc8 488b | 9424 9000 

  0x000001dc97025c84: ;   {optimized virtual_call}
  0x000001dc97025c84: 0000 90e8 

  0x000001dc97025c88: ; ImmutableOopMap {[152]=Oop [160]=Oop [168]=Oop [144]=Oop }
                      ;*invokevirtual substring {reexecute=0 rethrow=0 return_oop=0}
                      ; - jdk.internal.loader.BuiltinClassLoader::defineClass@23 (line 847)
  0x000001dc97025c88: 74a5 e1ff | 488b 9424 | 9800 0000 | 4889 8424 | b000 0000 | 9048 b8c8 | b613 0001 

  0x000001dc97025ca4: ;   {virtual_call}
  0x000001dc97025ca4: 0000 00e8 

  0x000001dc97025ca8: ; ImmutableOopMap {[152]=Oop [160]=Oop [168]=Oop [144]=Oop [176]=Oop }
                      ;*invokevirtual getManifest {reexecute=0 rethrow=0 return_oop=0}
                      ; - jdk.internal.loader.BuiltinClassLoader::defineClass@29 (line 848)
  0x000001dc97025ca8: d481 0000 | 4c8b 8424 | b000 0000 | 4c8b c848 | 8bbc 24a8 | 0000 0048 | 8b94 24a0 | 0000 0066 
  0x000001dc97025cc8: 0f1f 4400 | 0048 b8f0 | 1405 0001 

  0x000001dc97025cd4: ;   {virtual_call}
  0x000001dc97025cd4: 0000 00e8 

  0x000001dc97025cd8: ; ImmutableOopMap {[152]=Oop [160]=Oop [168]=Oop [144]=Oop }
                      ;*invokevirtual defineOrCheckPackage {reexecute=0 rethrow=0 return_oop=0}
                      ; - jdk.internal.loader.BuiltinClassLoader::defineClass@40 (line 849)
  0x000001dc97025cd8: 4422 0000 | 4c8b 8c24 | 9800 0000 | 488d 9424 | e000 0000 | 4c89 4a08 | 498b 0148 | 83c8 0148 
  0x000001dc97025cf8: 8902 f049 | 0fb1 110f | 8413 0000 | 0048 2bc4 | 4881 e007 | f0ff ff48 | 8902 0f85 | 9503 0000 
  0x000001dc97025d18: 418b 510c | 4883 fa00 | 0f85 4700 | 0000 498b | d10f 1f40 | 0048 b8c8 | b613 0001 

  0x000001dc97025d34: ;   {virtual_call}
  0x000001dc97025d34: 0000 00e8 

  0x000001dc97025d38: ; ImmutableOopMap {[160]=Oop [168]=Oop [144]=Oop [152]=Oop [232]=Oop }
                      ;*invokevirtual getInputStream {reexecute=0 rethrow=0 return_oop=0}
                      ; - jdk.internal.loader.Resource::cachedInputStream@9 (line 77)
                      ; - jdk.internal.loader.Resource::getByteBuffer@1 (line 163)
                      ; - jdk.internal.loader.BuiltinClassLoader::defineClass@45 (line 853)
  0x000001dc97025d38: e4cf 0400 | 410f be57 | 3883 fa00 | 4c8b 8c24 | 9800 0000 | 0f85 6e03 | 0000 4c8b | d045 8951 
  0x000001dc97025d58: 0c49 8bd1 | 4833 d048 | c1ea 1448 | 83fa 000f | 856f 0300 | 0041 8b51 | 0c48 8d84 | 24e0 0000 
  0x000001dc97025d78: 0048 8b30 | 4885 f60f | 840f 0000 | 0048 8b78 | 08f0 480f | b137 0f85 | 6003 0000 | 4883 fa00 
  0x000001dc97025d98: 0f84 3b00 

  0x000001dc97025d9c: ;   {metadata('sun/nio/ByteBuffered')}
  0x000001dc97025d9c: 0000 48b8 | b8a3 1300 | 0100 0000 | 8b5a 0848 | c1e3 0348 | 3b43 200f | 8425 0000 | 0048 3bd8 
  0x000001dc97025dbc: 0f84 1c00 | 0000 5350 

  0x000001dc97025dc4: ;   {runtime_call slow_subtype_check Runtime1 stub}
  0x000001dc97025dc4: e837 dcdd | ff5b 5b83 | fb00 0f84 | 0500 0000 | e905 0000 | 0048 33f6 | eb0a 48be | 0100 0000 
  0x000001dc97025de4: 0000 0000 | 83fe 000f | 8460 0000 | 0048 83fa | 000f 843b 

  0x000001dc97025df8: ;   {metadata('sun/nio/ByteBuffered')}
  0x000001dc97025df8: 0000 0048 | bbb8 a313 | 0001 0000 | 008b 7a08 | 48c1 e703 | 483b 5f20 | 0f84 2000 | 0000 483b 
  0x000001dc97025e18: fb0f 8417 | 0000 0057 

  0x000001dc97025e20: ;   {runtime_call slow_subtype_check Runtime1 stub}
  0x000001dc97025e20: 53e8 dadb | ddff 5f5f | 83ff 000f | 84d9 0200 | 00e9 0000 | 0000 0f1f | 8000 0000 | 0048 b8ff 
  0x000001dc97025e40: ffff ffff 

  0x000001dc97025e44: ;   {virtual_call}
  0x000001dc97025e44: ffff ffe8 

  0x000001dc97025e48: ; ImmutableOopMap {[160]=Oop [168]=Oop [144]=Oop [152]=Oop }
                      ;*invokeinterface getByteBuffer {reexecute=0 rethrow=0 return_oop=0}
                      ; - jdk.internal.loader.Resource::getByteBuffer@16 (line 165)
                      ; - jdk.internal.loader.BuiltinClassLoader::defineClass@45 (line 853)
  0x000001dc97025e48: 34b8 d3ff | e90a 0000 

  0x000001dc97025e50: ;   {oop(NULL)}
  0x000001dc97025e50: 0048 b800 | 0000 0000 | 0000 0048 | 83f8 000f | 84dd 0000 | 0048 8984 | 24b8 0000 | 0048 8b94 
  0x000001dc97025e70: 2498 0000 | 0048 b8ff | ffff ffff 

  0x000001dc97025e7c: ;   {virtual_call}
  0x000001dc97025e7c: ffff ffe8 

  0x000001dc97025e80: ; ImmutableOopMap {[160]=Oop [168]=Oop [144]=Oop [184]=Oop }
                      ;*invokevirtual getCodeSigners {reexecute=0 rethrow=0 return_oop=0}
                      ; - jdk.internal.loader.BuiltinClassLoader::defineClass@56 (line 855)
  0x000001dc97025e80: fcb7 d3ff 

  0x000001dc97025e84: ;   {metadata('java/security/CodeSource')}
  0x000001dc97025e84: 4c8b c848 | ba68 1b05 | 0001 0000 | 0049 8b87 | 0801 0000 | 488d 7828 | 493b bf18 | 0100 000f 
  0x000001dc97025ea4: 876a 0200 | 0049 89bf | 0801 0000 | 48c7 0001 | 0000 0048 | 8bca 48c1 | e903 8948 | 0848 33c9 
  0x000001dc97025ec4: 8948 0c48 | 33c9 4889 | 4810 4889 | 4818 4889 | 4820 4c8b | 8424 a800 | 0000 488b | d048 8984 
  0x000001dc97025ee4: 24c0 0000 | 0066 0f1f 

  0x000001dc97025eec: ;   {optimized virtual_call}
  0x000001dc97025eec: 4400 00e8 

  0x000001dc97025ef0: ; ImmutableOopMap {[160]=Oop [144]=Oop [184]=Oop [192]=Oop }
                      ;*invokespecial <init> {reexecute=0 rethrow=0 return_oop=0}
                      ; - jdk.internal.loader.BuiltinClassLoader::defineClass@68 (line 856)
  0x000001dc97025ef0: 8cb4 d3ff | 4c8b 8424 | c000 0000 | 488b 9424 | a000 0000 

  0x000001dc97025f04: ;   {optimized virtual_call}
  0x000001dc97025f04: 6666 90e8 

  0x000001dc97025f08: ; ImmutableOopMap {[160]=Oop [144]=Oop [184]=Oop }
                      ;*invokevirtual getProtectionDomain {reexecute=0 rethrow=0 return_oop=0}
                      ; - java.security.SecureClassLoader::defineClass@5 (line 182)
                      ; - jdk.internal.loader.BuiltinClassLoader::defineClass@79 (line 857)
  0x000001dc97025f08: 74b4 d3ff | 4c8b 8424 | 9000 0000 | 4c8b 8c24 | b800 0000 | 488b f848 | 8b94 24a0 

  0x000001dc97025f24: ;   {optimized virtual_call}
  0x000001dc97025f24: 0000 00e8 

  0x000001dc97025f28: ; ImmutableOopMap {}
                      ;*invokevirtual defineClass {reexecute=0 rethrow=0 return_oop=0}
                      ; - java.security.SecureClassLoader::defineClass@8 (line 182)
                      ; - jdk.internal.loader.BuiltinClassLoader::defineClass@79 (line 857)
  0x000001dc97025f28: 54b4 d3ff | 4881 c400 | 0100 005d 

  0x000001dc97025f34: ;   {poll_return}
  0x000001dc97025f34: 493b a750 | 0300 000f | 87df 0100 | 00c3 4c8b | 8c24 9800 | 0000 498b | d148 b8c8 | b613 0001 
  0x000001dc97025f54: ;   {virtual_call}
  0x000001dc97025f54: 0000 00e8 

  0x000001dc97025f58: ; ImmutableOopMap {[160]=Oop [144]=Oop [152]=Oop [168]=Oop }
                      ;*invokevirtual getBytes {reexecute=0 rethrow=0 return_oop=0}
                      ; - jdk.internal.loader.BuiltinClassLoader::defineClass@84 (line 859)
  0x000001dc97025f58: 84d1 0400 | 4889 8424 | c800 0000 | 488b 9424 | 9800 0000 | 9048 b8c8 | b613 0001 

  0x000001dc97025f74: ;   {virtual_call}
  0x000001dc97025f74: 0000 00e8 

  0x000001dc97025f78: ; ImmutableOopMap {[160]=Oop [144]=Oop [168]=Oop [200]=Oop }
                      ;*invokevirtual getCodeSigners {reexecute=0 rethrow=0 return_oop=0}
                      ; - jdk.internal.loader.BuiltinClassLoader::defineClass@90 (line 860)
  0x000001dc97025f78: 24da 0400 

  0x000001dc97025f7c: ;   {metadata('java/security/CodeSource')}
  0x000001dc97025f7c: 4c8b c848 | ba68 1b05 | 0001 0000 | 0049 8b87 | 0801 0000 | 488d 7828 | 493b bf18 | 0100 000f 
  0x000001dc97025f9c: 8795 0100 | 0049 89bf | 0801 0000 | 48c7 0001 | 0000 0048 | 8bca 48c1 | e903 8948 | 0848 33c9 
  0x000001dc97025fbc: 8948 0c48 | 33c9 4889 | 4810 4889 | 4818 4889 | 4820 4c8b | 8424 a800 | 0000 488b | d048 8984 
  0x000001dc97025fdc: 24d0 0000 | 0066 0f1f 

  0x000001dc97025fe4: ;   {optimized virtual_call}
  0x000001dc97025fe4: 4400 00e8 

  0x000001dc97025fe8: ; ImmutableOopMap {[160]=Oop [144]=Oop [200]=Oop [208]=Oop }
                      ;*invokespecial <init> {reexecute=0 rethrow=0 return_oop=0}
                      ; - jdk.internal.loader.BuiltinClassLoader::defineClass@102 (line 861)
  0x000001dc97025fe8: f47e 0400 | 488b 8424 | c800 0000 

  0x000001dc97025ff4: ; implicit exception: dispatches to 0x000001dc97026143
  0x000001dc97025ff4: 8b70 0c4c | 8b84 24d0 | 0000 0048 | 8b94 24a0 | 0000 0089 | b424 d800 

  0x000001dc9702600c: ;   {optimized virtual_call}
  0x000001dc9702600c: 0000 90e8 

  0x000001dc97026010: ; ImmutableOopMap {[160]=Oop [144]=Oop [200]=Oop }
                      ;*invokevirtual getProtectionDomain {reexecute=0 rethrow=0 return_oop=0}
                      ; - java.security.SecureClassLoader::defineClass@9 (line 150)
                      ; - jdk.internal.loader.BuiltinClassLoader::defineClass@117 (line 862)
  0x000001dc97026010: 4c84 0400 | 4c8b 8424 | 9000 0000 | 4c8b 8c24 | c800 0000 | bf00 0000 | 008b b424 | d800 0000 
  0x000001dc97026030: 488b c848 | 8b94 24a0 | 0000 000f 

  0x000001dc9702603c: ;   {optimized virtual_call}
  0x000001dc9702603c: 1f40 00e8 

  0x000001dc97026040: ; ImmutableOopMap {}
                      ;*invokevirtual defineClass {reexecute=0 rethrow=0 return_oop=0}
                      ; - java.security.SecureClassLoader::defineClass@12 (line 150)
                      ; - jdk.internal.loader.BuiltinClassLoader::defineClass@117 (line 862)
  0x000001dc97026040: bc94 0400 | 4881 c400 | 0100 005d 

  0x000001dc9702604c: ;   {poll_return}
  0x000001dc9702604c: 493b a750 | 0300 000f | 87ef 0000 | 00c3 498b | 87e0 0300 | 004d 33d2 | 4d89 97e0 | 0300 004d 
  0x000001dc9702606c: 33d2 4d89 | 97e8 0300 | 0048 8bf0 | 488d 8424 | e000 0000 | 488b 3848 | 85ff 0f84 | 0f00 0000 
  0x000001dc9702608c: 488b 5808 | f048 0fb1 | 3b0f 85c3 | 0000 0048 | 8bc6 e9f0 

  0x000001dc970260a0: ;   {runtime_call throw_null_pointer_exception Runtime1 stub}
  0x000001dc970260a0: 0000 00e8 

  0x000001dc970260a4: ; ImmutableOopMap {[152]=Oop [160]=Oop rax=Oop [168]=Oop r8=Oop [144]=Oop }
                      ;*invokevirtual lastIndexOf {reexecute=0 rethrow=0 return_oop=0}
                      ; - jdk.internal.loader.BuiltinClassLoader::defineClass@8 (line 845)
  0x000001dc970260a4: 78af ddff 

  0x000001dc970260a8: ;   {runtime_call throw_null_pointer_exception Runtime1 stub}
  0x000001dc970260a8: e873 afdd 

  0x000001dc970260ac: ; ImmutableOopMap {[152]=Oop [160]=Oop rax=Oop [168]=Oop r8=Oop [144]=Oop rsi=Oop }
                      ;*arraylength {reexecute=0 rethrow=0 return_oop=0}
                      ; - java.lang.String::length@4 (line 1481)
                      ; - java.lang.String::lastIndexOf@3 (line 2451)
                      ; - jdk.internal.loader.BuiltinClassLoader::defineClass@8 (line 845)
  0x000001dc970260ac: ff4c 894c | 2408 4889 

  0x000001dc970260b4: ;   {runtime_call monitorenter_nofpu Runtime1 stub}
  0x000001dc970260b4: 1424 e845 

  0x000001dc970260b8: ; ImmutableOopMap {[160]=Oop [168]=Oop [144]=Oop r9=Oop [152]=Oop [232]=Oop }
                      ;*synchronization entry
                      ; - jdk.internal.loader.Resource::cachedInputStream@-1 (line 76)
                      ; - jdk.internal.loader.Resource::getByteBuffer@1 (line 163)
                      ; - jdk.internal.loader.BuiltinClassLoader::defineClass@45 (line 853)
  0x000001dc970260b8: dfdd ffe9 | 58fc ffff | 418b 510c | 4883 fa00 | 0f84 84fc | ffff 4889 

  0x000001dc970260d0: ;   {runtime_call g1_pre_barrier_slow}
  0x000001dc970260d0: 1424 e829 | 06de ffe9 | 76fc ffff | 4883 f800 | 0f84 87fc | ffff 4c89 

  0x000001dc970260e8: ;   {runtime_call g1_post_barrier_slow}
  0x000001dc970260e8: 0c24 e811 | 09de ffe9 | 79fc ffff | 488d 8424 | e000 0000 | 4889 0424 

  0x000001dc97026100: ;   {runtime_call monitorexit_nofpu Runtime1 stub}
  0x000001dc97026100: e8fb e4dd | ffe9 8afc | ffff 4889 

  0x000001dc9702610c: ;   {runtime_call throw_class_cast_exception Runtime1 stub}
  0x000001dc9702610c: 1424 e80d 

  0x000001dc97026110: ; ImmutableOopMap {[160]=Oop [168]=Oop [144]=Oop [152]=Oop }
                      ;*checkcast {reexecute=0 rethrow=0 return_oop=0}
                      ; - jdk.internal.loader.Resource::getByteBuffer@13 (line 165)
                      ; - jdk.internal.loader.BuiltinClassLoader::defineClass@45 (line 853)
  0x000001dc97026110: d3dd ff48 

  0x000001dc97026114: ;   {runtime_call fast_new_instance Runtime1 stub}
  0x000001dc97026114: 8bd2 e8e5 

  0x000001dc97026118: ; ImmutableOopMap {[160]=Oop [168]=Oop [144]=Oop [184]=Oop r9=Oop }
                      ;*new {reexecute=0 rethrow=0 return_oop=0}
                      ; - jdk.internal.loader.BuiltinClassLoader::defineClass@61 (line 856)
  0x000001dc97026118: b7dd ffe9 | b6fd ffff 

  0x000001dc97026120: ;   {internal_word}
  0x000001dc97026120: 49ba 345f | 0297 dc01 | 0000 4d89 | 9768 0300 

  0x000001dc97026130: ;   {runtime_call SafepointBlob}
  0x000001dc97026130: 00e9 ca18 | d4ff 488b 

  0x000001dc97026138: ;   {runtime_call fast_new_instance Runtime1 stub}
  0x000001dc97026138: d2e8 c2b7 

  0x000001dc9702613c: ; ImmutableOopMap {[160]=Oop [144]=Oop [168]=Oop [200]=Oop r9=Oop }
                      ;*new {reexecute=0 rethrow=0 return_oop=0}
                      ; - jdk.internal.loader.BuiltinClassLoader::defineClass@95 (line 861)
  0x000001dc9702613c: ddff e98b 

  0x000001dc97026140: ;   {runtime_call throw_null_pointer_exception Runtime1 stub}
  0x000001dc97026140: feff ffe8 

  0x000001dc97026144: ; ImmutableOopMap {[160]=Oop [144]=Oop [208]=Oop rax=Oop [200]=Oop }
                      ;*arraylength {reexecute=0 rethrow=0 return_oop=0}
                      ; - jdk.internal.loader.BuiltinClassLoader::defineClass@114 (line 862)
  0x000001dc97026144: d8ae ddff 

  0x000001dc97026148: ;   {internal_word}
  0x000001dc97026148: 49ba 4c60 | 0297 dc01 | 0000 4d89 | 9768 0300 

  0x000001dc97026158: ;   {runtime_call SafepointBlob}
  0x000001dc97026158: 00e9 a218 | d4ff 488d | 8424 e000 | 0000 4889 

  0x000001dc97026168: ;   {runtime_call monitorexit_nofpu Runtime1 stub}
  0x000001dc97026168: 0424 e891 | e4dd ffe9 | 27ff ffff | 9090 498b | 87e0 0300 | 0049 c787 | e003 0000 | 0000 0000 
  0x000001dc97026188: 49c7 87e8 | 0300 0000 | 0000 0048 | 81c4 0001 

  0x000001dc97026198: ;   {runtime_call unwind_exception Runtime1 stub}
  0x000001dc97026198: 0000 5de9 | 609f ddff 
[Stub Code]
  0x000001dc970261a0: ;   {no_reloc}
  0x000001dc970261a0: 0f1f 4400 

  0x000001dc970261a4: ;   {static_stub}
  0x000001dc970261a4: 0048 bb00 | 0000 0000 

  0x000001dc970261ac: ;   {runtime_call}
  0x000001dc970261ac: 0000 00e9 | fbff ffff 

  0x000001dc970261b4: ;   {static_stub}
  0x000001dc970261b4: 9048 bb00 | 0000 0000 

  0x000001dc970261bc: ;   {runtime_call}
  0x000001dc970261bc: 0000 00e9 | fbff ffff 

  0x000001dc970261c4: ;   {static_stub}
  0x000001dc970261c4: 9048 bb00 | 0000 0000 

  0x000001dc970261cc: ;   {runtime_call}
  0x000001dc970261cc: 0000 00e9 | fbff ffff 

  0x000001dc970261d4: ;   {static_stub}
  0x000001dc970261d4: 9048 bb00 | 0000 0000 

  0x000001dc970261dc: ;   {runtime_call}
  0x000001dc970261dc: 0000 00e9 | fbff ffff 

  0x000001dc970261e4: ;   {static_stub}
  0x000001dc970261e4: 9048 bb00 | 0000 0000 

  0x000001dc970261ec: ;   {runtime_call}
  0x000001dc970261ec: 0000 00e9 | fbff ffff 

  0x000001dc970261f4: ;   {static_stub}
  0x000001dc970261f4: 9048 bb00 | 0000 0000 

  0x000001dc970261fc: ;   {runtime_call}
  0x000001dc970261fc: 0000 00e9 | fbff ffff 

  0x000001dc97026204: ;   {static_stub}
  0x000001dc97026204: 9048 bb00 | 0000 0000 

  0x000001dc9702620c: ;   {runtime_call}
  0x000001dc9702620c: 0000 00e9 | fbff ffff 

  0x000001dc97026214: ;   {static_stub}
  0x000001dc97026214: 9048 bb00 | 0000 0000 

  0x000001dc9702621c: ;   {runtime_call}
  0x000001dc9702621c: 0000 00e9 | fbff ffff 

  0x000001dc97026224: ;   {static_stub}
  0x000001dc97026224: 9048 bb00 | 0000 0000 

  0x000001dc9702622c: ;   {runtime_call}
  0x000001dc9702622c: 0000 00e9 | fbff ffff 

  0x000001dc97026234: ;   {static_stub}
  0x000001dc97026234: 9048 bb00 | 0000 0000 

  0x000001dc9702623c: ;   {runtime_call}
  0x000001dc9702623c: 0000 00e9 | fbff ffff 

  0x000001dc97026244: ;   {static_stub}
  0x000001dc97026244: 9048 bb00 | 0000 0000 

  0x000001dc9702624c: ;   {runtime_call}
  0x000001dc9702624c: 0000 00e9 | fbff ffff 

  0x000001dc97026254: ;   {static_stub}
  0x000001dc97026254: 9048 bb00 | 0000 0000 

  0x000001dc9702625c: ;   {runtime_call}
  0x000001dc9702625c: 0000 00e9 | fbff ffff 

  0x000001dc97026264: ;   {static_stub}
  0x000001dc97026264: 9048 bb00 | 0000 0000 

  0x000001dc9702626c: ;   {runtime_call}
  0x000001dc9702626c: 0000 00e9 | fbff ffff 

  0x000001dc97026274: ;   {static_stub}
  0x000001dc97026274: 9048 bb00 | 0000 0000 

  0x000001dc9702627c: ;   {runtime_call}
  0x000001dc9702627c: 0000 00e9 | fbff ffff 

  0x000001dc97026284: ;   {static_stub}
  0x000001dc97026284: 9048 bbf8 | 7a0e 9fdc 

  0x000001dc9702628c: ;   {runtime_call I2C/C2I adapters}
  0x000001dc9702628c: 0100 00e9 | 4477 d3ff 

  0x000001dc97026294: ;   {static_stub}
  0x000001dc97026294: 9048 bb68 | b103 9fdc 

  0x000001dc9702629c: ;   {runtime_call I2C/C2I adapters}
  0x000001dc9702629c: 0100 00e9 | b003 d4ff 

  0x000001dc970262a4: ;   {static_stub}
  0x000001dc970262a4: 9048 bbb0 | 3402 9fdc 

  0x000001dc970262ac: ;   {runtime_call I2C/C2I adapters}
  0x000001dc970262ac: 0100 00e9 | 2e14 d3ff 
[Exception Handler]
  0x000001dc970262b4: ;   {runtime_call handle_exception_from_callee Runtime1 stub}
  0x000001dc970262b4: e847 cbdd 

  0x000001dc970262b8: ;   {external_word}
  0x000001dc970262b8: ff48 b940 | 9a6c 32f9 | 7f00 0048 

  0x000001dc970262c4: ;   {runtime_call}
  0x000001dc970262c4: 83e4 f049 | ba60 2f35 | 32f9 7f00 | 0041 ffd2 

  0x000001dc970262d4: ;   {section_word}
  0x000001dc970262d4: f449 bad5 | 6202 97dc | 0100 0041 

  0x000001dc970262e0: ;   {runtime_call DeoptimizationBlob}
  0x000001dc970262e0: 52e9 ba09 | d4ff f4f4 
[/MachCode]


---------------  P R O C E S S  ---------------

Threads class SMR info:
_java_thread_list=0x000001dca44c0310, length=19, elements={
0x000001dc93656b20, 0x000001dc9ed93ea0, 0x000001dc9ed94d20, 0x000001dc9edb7530,
0x000001dc9edec7e0, 0x000001dc9edf0420, 0x000001dc9edf0de0, 0x000001dc9edf1850,
0x000001dc9edfe330, 0x000001dca3064300, 0x000001dca31ab7a0, 0x000001dca36e9b10,
0x000001dca36ddbb0, 0x000001dca36fd330, 0x000001dca374f3f0, 0x000001dca376b730,
0x000001dca376bc40, 0x000001dca376c150, 0x000001dca376c660
}

Java Threads: ( => current thread )
  0x000001dc93656b20 JavaThread "main" [_thread_blocked, id=16376, stack(0x000000b921400000,0x000000b921500000)]
  0x000001dc9ed93ea0 JavaThread "Reference Handler" daemon [_thread_blocked, id=20616, stack(0x000000b921b00000,0x000000b921c00000)]
  0x000001dc9ed94d20 JavaThread "Finalizer" daemon [_thread_blocked, id=23312, stack(0x000000b921c00000,0x000000b921d00000)]
  0x000001dc9edb7530 JavaThread "Signal Dispatcher" daemon [_thread_blocked, id=23176, stack(0x000000b921d00000,0x000000b921e00000)]
  0x000001dc9edec7e0 JavaThread "Attach Listener" daemon [_thread_blocked, id=19756, stack(0x000000b921e00000,0x000000b921f00000)]
  0x000001dc9edf0420 JavaThread "Service Thread" daemon [_thread_blocked, id=5176, stack(0x000000b921f00000,0x000000b922000000)]
  0x000001dc9edf0de0 JavaThread "Monitor Deflation Thread" daemon [_thread_blocked, id=3812, stack(0x000000b922000000,0x000000b922100000)]
  0x000001dc9edf1850 JavaThread "C1 CompilerThread0" daemon [_thread_blocked, id=19460, stack(0x000000b922100000,0x000000b922200000)]
  0x000001dc9edfe330 JavaThread "Sweeper thread" daemon [_thread_blocked, id=4308, stack(0x000000b922200000,0x000000b922300000)]
  0x000001dca3064300 JavaThread "Common-Cleaner" daemon [_thread_blocked, id=20092, stack(0x000000b922300000,0x000000b922400000)]
  0x000001dca31ab7a0 JavaThread "Notification Thread" daemon [_thread_blocked, id=14492, stack(0x000000b922400000,0x000000b922500000)]
  0x000001dca36e9b10 JavaThread "RMI TCP Accept-0" daemon [_thread_in_native, id=9024, stack(0x000000b922500000,0x000000b922600000)]
  0x000001dca36ddbb0 JavaThread "RMI TCP Accept-49300" daemon [_thread_in_native, id=3528, stack(0x000000b922600000,0x000000b922700000)]
  0x000001dca36fd330 JavaThread "RMI Scheduler(0)" daemon [_thread_blocked, id=8940, stack(0x000000b922800000,0x000000b922900000)]
  0x000001dca374f3f0 JavaThread "RMI TCP Accept-0" daemon [_thread_in_native, id=18120, stack(0x000000b922a00000,0x000000b922b00000)]
  0x000001dca376b730 JavaThread "JMX server connection timeout 22" daemon [_thread_blocked, id=4208, stack(0x000000b922c00000,0x000000b922d00000)]
  0x000001dca376bc40 JavaThread "Thread-0" [_thread_blocked, id=10492, stack(0x000000b921200000,0x000000b921300000)]
=>0x000001dca376c150 JavaThread "restartedMain" [_thread_in_vm, id=8412, stack(0x000000b923100000,0x000000b923200000)]
  0x000001dca376c660 JavaThread "RMI TCP Connection(9)-127.0.0.1" daemon [_thread_in_native, id=12708, stack(0x000000b922900000,0x000000b922a00000)]

Other Threads:
  0x000001dc9ed8f5f0 VMThread "VM Thread" [stack: 0x000000b921a00000,0x000000b921b00000] [id=2232]
  0x000001dca36f9b30 WatcherThread [stack: 0x000000b922b00000,0x000000b922c00000] [id=4704]
  0x000001dc936936c0 GCTaskThread "GC Thread#0" [stack: 0x000000b921500000,0x000000b921600000] [id=10292]
  0x000001dca3097910 GCTaskThread "GC Thread#1" [stack: 0x000000b921100000,0x000000b921200000] [id=11212]
  0x000001dca33ed290 GCTaskThread "GC Thread#2" [stack: 0x000000b921300000,0x000000b921400000] [id=24372]
  0x000001dca36dd340 GCTaskThread "GC Thread#3" [stack: 0x000000b922700000,0x000000b922800000] [id=14108]
  0x000001dca36dd600 GCTaskThread "GC Thread#4" [stack: 0x000000b922e00000,0x000000b922f00000] [id=20728]
  0x000001dca3127430 GCTaskThread "GC Thread#5" [stack: 0x000000b922f00000,0x000000b923000000] [id=10380]
  0x000001dca31276f0 GCTaskThread "GC Thread#6" [stack: 0x000000b923000000,0x000000b923100000] [id=21200]
  0x000001dca3713ce0 GCTaskThread "GC Thread#7" [stack: 0x000000b922d00000,0x000000b922e00000] [id=14276]
  0x000001dc9369c350 ConcurrentGCThread "G1 Main Marker" [stack: 0x000000b921600000,0x000000b921700000] [id=10272]
  0x000001dc9369dd80 ConcurrentGCThread "G1 Conc#0" [stack: 0x000000b921700000,0x000000b921800000] [id=14516]
  0x000001dca39d0fb0 ConcurrentGCThread "G1 Conc#1" [stack: 0x000000b923200000,0x000000b923300000] [id=15600]
  0x000001dc936fb220 ConcurrentGCThread "G1 Refine#0" [stack: 0x000000b921800000,0x000000b921900000] [id=21052]
  0x000001dc936fbc50 ConcurrentGCThread "G1 Service" [stack: 0x000000b921900000,0x000000b921a00000] [id=16092]

Threads with active compile tasks:

VM state: not at safepoint (normal execution)

VM Mutex/Monitor currently owned by a thread:  ([mutex/lock_event])
[0x000001dc93651cf0] Metaspace_lock - owner thread: 0x000001dca376c150

Heap address: 0x00000000c1600000, size: 1002 MB, Compressed Oops mode: 32-bit

CDS archive(s) not mapped
Compressed class space mapped at: 0x0000000100000000-0x0000000140000000, reserved size: 1073741824
Narrow klass base: 0x0000000000000000, Narrow klass shift: 3, Narrow klass range: 0x140000000

GC Precious Log:
 CPUs: 8 total, 8 available
 Memory: 4007M
 Large Page Support: Disabled
 NUMA Support: Disabled
 Compressed Oops: Enabled (32-bit)
 Heap Region Size: 1M
 Heap Min Capacity: 8M
 Heap Initial Capacity: 64M
 Heap Max Capacity: 1002M
 Pre-touch: Disabled
 Parallel Workers: 8
 Concurrent Workers: 2
 Concurrent Refinement Workers: 8
 Periodic GC: Disabled

Heap:
 garbage-first heap   total 46080K, used 24687K [0x00000000c1600000, 0x0000000100000000)
  region size 1024K, 11 young (11264K), 1 survivors (1024K)
 Metaspace       used 33311K, committed 33664K, reserved 1114112K
  class space    used 4167K, committed 4352K, reserved 1048576K

Heap Regions: E=young(eden), S=young(survivor), O=old, HS=humongous(starts), HC=humongous(continues), CS=collection set, F=free, OA=open archive, CA=closed archive, TAMS=top-at-mark-start (previous, next)
|   0|0x00000000c1600000, 0x00000000c1700000, 0x00000000c1700000|100%|HS|  |TAMS 0x00000000c1700000, 0x00000000c1600000| Complete 
|   1|0x00000000c1700000, 0x00000000c1800000, 0x00000000c1800000|100%| O|  |TAMS 0x00000000c1800000, 0x00000000c1700000| Untracked 
|   2|0x00000000c1800000, 0x00000000c1900000, 0x00000000c1900000|100%| O|  |TAMS 0x00000000c1900000, 0x00000000c1800000| Untracked 
|   3|0x00000000c1900000, 0x00000000c1a00000, 0x00000000c1a00000|100%| O|  |TAMS 0x00000000c1a00000, 0x00000000c1900000| Untracked 
|   4|0x00000000c1a00000, 0x00000000c1b00000, 0x00000000c1b00000|100%| O|  |TAMS 0x00000000c1b00000, 0x00000000c1a00000| Untracked 
|   5|0x00000000c1b00000, 0x00000000c1c00000, 0x00000000c1c00000|100%| O|  |TAMS 0x00000000c1c00000, 0x00000000c1b00000| Untracked 
|   6|0x00000000c1c00000, 0x00000000c1d00000, 0x00000000c1d00000|100%| O|  |TAMS 0x00000000c1d00000, 0x00000000c1c00000| Untracked 
|   7|0x00000000c1d00000, 0x00000000c1d67c00, 0x00000000c1e00000| 40%| O|  |TAMS 0x00000000c1d67c00, 0x00000000c1d00000| Untracked 
|   8|0x00000000c1e00000, 0x00000000c1f00000, 0x00000000c1f00000|100%| O|  |TAMS 0x00000000c1e00000, 0x00000000c1e00000| Untracked 
|   9|0x00000000c1f00000, 0x00000000c2000000, 0x00000000c2000000|100%| O|  |TAMS 0x00000000c1f00000, 0x00000000c1f00000| Untracked 
|  10|0x00000000c2000000, 0x00000000c2100000, 0x00000000c2100000|100%| O|  |TAMS 0x00000000c2000000, 0x00000000c2000000| Untracked 
|  11|0x00000000c2100000, 0x00000000c2200000, 0x00000000c2200000|100%| O|  |TAMS 0x00000000c2100000, 0x00000000c2100000| Untracked 
|  12|0x00000000c2200000, 0x00000000c2300000, 0x00000000c2300000|100%| O|  |TAMS 0x00000000c2200000, 0x00000000c2200000| Untracked 
|  13|0x00000000c2300000, 0x00000000c2400000, 0x00000000c2400000|100%| O|  |TAMS 0x00000000c2300000, 0x00000000c2300000| Untracked 
|  14|0x00000000c2400000, 0x00000000c2500000, 0x00000000c2500000|100%| O|  |TAMS 0x00000000c2400000, 0x00000000c2400000| Untracked 
|  15|0x00000000c2500000, 0x00000000c256b400, 0x00000000c2600000| 41%| O|  |TAMS 0x00000000c2500000, 0x00000000c2500000| Untracked 
|  16|0x00000000c2600000, 0x00000000c2600000, 0x00000000c2700000|  0%| F|  |TAMS 0x00000000c2600000, 0x00000000c2600000| Untracked 
|  17|0x00000000c2700000, 0x00000000c2700000, 0x00000000c2800000|  0%| F|  |TAMS 0x00000000c2700000, 0x00000000c2700000| Untracked 
|  18|0x00000000c2800000, 0x00000000c2800000, 0x00000000c2900000|  0%| F|  |TAMS 0x00000000c2800000, 0x00000000c2800000| Untracked 
|  19|0x00000000c2900000, 0x00000000c2900000, 0x00000000c2a00000|  0%| F|  |TAMS 0x00000000c2900000, 0x00000000c2900000| Untracked 
|  20|0x00000000c2a00000, 0x00000000c2a00000, 0x00000000c2b00000|  0%| F|  |TAMS 0x00000000c2a00000, 0x00000000c2a00000| Untracked 
|  21|0x00000000c2b00000, 0x00000000c2b00000, 0x00000000c2c00000|  0%| F|  |TAMS 0x00000000c2b00000, 0x00000000c2b00000| Untracked 
|  22|0x00000000c2c00000, 0x00000000c2c00000, 0x00000000c2d00000|  0%| F|  |TAMS 0x00000000c2c00000, 0x00000000c2c00000| Untracked 
|  23|0x00000000c2d00000, 0x00000000c2d00000, 0x00000000c2e00000|  0%| F|  |TAMS 0x00000000c2d00000, 0x00000000c2d00000| Untracked 
|  24|0x00000000c2e00000, 0x00000000c2e00000, 0x00000000c2f00000|  0%| F|  |TAMS 0x00000000c2e00000, 0x00000000c2e00000| Untracked 
|  25|0x00000000c2f00000, 0x00000000c2f00000, 0x00000000c3000000|  0%| F|  |TAMS 0x00000000c2f00000, 0x00000000c2f00000| Untracked 
|  26|0x00000000c3000000, 0x00000000c3000000, 0x00000000c3100000|  0%| F|  |TAMS 0x00000000c3000000, 0x00000000c3000000| Untracked 
|  27|0x00000000c3100000, 0x00000000c3100000, 0x00000000c3200000|  0%| F|  |TAMS 0x00000000c3100000, 0x00000000c3100000| Untracked 
|  28|0x00000000c3200000, 0x00000000c3200000, 0x00000000c3300000|  0%| F|  |TAMS 0x00000000c3200000, 0x00000000c3200000| Untracked 
|  29|0x00000000c3300000, 0x00000000c3300000, 0x00000000c3400000|  0%| F|  |TAMS 0x00000000c3300000, 0x00000000c3300000| Untracked 
|  30|0x00000000c3400000, 0x00000000c3400000, 0x00000000c3500000|  0%| F|  |TAMS 0x00000000c3400000, 0x00000000c3400000| Untracked 
|  31|0x00000000c3500000, 0x00000000c3500000, 0x00000000c3600000|  0%| F|  |TAMS 0x00000000c3500000, 0x00000000c3500000| Untracked 
|  32|0x00000000c3600000, 0x00000000c3600000, 0x00000000c3700000|  0%| F|  |TAMS 0x00000000c3600000, 0x00000000c3600000| Untracked 
|  33|0x00000000c3700000, 0x00000000c3700000, 0x00000000c3800000|  0%| F|  |TAMS 0x00000000c3700000, 0x00000000c3700000| Untracked 
|  34|0x00000000c3800000, 0x00000000c38dec10, 0x00000000c3900000| 87%| E|  |TAMS 0x00000000c3800000, 0x00000000c3800000| Complete 
|  35|0x00000000c3900000, 0x00000000c3a00000, 0x00000000c3a00000|100%| E|CS|TAMS 0x00000000c3900000, 0x00000000c3900000| Complete 
|  36|0x00000000c3a00000, 0x00000000c3b00000, 0x00000000c3b00000|100%| E|CS|TAMS 0x00000000c3a00000, 0x00000000c3a00000| Complete 
|  37|0x00000000c3b00000, 0x00000000c3c00000, 0x00000000c3c00000|100%| E|CS|TAMS 0x00000000c3b00000, 0x00000000c3b00000| Complete 
|  38|0x00000000c3c00000, 0x00000000c3d00000, 0x00000000c3d00000|100%| E|CS|TAMS 0x00000000c3c00000, 0x00000000c3c00000| Complete 
|  39|0x00000000c3d00000, 0x00000000c3e00000, 0x00000000c3e00000|100%| E|CS|TAMS 0x00000000c3d00000, 0x00000000c3d00000| Complete 
|  40|0x00000000c3e00000, 0x00000000c3f00000, 0x00000000c3f00000|100%| E|CS|TAMS 0x00000000c3e00000, 0x00000000c3e00000| Complete 
|  41|0x00000000c3f00000, 0x00000000c4000000, 0x00000000c4000000|100%| E|CS|TAMS 0x00000000c3f00000, 0x00000000c3f00000| Complete 
|  47|0x00000000c4500000, 0x00000000c4600000, 0x00000000c4600000|100%| E|CS|TAMS 0x00000000c4500000, 0x00000000c4500000| Complete 
|  48|0x00000000c4600000, 0x00000000c4648cf0, 0x00000000c4700000| 28%| S|CS|TAMS 0x00000000c4600000, 0x00000000c4600000| Complete 
|  63|0x00000000c5500000, 0x00000000c5600000, 0x00000000c5600000|100%| E|CS|TAMS 0x00000000c5500000, 0x00000000c5500000| Complete 

Card table byte_map: [0x000001dc9a020000,0x000001dc9a220000] _byte_map_base: 0x000001dc99a15000

Marking Bits (Prev, Next): (CMBitMap*) 0x000001dc93693d20, (CMBitMap*) 0x000001dc93693ce0
 Prev Bits: [0x000001dc9b3d0000, 0x000001dc9c378000)
 Next Bits: [0x000001dc9a420000, 0x000001dc9b3c8000)

Polling page: 0x000001dc91580000

Metaspace:

Usage:
  Non-class:     28.46 MB used.
      Class:      4.07 MB used.
       Both:     32.53 MB used.

Virtual space:
  Non-class space:       64.00 MB reserved,      28.62 MB ( 45%) committed,  1 nodes.
      Class space:        1.00 GB reserved,       4.25 MB ( <1%) committed,  1 nodes.
             Both:        1.06 GB reserved,      32.88 MB (  3%) committed. 

Chunk freelists:
   Non-Class:  2.55 MB
       Class:  11.62 MB
        Both:  14.17 MB

MaxMetaspaceSize: unlimited
CompressedClassSpaceSize: 1.00 GB
Initial GC threshold: 21.00 MB
Current GC threshold: 35.12 MB
CDS: off
MetaspaceReclaimPolicy: balanced
 - commit_granule_bytes: 65536.
 - commit_granule_words: 8192.
 - virtual_space_node_default_size: 8388608.
 - enlarge_chunks_in_place: 1.
 - new_chunks_are_fully_committed: 0.
 - uncommit_free_chunks: 1.
 - use_allocation_guard: 0.
 - handle_deallocations: 1.


Internal statistics:

num_allocs_failed_limit: 3.
num_arena_births: 562.
num_arena_deaths: 116.
num_vsnodes_births: 2.
num_vsnodes_deaths: 0.
num_space_committed: 526.
num_space_uncommitted: 0.
num_chunks_returned_to_freelist: 148.
num_chunks_taken_from_freelist: 1517.
num_chunk_merges: 54.
num_chunk_splits: 945.
num_chunks_enlarged: 626.
num_inconsistent_stats: 0.

CodeCache: size=49152Kb used=7137Kb max_used=7137Kb free=42014Kb
 bounds [0x000001dc96d10000, 0x000001dc97410000, 0x000001dc99d10000]
 total_blobs=4290 nmethods=3778 adapters=438
 compilation: enabled
              stopped_count=0, restarted_count=0
 full_count=0

Compilation events (20 events):
Event: 784.707 Thread 0x000001dc9edf1850 3959   !   1       java.lang.reflect.Field::declaredAnnotations (82 bytes)
Event: 784.710 Thread 0x000001dc9edf1850 nmethod 3959 0x000001dc97404610 code [0x000001dc974047e0, 0x000001dc97404ac8]
Event: 784.710 Thread 0x000001dc9edf1850 3960       1       org.springframework.core.annotation.MergedAnnotations::from (8 bytes)
Event: 784.710 Thread 0x000001dc9edf1850 nmethod 3960 0x000001dc97404d10 code [0x000001dc97404ea0, 0x000001dc97404f88]
Event: 784.721 Thread 0x000001dc9edf1850 3961       1       org.springframework.core.annotation.TypeMappedAnnotations$IsPresent::doWithAnnotations (10 bytes)
Event: 784.721 Thread 0x000001dc9edf1850 nmethod 3961 0x000001dc97405090 code [0x000001dc97405220, 0x000001dc97405308]
Event: 784.721 Thread 0x000001dc9edf1850 3962       1       org.springframework.core.annotation.TypeMappedAnnotations$IsPresent::doWithAnnotations (183 bytes)
Event: 784.723 Thread 0x000001dc9edf1850 nmethod 3962 0x000001dc97405390 code [0x000001dc974055e0, 0x000001dc97405bd8]
Event: 784.757 Thread 0x000001dc9edf1850 3963       1       org.springframework.core.ResolvableType::forType (7 bytes)
Event: 784.757 Thread 0x000001dc9edf1850 nmethod 3963 0x000001dc97406010 code [0x000001dc974061a0, 0x000001dc97406268]
Event: 784.805 Thread 0x000001dc9edf1850 3964       1       org.springframework.core.ResolvableType::forMethodParameter (40 bytes)
Event: 784.838 Thread 0x000001dc9edf1850 nmethod 3964 0x000001dc97406310 code [0x000001dc97406500, 0x000001dc97406848]
Event: 784.838 Thread 0x000001dc9edf1850 3965       1       org.springframework.core.SerializableTypeWrapper$MethodParameterTypeProvider::<init> (59 bytes)
Event: 784.879 Thread 0x000001dc9edf1850 nmethod 3965 0x000001dc97406a90 code [0x000001dc97406c60, 0x000001dc97407038]
Event: 785.462 Thread 0x000001dc9edf1850 3967       1       java.util.ArrayList::rangeCheckForAdd (26 bytes)
Event: 785.464 Thread 0x000001dc9edf1850 nmethod 3967 0x000001dc97407210 code [0x000001dc97407400, 0x000001dc974076c8]
Event: 785.464 Thread 0x000001dc9edf1850 3968       1       org.springframework.beans.factory.annotation.AutowiredAnnotationBeanPostProcessor::findAutowiredAnnotation (63 bytes)
Event: 785.465 Thread 0x000001dc9edf1850 nmethod 3968 0x000001dc97407890 code [0x000001dc97407a80, 0x000001dc97407d38]
Event: 785.469 Thread 0x000001dc9edf1850 3969       1       org.springframework.core.MethodParameter::<init> (30 bytes)
Event: 785.471 Thread 0x000001dc9edf1850 nmethod 3969 0x000001dc97407f10 code [0x000001dc974080e0, 0x000001dc97408498]

GC Heap History (20 events):
Event: 479.765 GC heap before
{Heap before GC invocations=4 (full 0):
 garbage-first heap   total 37888K, used 10300K [0x00000000c1600000, 0x0000000100000000)
  region size 1024K, 3 young (3072K), 2 survivors (2048K)
 Metaspace       used 21316K, committed 21632K, reserved 1114112K
  class space    used 2449K, committed 2624K, reserved 1048576K
}
Event: 480.140 GC heap after
{Heap after GC invocations=5 (full 0):
 garbage-first heap   total 37888K, used 9467K [0x00000000c1600000, 0x0000000100000000)
  region size 1024K, 1 young (1024K), 1 survivors (1024K)
 Metaspace       used 21316K, committed 21632K, reserved 1114112K
  class space    used 2449K, committed 2624K, reserved 1048576K
}
Event: 496.012 GC heap before
{Heap before GC invocations=5 (full 0):
 garbage-first heap   total 37888K, used 10491K [0x00000000c1600000, 0x0000000100000000)
  region size 1024K, 2 young (2048K), 1 survivors (1024K)
 Metaspace       used 21554K, committed 21824K, reserved 1114112K
  class space    used 2481K, committed 2624K, reserved 1048576K
}
Event: 496.044 GC heap after
{Heap after GC invocations=6 (full 0):
 garbage-first heap   total 37888K, used 9377K [0x00000000c1600000, 0x0000000100000000)
  region size 1024K, 1 young (1024K), 1 survivors (1024K)
 Metaspace       used 21554K, committed 21824K, reserved 1114112K
  class space    used 2481K, committed 2624K, reserved 1048576K
}
Event: 501.752 GC heap before
{Heap before GC invocations=6 (full 0):
 garbage-first heap   total 37888K, used 14497K [0x00000000c1600000, 0x0000000100000000)
  region size 1024K, 7 young (7168K), 1 survivors (1024K)
 Metaspace       used 23209K, committed 23488K, reserved 1114112K
  class space    used 2672K, committed 2816K, reserved 1048576K
}
Event: 501.774 GC heap after
{Heap after GC invocations=7 (full 0):
 garbage-first heap   total 37888K, used 10268K [0x00000000c1600000, 0x0000000100000000)
  region size 1024K, 1 young (1024K), 1 survivors (1024K)
 Metaspace       used 23209K, committed 23488K, reserved 1114112K
  class space    used 2672K, committed 2816K, reserved 1048576K
}
Event: 518.733 GC heap before
{Heap before GC invocations=7 (full 0):
 garbage-first heap   total 37888K, used 17436K [0x00000000c1600000, 0x0000000100000000)
  region size 1024K, 9 young (9216K), 1 survivors (1024K)
 Metaspace       used 24938K, committed 25152K, reserved 1114112K
  class space    used 2914K, committed 3008K, reserved 1048576K
}
Event: 518.751 GC heap after
{Heap after GC invocations=8 (full 0):
 garbage-first heap   total 37888K, used 10600K [0x00000000c1600000, 0x0000000100000000)
  region size 1024K, 2 young (2048K), 2 survivors (2048K)
 Metaspace       used 24938K, committed 25152K, reserved 1114112K
  class space    used 2914K, committed 3008K, reserved 1048576K
}
Event: 556.642 GC heap before
{Heap before GC invocations=8 (full 0):
 garbage-first heap   total 37888K, used 22888K [0x00000000c1600000, 0x0000000100000000)
  region size 1024K, 14 young (14336K), 2 survivors (2048K)
 Metaspace       used 27195K, committed 27456K, reserved 1114112K
  class space    used 3237K, committed 3328K, reserved 1048576K
}
Event: 556.919 GC heap after
{Heap after GC invocations=9 (full 0):
 garbage-first heap   total 37888K, used 11977K [0x00000000c1600000, 0x0000000100000000)
  region size 1024K, 2 young (2048K), 2 survivors (2048K)
 Metaspace       used 27195K, committed 27456K, reserved 1114112K
  class space    used 3237K, committed 3328K, reserved 1048576K
}
Event: 575.041 GC heap before
{Heap before GC invocations=9 (full 0):
 garbage-first heap   total 37888K, used 18121K [0x00000000c1600000, 0x0000000100000000)
  region size 1024K, 8 young (8192K), 2 survivors (2048K)
 Metaspace       used 27925K, committed 28224K, reserved 1114112K
  class space    used 3310K, committed 3456K, reserved 1048576K
}
Event: 575.072 GC heap after
{Heap after GC invocations=10 (full 0):
 garbage-first heap   total 37888K, used 12727K [0x00000000c1600000, 0x0000000100000000)
  region size 1024K, 1 young (1024K), 1 survivors (1024K)
 Metaspace       used 27925K, committed 28224K, reserved 1114112K
  class space    used 3310K, committed 3456K, reserved 1048576K
}
Event: 644.672 GC heap before
{Heap before GC invocations=10 (full 0):
 garbage-first heap   total 37888K, used 27063K [0x00000000c1600000, 0x0000000100000000)
  region size 1024K, 16 young (16384K), 1 survivors (1024K)
 Metaspace       used 28739K, committed 28992K, reserved 1114112K
  class space    used 3445K, committed 3584K, reserved 1048576K
}
Event: 644.696 GC heap after
{Heap after GC invocations=11 (full 0):
 garbage-first heap   total 37888K, used 13853K [0x00000000c1600000, 0x0000000100000000)
  region size 1024K, 2 young (2048K), 2 survivors (2048K)
 Metaspace       used 28739K, committed 28992K, reserved 1114112K
  class space    used 3445K, committed 3584K, reserved 1048576K
}
Event: 692.969 GC heap before
{Heap before GC invocations=11 (full 0):
 garbage-first heap   total 37888K, used 27165K [0x00000000c1600000, 0x0000000100000000)
  region size 1024K, 16 young (16384K), 2 survivors (2048K)
 Metaspace       used 30072K, committed 30336K, reserved 1114112K
  class space    used 3644K, committed 3776K, reserved 1048576K
}
Event: 693.028 GC heap after
{Heap after GC invocations=12 (full 0):
 garbage-first heap   total 37888K, used 14397K [0x00000000c1600000, 0x0000000100000000)
  region size 1024K, 1 young (1024K), 1 survivors (1024K)
 Metaspace       used 30072K, committed 30336K, reserved 1114112K
  class space    used 3644K, committed 3776K, reserved 1048576K
}
Event: 748.266 GC heap before
{Heap before GC invocations=12 (full 0):
 garbage-first heap   total 37888K, used 28733K [0x00000000c1600000, 0x0000000100000000)
  region size 1024K, 15 young (15360K), 1 survivors (1024K)
 Metaspace       used 31697K, committed 32000K, reserved 1114112K
  class space    used 3911K, committed 4032K, reserved 1048576K
}
Event: 748.779 GC heap after
{Heap after GC invocations=13 (full 0):
 garbage-first heap   total 46080K, used 15251K [0x00000000c1600000, 0x0000000100000000)
  region size 1024K, 2 young (2048K), 2 survivors (2048K)
 Metaspace       used 31697K, committed 32000K, reserved 1114112K
  class space    used 3911K, committed 4032K, reserved 1048576K
}
Event: 755.371 GC heap before
{Heap before GC invocations=13 (full 0):
 garbage-first heap   total 46080K, used 16275K [0x00000000c1600000, 0x0000000100000000)
  region size 1024K, 3 young (3072K), 2 survivors (2048K)
 Metaspace       used 31906K, committed 32256K, reserved 1114112K
  class space    used 3945K, committed 4096K, reserved 1048576K
}
Event: 755.389 GC heap after
{Heap after GC invocations=14 (full 0):
 garbage-first heap   total 46080K, used 15471K [0x00000000c1600000, 0x0000000100000000)
  region size 1024K, 1 young (1024K), 1 survivors (1024K)
 Metaspace       used 31906K, committed 32256K, reserved 1114112K
  class space    used 3945K, committed 4096K, reserved 1048576K
}

Dll operation events (8 events):
Event: 0.021 Loaded shared library C:\Users\HP\Downloads\sts-4.21.0.RELEASE\plugins\org.eclipse.justj.openjdk.hotspot.jre.full.win32.x86_64_17.0.9.v20231028-0858\jre\bin\java.dll
Event: 7.621 Loaded shared library C:\Users\HP\Downloads\sts-4.21.0.RELEASE\plugins\org.eclipse.justj.openjdk.hotspot.jre.full.win32.x86_64_17.0.9.v20231028-0858\jre\bin\jimage.dll
Event: 8.647 Loaded shared library C:\Users\HP\Downloads\sts-4.21.0.RELEASE\plugins\org.eclipse.justj.openjdk.hotspot.jre.full.win32.x86_64_17.0.9.v20231028-0858\jre\bin\net.dll
Event: 8.653 Loaded shared library C:\Users\HP\Downloads\sts-4.21.0.RELEASE\plugins\org.eclipse.justj.openjdk.hotspot.jre.full.win32.x86_64_17.0.9.v20231028-0858\jre\bin\nio.dll
Event: 8.680 Loaded shared library C:\Users\HP\Downloads\sts-4.21.0.RELEASE\plugins\org.eclipse.justj.openjdk.hotspot.jre.full.win32.x86_64_17.0.9.v20231028-0858\jre\bin\zip.dll
Event: 10.563 Loaded shared library C:\Users\HP\Downloads\sts-4.21.0.RELEASE\plugins\org.eclipse.justj.openjdk.hotspot.jre.full.win32.x86_64_17.0.9.v20231028-0858\jre\bin\management.dll
Event: 10.609 Loaded shared library C:\Users\HP\Downloads\sts-4.21.0.RELEASE\plugins\org.eclipse.justj.openjdk.hotspot.jre.full.win32.x86_64_17.0.9.v20231028-0858\jre\bin\management_ext.dll
Event: 552.003 Loaded shared library C:\Users\HP\Downloads\sts-4.21.0.RELEASE\plugins\org.eclipse.justj.openjdk.hotspot.jre.full.win32.x86_64_17.0.9.v20231028-0858\jre\bin\sunmscapi.dll

Deoptimization events (4 events):
Event: 499.390 Thread 0x000001dca376c150 DEOPT PACKING pc=0x000001dc971cf199 sp=0x000000b9231fc840
Event: 499.585 Thread 0x000001dca376c150 DEOPT UNPACKING pc=0x000001dc96d67143 sp=0x000000b9231fbd20 mode 3
Event: 577.369 Thread 0x000001dca376c150 DEOPT PACKING pc=0x000001dc97269a55 sp=0x000000b9231fd6e0
Event: 578.041 Thread 0x000001dca376c150 DEOPT UNPACKING pc=0x000001dc96d67143 sp=0x000000b9231fcb88 mode 3

Classes unloaded (20 events):
Event: 467.783 Thread 0x000001dc9ed8f5f0 Unloading class 0x0000000100141c00 'java/lang/invoke/LambdaForm$MH+0x0000000100141c00'
Event: 467.783 Thread 0x000001dc9ed8f5f0 Unloading class 0x0000000100141800 'jdk/internal/reflect/GeneratedSerializationConstructorAccessor3'
Event: 467.783 Thread 0x000001dc9ed8f5f0 Unloading class 0x0000000100141400 'jdk/internal/reflect/GeneratedSerializationConstructorAccessor2'
Event: 467.783 Thread 0x000001dc9ed8f5f0 Unloading class 0x0000000100141000 'jdk/internal/reflect/GeneratedSerializationConstructorAccessor1'
Event: 467.784 Thread 0x000001dc9ed8f5f0 Unloading class 0x0000000100140800 'java/lang/invoke/LambdaForm$DMH+0x0000000100140800'
Event: 467.784 Thread 0x000001dc9ed8f5f0 Unloading class 0x0000000100140000 'java/lang/invoke/LambdaForm$DMH+0x0000000100140000'
Event: 467.785 Thread 0x000001dc9ed8f5f0 Unloading class 0x00000001000c6c00 'jdk/internal/reflect/GeneratedConstructorAccessor1'
Event: 467.785 Thread 0x000001dc9ed8f5f0 Unloading class 0x00000001000c6000 'java/lang/invoke/LambdaForm$MH+0x00000001000c6000'
Event: 467.785 Thread 0x000001dc9ed8f5f0 Unloading class 0x00000001000c5c00 'java/lang/invoke/LambdaForm$MH+0x00000001000c5c00'
Event: 467.796 Thread 0x000001dc9ed8f5f0 Unloading class 0x00000001000c5800 'java/lang/invoke/LambdaForm$MH+0x00000001000c5800'
Event: 467.796 Thread 0x000001dc9ed8f5f0 Unloading class 0x00000001000c5400 'java/lang/invoke/LambdaForm$MH+0x00000001000c5400'
Event: 467.796 Thread 0x000001dc9ed8f5f0 Unloading class 0x00000001000c5000 'java/lang/invoke/LambdaForm$MH+0x00000001000c5000'
Event: 467.797 Thread 0x000001dc9ed8f5f0 Unloading class 0x00000001000c4c00 'java/lang/invoke/LambdaForm$MH+0x00000001000c4c00'
Event: 467.797 Thread 0x000001dc9ed8f5f0 Unloading class 0x00000001000c3c00 'java/lang/invoke/LambdaForm$MH+0x00000001000c3c00'
Event: 467.797 Thread 0x000001dc9ed8f5f0 Unloading class 0x00000001000c3800 'java/lang/invoke/LambdaForm$MH+0x00000001000c3800'
Event: 467.797 Thread 0x000001dc9ed8f5f0 Unloading class 0x00000001000c3000 'java/lang/invoke/LambdaForm$MH+0x00000001000c3000'
Event: 467.797 Thread 0x000001dc9ed8f5f0 Unloading class 0x00000001000c2400 'java/lang/invoke/LambdaForm$MH+0x00000001000c2400'
Event: 467.797 Thread 0x000001dc9ed8f5f0 Unloading class 0x00000001000c1c00 'java/lang/invoke/LambdaForm$MH+0x00000001000c1c00'
Event: 467.797 Thread 0x000001dc9ed8f5f0 Unloading class 0x00000001000c1400 'java/lang/invoke/LambdaForm$MH+0x00000001000c1400'
Event: 467.797 Thread 0x000001dc9ed8f5f0 Unloading class 0x00000001000c0c00 'java/lang/invoke/LambdaForm$MH+0x00000001000c0c00'

Classes redefined (0 events):
No events

Internal exceptions (20 events):
Event: 757.632 Thread 0x000001dca376c150 Exception <a 'java/lang/NoSuchMethodError'{0x00000000c555b1a0}: 'int java.lang.invoke.DirectMethodHandle$Holder.invokeVirtual(java.lang.Object, java.lang.Object)'> (0x00000000c555b1a0) 
thrown [s\src\hotspot\share\interpreter\linkResolver.cpp, line 759]
Event: 757.640 Thread 0x000001dca376c150 Exception <a 'java/lang/NoSuchMethodError'{0x00000000c555f3a0}: 'int java.lang.invoke.DirectMethodHandle$Holder.invokeStaticInit(java.lang.Object, int, int)'> (0x00000000c555f3a0) 
thrown [s\src\hotspot\share\interpreter\linkResolver.cpp, line 759]
Event: 757.702 Thread 0x000001dca376c150 Exception <a 'java/lang/NoSuchMethodError'{0x00000000c5566b90}: 'int java.lang.invoke.DirectMethodHandle$Holder.invokeStaticInit(java.lang.Object, long, long)'> (0x00000000c5566b90) 
thrown [s\src\hotspot\share\interpreter\linkResolver.cpp, line 759]
Event: 757.705 Thread 0x000001dca376c150 Exception <a 'java/lang/NoSuchMethodError'{0x00000000c556d9e0}: 'int java.lang.invoke.DirectMethodHandle$Holder.invokeStaticInit(java.lang.Object, float, float)'> (0x00000000c556d9e0) 
thrown [s\src\hotspot\share\interpreter\linkResolver.cpp, line 759]
Event: 757.712 Thread 0x000001dca376c150 Exception <a 'java/lang/NoSuchMethodError'{0x00000000c5574838}: 'int java.lang.invoke.DirectMethodHandle$Holder.invokeStaticInit(java.lang.Object, double, double)'> (0x00000000c5574838) 
thrown [s\src\hotspot\share\interpreter\linkResolver.cpp, line 759]
Event: 757.727 Thread 0x000001dca376c150 Exception <a 'java/lang/NoSuchMethodError'{0x00000000c5578d28}: 'int java.lang.invoke.DirectMethodHandle$Holder.invokeStatic(java.lang.Object, long)'> (0x00000000c5578d28) 
thrown [s\src\hotspot\share\interpreter\linkResolver.cpp, line 759]
Event: 757.836 Thread 0x000001dca376c150 Exception <a 'java/lang/NoSuchMethodError'{0x00000000c55a3d60}: 'int java.lang.invoke.DirectMethodHandle$Holder.invokeSpecial(java.lang.Object, java.lang.Object, int)'> (0x00000000c55a3d60) 
thrown [s\src\hotspot\share\interpreter\linkResolver.cpp, line 759]
Event: 757.846 Thread 0x000001dca376c150 Exception <a 'java/lang/NoSuchMethodError'{0x00000000c55ab658}: 'int java.lang.invoke.Invokers$Holder.linkToTargetMethod(java.lang.Object, java.lang.Object)'> (0x00000000c55ab658) 
thrown [s\src\hotspot\share\interpreter\linkResolver.cpp, line 759]
Event: 758.831 Thread 0x000001dca376c150 Exception <a 'java/lang/NoSuchMethodError'{0x00000000c455a428}: 'java.lang.Object java.lang.invoke.DirectMethodHandle$Holder.invokeSpecial(java.lang.Object, java.lang.Object, java.lang.Object, java.lang.Object, java.lang.Object, java.lang.Object, java.lang.Object, java.lang.Object, java.lang.Object, java.lang.Object)'> (0x00000000c455a428) 
thrown [s\src\hotspot\share\interpreter\linkResolver.cpp, line 759]
Event: 758.842 Thread 0x000001dca376c150 Exception <a 'java/lang/NoSuchMethodError'{0x00000000c455ecb8}: 'java.lang.Object java.lang.invoke.Invokers$Holder.invoke_MT(java.lang.Object, java.lang.Object, java.lang.Object, java.lang.Object, java.lang.Object, java.lang.Object, java.lang.Object, java.lang.Object, java.lang.Object, java.lang.Object)'> (0x00000000c455ecb8) 
thrown [s\src\hotspot\share\interpreter\linkResolver.cpp, line 759]
Event: 759.198 Thread 0x000001dca376c150 Exception <a 'java/lang/NoSuchMethodError'{0x00000000c45a0ad8}: 'java.lang.Object java.lang.invoke.DirectMethodHandle$Holder.invokeSpecial(java.lang.Object, java.lang.Object, int, java.lang.Object, java.lang.Object)'> (0x00000000c45a0ad8) 
thrown [s\src\hotspot\share\interpreter\linkResolver.cpp, line 759]
Event: 759.203 Thread 0x000001dca376c150 Exception <a 'java/lang/NoSuchMethodError'{0x00000000c45a4780}: 'java.lang.Object java.lang.invoke.DelegatingMethodHandle$Holder.delegate(java.lang.Object, int, java.lang.Object, java.lang.Object)'> (0x00000000c45a4780) 
thrown [s\src\hotspot\share\interpreter\linkResolver.cpp, line 759]
Event: 759.231 Thread 0x000001dca376c150 Exception <a 'java/lang/NoSuchMethodError'{0x00000000c45b5608}: 'int java.lang.invoke.Invokers$Holder.linkToTargetMethod(java.lang.Object, java.lang.Object, java.lang.Object)'> (0x00000000c45b5608) 
thrown [s\src\hotspot\share\interpreter\linkResolver.cpp, line 759]
Event: 770.518 Thread 0x000001dca376c150 Exception <a 'java/lang/NoClassDefFoundError'{0x00000000c3e3d8b0}: org/flywaydb/core/Flyway> (0x00000000c3e3d8b0) 
thrown [s\src\hotspot\share\classfile\systemDictionary.cpp, line 245]
Event: 770.526 Thread 0x000001dca376c150 Exception <a 'java/lang/NoClassDefFoundError'{0x00000000c3e3fb40}: liquibase/integration/spring/SpringLiquibase> (0x00000000c3e3fb40) 
thrown [s\src\hotspot\share\classfile\systemDictionary.cpp, line 245]
Event: 771.954 Thread 0x000001dca376c150 Exception <a 'java/lang/NoClassDefFoundError'{0x00000000c3c8aa10}: org/jooq/DSLContext> (0x00000000c3c8aa10) 
thrown [s\src\hotspot\share\classfile\systemDictionary.cpp, line 245]
Event: 771.966 Thread 0x000001dca376c150 Exception <a 'java/lang/NoClassDefFoundError'{0x00000000c3c976e0}: org/springframework/batch/core/repository/JobRepository> (0x00000000c3c976e0) 
thrown [s\src\hotspot\share\classfile\systemDictionary.cpp, line 245]
Event: 771.967 Thread 0x000001dca376c150 Exception <a 'java/lang/NoClassDefFoundError'{0x00000000c3c996d0}: org/quartz/Scheduler> (0x00000000c3c996d0) 
thrown [s\src\hotspot\share\classfile\systemDictionary.cpp, line 245]
Event: 771.969 Thread 0x000001dca376c150 Exception <a 'java/lang/NoClassDefFoundError'{0x00000000c3c9bba0}: org/springframework/session/jdbc/JdbcIndexedSessionRepository> (0x00000000c3c9bba0) 
thrown [s\src\hotspot\share\classfile\systemDictionary.cpp, line 245]
Event: 776.933 Thread 0x000001dca376c150 Exception <a 'java/lang/NoSuchMethodError'{0x00000000c3be1be0}: 'void java.lang.invoke.DirectMethodHandle$Holder.invokeSpecial(java.lang.Object, java.lang.Object, java.lang.Object, java.lang.Object, java.lang.Object, java.lang.Object)'> (0x00000000c3be1be0) 
thrown [s\src\hotspot\share\interpreter\linkResolver.cpp, line 759]

VM Operations (20 events):
Event: 769.616 Executing VM operation: Cleanup
Event: 769.626 Executing VM operation: Cleanup done
Event: 771.662 Executing VM operation: Cleanup
Event: 771.791 Executing VM operation: Cleanup done
Event: 775.802 Executing VM operation: Cleanup
Event: 775.806 Executing VM operation: Cleanup done
Event: 777.807 Executing VM operation: Cleanup
Event: 777.808 Executing VM operation: Cleanup done
Event: 779.436 Executing VM operation: HandshakeAllThreads
Event: 779.442 Executing VM operation: HandshakeAllThreads done
Event: 780.442 Executing VM operation: Cleanup
Event: 780.447 Executing VM operation: Cleanup done
Event: 781.456 Executing VM operation: Cleanup
Event: 781.460 Executing VM operation: Cleanup done
Event: 782.460 Executing VM operation: Cleanup
Event: 782.508 Executing VM operation: Cleanup done
Event: 783.508 Executing VM operation: Cleanup
Event: 783.564 Executing VM operation: Cleanup done
Event: 784.571 Executing VM operation: Cleanup
Event: 784.580 Executing VM operation: Cleanup done

Events (20 events):
Event: 759.185 loading class java/util/AbstractList$SubList done
Event: 759.185 loading class java/util/AbstractList$RandomAccessSubList done
Event: 759.185 loading class java/util/AbstractList$ListItr
Event: 759.186 loading class java/util/AbstractList$ListItr done
Event: 759.186 loading class java/util/AbstractList$SubList$1
Event: 759.186 loading class java/util/AbstractList$SubList$1 done
Event: 759.204 loading class java/lang/invoke/MethodHandleImpl$CountingWrapper
Event: 759.210 loading class java/lang/invoke/MethodHandleImpl$CountingWrapper done
Event: 762.429 loading class java/util/DualPivotQuicksort
Event: 762.490 loading class java/util/DualPivotQuicksort done
Event: 762.700 loading class jdk/internal/reflect/UnsafeStaticObjectFieldAccessorImpl
Event: 762.732 loading class jdk/internal/reflect/UnsafeStaticObjectFieldAccessorImpl done
Event: 775.345 loading class javax/naming/NameNotFoundException
Event: 775.349 loading class javax/naming/NameNotFoundException done
Event: 780.732 loading class sun/reflect/generics/scope/ConstructorScope
Event: 780.735 loading class sun/reflect/generics/scope/ConstructorScope done
Event: 781.922 loading class java/lang/Class$EnclosingMethodInfo
Event: 781.924 loading class java/lang/Class$EnclosingMethodInfo done
Event: 781.930 loading class java/lang/reflect/AnnotatedType
Event: 781.932 loading class java/lang/reflect/AnnotatedType done


Dynamic libraries:
0x00007ff7f9af0000 - 0x00007ff7f9afe000 	C:\Users\HP\Downloads\sts-4.21.0.RELEASE\plugins\org.eclipse.justj.openjdk.hotspot.jre.full.win32.x86_64_17.0.9.v20231028-0858\jre\bin\javaw.exe
0x00007ff9b7a90000 - 0x00007ff9b7ca7000 	C:\WINDOWS\SYSTEM32\ntdll.dll
0x00007ff9b69c0000 - 0x00007ff9b6a84000 	C:\WINDOWS\System32\KERNEL32.DLL
0x00007ff9b50e0000 - 0x00007ff9b5486000 	C:\WINDOWS\System32\KERNELBASE.dll
0x00007ff9b5690000 - 0x00007ff9b57a1000 	C:\WINDOWS\System32\ucrtbase.dll
0x00007ff988b90000 - 0x00007ff988ba7000 	C:\Users\HP\Downloads\sts-4.21.0.RELEASE\plugins\org.eclipse.justj.openjdk.hotspot.jre.full.win32.x86_64_17.0.9.v20231028-0858\jre\bin\jli.dll
0x00007ff969450000 - 0x00007ff96946b000 	C:\Users\HP\Downloads\sts-4.21.0.RELEASE\plugins\org.eclipse.justj.openjdk.hotspot.jre.full.win32.x86_64_17.0.9.v20231028-0858\jre\bin\VCRUNTIME140.dll
0x00007ff9b6530000 - 0x00007ff9b66de000 	C:\WINDOWS\System32\USER32.dll
0x00007ff9b5500000 - 0x00007ff9b5526000 	C:\WINDOWS\System32\win32u.dll
0x00007ff9b6170000 - 0x00007ff9b6199000 	C:\WINDOWS\System32\GDI32.dll
0x00007ff9b4dd0000 - 0x00007ff9b4ee8000 	C:\WINDOWS\System32\gdi32full.dll
0x00007ff9b55f0000 - 0x00007ff9b568a000 	C:\WINDOWS\System32\msvcp_win.dll
0x00007ff9a1e70000 - 0x00007ff9a2103000 	C:\WINDOWS\WinSxS\amd64_microsoft.windows.common-controls_6595b64144ccf1df_6.0.22621.2506_none_270c5ae97388e100\COMCTL32.dll
0x00007ff9b5820000 - 0x00007ff9b58c7000 	C:\WINDOWS\System32\msvcrt.dll
0x00007ff9b57e0000 - 0x00007ff9b5811000 	C:\WINDOWS\System32\IMM32.DLL
0x00007ff9ad960000 - 0x00007ff9ad96c000 	C:\Users\HP\Downloads\sts-4.21.0.RELEASE\plugins\org.eclipse.justj.openjdk.hotspot.jre.full.win32.x86_64_17.0.9.v20231028-0858\jre\bin\vcruntime140_1.dll
0x00007ff968fe0000 - 0x00007ff96906d000 	C:\Users\HP\Downloads\sts-4.21.0.RELEASE\plugins\org.eclipse.justj.openjdk.hotspot.jre.full.win32.x86_64_17.0.9.v20231028-0858\jre\bin\msvcp140.dll
0x00007ff931da0000 - 0x00007ff932a01000 	C:\Users\HP\Downloads\sts-4.21.0.RELEASE\plugins\org.eclipse.justj.openjdk.hotspot.jre.full.win32.x86_64_17.0.9.v20231028-0858\jre\bin\server\jvm.dll
0x00007ff9b6700000 - 0x00007ff9b67b3000 	C:\WINDOWS\System32\ADVAPI32.dll
0x00007ff9b78a0000 - 0x00007ff9b7948000 	C:\WINDOWS\System32\sechost.dll
0x00007ff9b57b0000 - 0x00007ff9b57d8000 	C:\WINDOWS\System32\bcrypt.dll
0x00007ff9b6050000 - 0x00007ff9b6167000 	C:\WINDOWS\System32\RPCRT4.dll
0x00007ff9b4af0000 - 0x00007ff9b4b3d000 	C:\WINDOWS\SYSTEM32\POWRPROF.dll
0x00007ff9aff00000 - 0x00007ff9aff09000 	C:\WINDOWS\SYSTEM32\WSOCK32.dll
0x00007ff9b5df0000 - 0x00007ff9b5e61000 	C:\WINDOWS\System32\WS2_32.dll
0x00007ff9ad370000 - 0x00007ff9ad3a4000 	C:\WINDOWS\SYSTEM32\WINMM.dll
0x00007ff9a2af0000 - 0x00007ff9a2afa000 	C:\WINDOWS\SYSTEM32\VERSION.dll
0x00007ff9b4ad0000 - 0x00007ff9b4ae3000 	C:\WINDOWS\SYSTEM32\UMPDC.dll
0x00007ff9b3e00000 - 0x00007ff9b3e18000 	C:\WINDOWS\SYSTEM32\kernel.appcore.dll
0x00007ff9a4bc0000 - 0x00007ff9a4bca000 	C:\Users\HP\Downloads\sts-4.21.0.RELEASE\plugins\org.eclipse.justj.openjdk.hotspot.jre.full.win32.x86_64_17.0.9.v20231028-0858\jre\bin\jimage.dll
0x00007ff9b26a0000 - 0x00007ff9b28d3000 	C:\WINDOWS\SYSTEM32\DBGHELP.DLL
0x00007ff9b61a0000 - 0x00007ff9b6529000 	C:\WINDOWS\System32\combase.dll
0x00007ff9b5e70000 - 0x00007ff9b5f47000 	C:\WINDOWS\System32\OLEAUT32.dll
0x00007ff99b4e0000 - 0x00007ff99b512000 	C:\WINDOWS\SYSTEM32\dbgcore.DLL
0x00007ff9b5060000 - 0x00007ff9b50da000 	C:\WINDOWS\System32\bcryptPrimitives.dll
0x00007ff96ade0000 - 0x00007ff96ae05000 	C:\Users\HP\Downloads\sts-4.21.0.RELEASE\plugins\org.eclipse.justj.openjdk.hotspot.jre.full.win32.x86_64_17.0.9.v20231028-0858\jre\bin\java.dll
0x00007ff96afa0000 - 0x00007ff96afb8000 	C:\Users\HP\Downloads\sts-4.21.0.RELEASE\plugins\org.eclipse.justj.openjdk.hotspot.jre.full.win32.x86_64_17.0.9.v20231028-0858\jre\bin\zip.dll
0x00007ff9b7040000 - 0x00007ff9b789a000 	C:\WINDOWS\System32\SHELL32.dll
0x00007ff9b2d20000 - 0x00007ff9b3616000 	C:\WINDOWS\SYSTEM32\windows.storage.dll
0x00007ff9b2be0000 - 0x00007ff9b2d1e000 	C:\WINDOWS\SYSTEM32\wintypes.dll
0x00007ff9b7950000 - 0x00007ff9b7a43000 	C:\WINDOWS\System32\SHCORE.dll
0x00007ff9b6fe0000 - 0x00007ff9b703e000 	C:\WINDOWS\System32\shlwapi.dll
0x00007ff9b4d00000 - 0x00007ff9b4d26000 	C:\WINDOWS\SYSTEM32\profapi.dll
0x00007ff96a990000 - 0x00007ff96a9a9000 	C:\Users\HP\Downloads\sts-4.21.0.RELEASE\plugins\org.eclipse.justj.openjdk.hotspot.jre.full.win32.x86_64_17.0.9.v20231028-0858\jre\bin\net.dll
0x00007ff9adc20000 - 0x00007ff9add57000 	C:\WINDOWS\SYSTEM32\WINHTTP.dll
0x00007ff9b4280000 - 0x00007ff9b42e9000 	C:\WINDOWS\system32\mswsock.dll
0x00007ff96a970000 - 0x00007ff96a986000 	C:\Users\HP\Downloads\sts-4.21.0.RELEASE\plugins\org.eclipse.justj.openjdk.hotspot.jre.full.win32.x86_64_17.0.9.v20231028-0858\jre\bin\nio.dll
0x00007ff9a4db0000 - 0x00007ff9a4db9000 	C:\Users\HP\Downloads\sts-4.21.0.RELEASE\plugins\org.eclipse.justj.openjdk.hotspot.jre.full.win32.x86_64_17.0.9.v20231028-0858\jre\bin\management.dll
0x00007ff99d1c0000 - 0x00007ff99d1cb000 	C:\Users\HP\Downloads\sts-4.21.0.RELEASE\plugins\org.eclipse.justj.openjdk.hotspot.jre.full.win32.x86_64_17.0.9.v20231028-0858\jre\bin\management_ext.dll
0x00007ff9b6810000 - 0x00007ff9b6818000 	C:\WINDOWS\System32\PSAPI.DLL
0x00007ff990230000 - 0x00007ff990247000 	C:\WINDOWS\system32\napinsp.dll
0x00007ff990210000 - 0x00007ff99022b000 	C:\WINDOWS\system32\pnrpnsp.dll
0x00007ff9b38f0000 - 0x00007ff9b39e9000 	C:\WINDOWS\SYSTEM32\DNSAPI.dll
0x00007ff9b3880000 - 0x00007ff9b38ad000 	C:\WINDOWS\SYSTEM32\IPHLPAPI.DLL
0x00007ff9b66e0000 - 0x00007ff9b66e9000 	C:\WINDOWS\System32\NSI.dll
0x00007ff9901f0000 - 0x00007ff990201000 	C:\WINDOWS\System32\winrnr.dll
0x00007ff9ad350000 - 0x00007ff9ad365000 	C:\WINDOWS\system32\wshbth.dll
0x00007ff9901c0000 - 0x00007ff9901e1000 	C:\WINDOWS\system32\nlansp_c.dll
0x00007ff9a2370000 - 0x00007ff9a237a000 	C:\Windows\System32\rasadhlp.dll
0x00007ff9aaea0000 - 0x00007ff9aaf23000 	C:\WINDOWS\System32\fwpuclnt.dll
0x00007ff9b44d0000 - 0x00007ff9b44eb000 	C:\WINDOWS\SYSTEM32\CRYPTSP.dll
0x00007ff9b3d60000 - 0x00007ff9b3d95000 	C:\WINDOWS\system32\rsaenh.dll
0x00007ff9b4370000 - 0x00007ff9b439c000 	C:\WINDOWS\SYSTEM32\USERENV.dll
0x00007ff9b44f0000 - 0x00007ff9b44fc000 	C:\WINDOWS\SYSTEM32\CRYPTBASE.dll
0x00007ff9adfd0000 - 0x00007ff9adfe9000 	C:\WINDOWS\SYSTEM32\dhcpcsvc6.DLL
0x00007ff9ada40000 - 0x00007ff9ada5f000 	C:\WINDOWS\SYSTEM32\dhcpcsvc.DLL
0x00007ff99fee0000 - 0x00007ff99feee000 	C:\Users\HP\Downloads\sts-4.21.0.RELEASE\plugins\org.eclipse.justj.openjdk.hotspot.jre.full.win32.x86_64_17.0.9.v20231028-0858\jre\bin\sunmscapi.dll
0x00007ff9b4ef0000 - 0x00007ff9b5056000 	C:\WINDOWS\System32\CRYPT32.dll
0x00007ff9b4690000 - 0x00007ff9b46be000 	C:\WINDOWS\SYSTEM32\ncrypt.dll
0x00007ff9b4650000 - 0x00007ff9b4687000 	C:\WINDOWS\SYSTEM32\NTASN1.dll

dbghelp: loaded successfully - version: 4.0.5 - missing functions: none
symbol engine: initialized successfully - sym options: 0x614 - pdb path: .;C:\Users\HP\Downloads\sts-4.21.0.RELEASE\plugins\org.eclipse.justj.openjdk.hotspot.jre.full.win32.x86_64_17.0.9.v20231028-0858\jre\bin;C:\WINDOWS\SYSTEM32;C:\WINDOWS\WinSxS\amd64_microsoft.windows.common-controls_6595b64144ccf1df_6.0.22621.2506_none_270c5ae97388e100;C:\Users\HP\Downloads\sts-4.21.0.RELEASE\plugins\org.eclipse.justj.openjdk.hotspot.jre.full.win32.x86_64_17.0.9.v20231028-0858\jre\bin\server

VM Arguments:
jvm_args: -Dcom.sun.management.jmxremote -Dcom.sun.management.jmxremote.port=49300 -Dcom.sun.management.jmxremote.authenticate=false -Dcom.sun.management.jmxremote.ssl=false -Djava.rmi.server.hostname=localhost -Dspring.jmx.enabled=true -Dmanagement.endpoints.jmx.exposure.include=* -Dspring.application.admin.enabled=true -XX:TieredStopAtLevel=1 -Dspring.boot.project.name=blog-application-apis -Dfile.encoding=UTF-8 -Dstdout.encoding=UTF-8 -Dstderr.encoding=UTF-8 -XX:+ShowCodeDetailsInExceptionMessages 
java_command: com.Ayush.blog.BlogApplicationApisApplication --spring.output.ansi.enabled=always
java_class_path (initial): C:\Users\HP\Documents\workspace-spring-tool-suite-4-4.21.0.RELEASE\blog-application-apis\target\classes;C:\Users\HP\.m2\repository\org\springframework\boot\spring-boot-starter-data-jpa\3.2.2\spring-boot-starter-data-jpa-3.2.2.jar;C:\Users\HP\.m2\repository\org\springframework\boot\spring-boot-starter-aop\3.2.2\spring-boot-starter-aop-3.2.2.jar;C:\Users\HP\.m2\repository\org\springframework\spring-aop\6.1.3\spring-aop-6.1.3.jar;C:\Users\HP\.m2\repository\org\aspectj\aspectjweaver\1.9.21\aspectjweaver-1.9.21.jar;C:\Users\HP\.m2\repository\org\springframework\boot\spring-boot-starter-jdbc\3.2.2\spring-boot-starter-jdbc-3.2.2.jar;C:\Users\HP\.m2\repository\com\zaxxer\HikariCP\5.0.1\HikariCP-5.0.1.jar;C:\Users\HP\.m2\repository\org\springframework\spring-jdbc\6.1.3\spring-jdbc-6.1.3.jar;C:\Users\HP\.m2\repository\org\hibernate\orm\hibernate-core\6.4.1.Final\hibernate-core-6.4.1.Final.jar;C:\Users\HP\.m2\repository\jakarta\persistence\jakarta.persistence-api\3.1.0\jakarta.persistence-api-3.1.0.jar;C:\Users\HP\.m2\repository\jakarta\transaction\jakarta.transaction-api\2.0.1\jakarta.transaction-api-2.0.1.jar;C:\Users\HP\.m2\repository\org\jboss\logging\jboss-logging\3.5.3.Final\jboss-logging-3.5.3.Final.jar;C:\Users\HP\.m2\repository\org\hibernate\common\hibernate-commons-annotations\6.0.6.Final\hibernate-commons-annotations-6.0.6.Final.jar;C:\Users\HP\.m2\repository\io\smallrye\jandex\3.1.2\jandex-3.1.2.jar;C:\Users\HP\.m2\repository\com\fasterxml\classmate\1.6.0\classmate-1.6.0.jar;C:\Users\HP\.m2\repository\net\bytebuddy\byte-buddy\1.14.11\byte-buddy-1.14.11.jar;C:\Users\HP\.m2\repository\org\glassfish\jaxb\jaxb-runtime\4.0.4\jaxb-runtime-4.0.4.jar;C:\Users\HP\.m2\repository\org\glassfish\jaxb\jaxb-core\4.0.4\jaxb-core-4.0.4.jar;C:\Users\HP\.m2\repository\org\eclipse\angus\angus-activation\2.0.1\angus-activation-2.0.1.jar;C:\Users\HP\.m2\repository\org\glassfish\jaxb\txw2\4.0.4\txw2-4.0.4.jar;C:\Users\HP\.m2\repository\com\sun\istack\istack-c
Launcher Type: SUN_STANDARD

[Global flags]
     intx CICompilerCount                          = 4                                         {product} {ergonomic}
     uint ConcGCThreads                            = 2                                         {product} {ergonomic}
     uint G1ConcRefinementThreads                  = 8                                         {product} {ergonomic}
   size_t G1HeapRegionSize                         = 1048576                                   {product} {ergonomic}
    uintx GCDrainStackTargetSize                   = 64                                        {product} {ergonomic}
   size_t InitialHeapSize                          = 67108864                                  {product} {ergonomic}
     bool ManagementServer                         = true                                      {product} {command line}
   size_t MarkStackSize                            = 4194304                                   {product} {ergonomic}
   size_t MaxHeapSize                              = 1050673152                                {product} {ergonomic}
   size_t MaxNewSize                               = 630194176                                 {product} {ergonomic}
   size_t MinHeapDeltaBytes                        = 1048576                                   {product} {ergonomic}
   size_t MinHeapSize                              = 8388608                                   {product} {ergonomic}
    uintx NonProfiledCodeHeapSize                  = 0                                      {pd product} {ergonomic}
     bool ProfileInterpreter                       = false                                  {pd product} {command line}
    uintx ProfiledCodeHeapSize                     = 0                                      {pd product} {ergonomic}
     bool ShowCodeDetailsInExceptionMessages       = true                                   {manageable} {command line}
   size_t SoftMaxHeapSize                          = 1050673152                             {manageable} {ergonomic}
     intx TieredStopAtLevel                        = 1                                         {product} {command line}
     bool UseCompressedClassPointers               = true                           {product lp64_product} {ergonomic}
     bool UseCompressedOops                        = true                           {product lp64_product} {ergonomic}
     bool UseG1GC                                  = true                                      {product} {ergonomic}
     bool UseLargePagesIndividualAllocation        = false                                  {pd product} {ergonomic}

Logging:
Log output configuration:
 #0: stdout all=warning uptime,level,tags
 #1: stderr all=off uptime,level,tags

Environment Variables:
JAVA_HOME=C:\Program Files\Java\jdk-20
PATH=C:/Users/HP/Downloads/sts-4.21.0.RELEASE//plugins/org.eclipse.justj.openjdk.hotspot.jre.full.win32.x86_64_17.0.9.v20231028-0858/jre/bin/server;C:/Users/HP/Downloads/sts-4.21.0.RELEASE//plugins/org.eclipse.justj.openjdk.hotspot.jre.full.win32.x86_64_17.0.9.v20231028-0858/jre/bin;C:\Program Files\Common Files\Oracle\Java\javapath;C:\WINDOWS\system32;C:\WINDOWS;C:\WINDOWS\System32\Wbem;C:\WINDOWS\System32\WindowsPowerShell\v1.0\;C:\WINDOWS\System32\OpenSSH\;C:\Program Files\Microchip\xc8\v2.36\bin;C:\Program Files\Java\jdk-20\bin;C:\Program Files\Common Files\Oracle\Java\javapath;C:\Aldec\Active-HDL-Student-Edition\bin;C:\Program Files\MySQL\MySQL Server 8.0\bin;C:\Program Files\Java\jdk-21\bin;C:\Program Files\MySQL\MySQL Shell 8.0\bin\;C:\Users\HP\AppData\Local\Microsoft\WindowsApps;C:\Program Files\JetBrains\IntelliJ IDEA Community Edition 2023.3.2\bin;;C:\Users\HP\Downloads\sts-4.21.0.RELEASE;
USERNAME=HP
OS=Windows_NT
PROCESSOR_IDENTIFIER=Intel64 Family 6 Model 142 Stepping 10, GenuineIntel
TMP=C:\Users\HP\AppData\Local\Temp
TEMP=C:\Users\HP\AppData\Local\Temp



Periodic native trim disabled


---------------  S Y S T E M  ---------------

OS:
 Windows 11 , 64 bit Build 22621 (10.0.22621.2506)
OS uptime: 15 days 1:09 hours

CPU: total 8 (initial active 8) (4 cores per cpu, 2 threads per core) family 6 model 142 stepping 10 microcode 0xe0, cx8, cmov, fxsr, ht, mmx, 3dnowpref, sse, sse2, sse3, ssse3, sse4.1, sse4.2, popcnt, lzcnt, tsc, tscinvbit, avx, avx2, aes, erms, clmul, bmi1, bmi2, adx, fma, vzeroupper, clflush, clflushopt
Processor Information for all 8 processors :
  Max Mhz: 1801, Current Mhz: 1801, Mhz Limit: 1801

Memory: 4k page, system-wide physical 4007M (3M free)
TotalPageFile size 16295M (AvailPageFile size 12M)
current process WorkingSet (physical memory assigned to process): 17M, peak: 47M
current process commit charge ("private bytes"): 162M, peak: 162M

vm_info: OpenJDK 64-Bit Server VM (17.0.9+9) for windows-amd64 JRE (17.0.9+9), built on Oct 26 2023 14:01:42 by "admin" with MS VC++ 16.10 / 16.11 (VS2019)

END.
